{"/Users/omar/Documents/work/simple-poll/src/App.vue": {"path":"/Users/omar/Documents/work/simple-poll/src/App.vue","statementMap":{"0":{"start":{"line":4,"column":29},"end":{"line":4,"column":147}},"1":{"start":{"line":5,"column":0},"end":{"line":7,"column":3}},"2":{"start":{"line":8,"column":0},"end":{"line":8,"column":25}},"3":{"start":{"line":25,"column":0},"end":{"line":25,"column":13}},"4":{"start":{"line":27,"column":0},"end":{"line":29,"column":3}},"5":{"start":{"line":30,"column":0},"end":{"line":30,"column":24}},"6":{"start":{"line":31,"column":11},"end":{"line":31,"column":25}},"7":{"start":{"line":33,"column":30},"end":{"line":33,"column":68}},"8":{"start":{"line":34,"column":2},"end":{"line":34,"column":75}},"9":{"start":{"line":35,"column":2},"end":{"line":35,"column":49}}},"fnMap":{"0":{"name":"render","decl":{"start":{"line":32,"column":9},"end":{"line":32,"column":15}},"loc":{"start":{"line":32,"column":30},"end":{"line":35,"column":1}},"line":32}},"branchMap":{},"s":{"0":0,"1":0,"2":0,"3":0,"4":0,"5":0,"6":0,"7":0,"8":0,"9":0},"f":{"0":0},"b":{},"inputSourceMap":{"0":"{","1":"\"","2":"v","3":"e","4":"r","5":"s","6":"i","7":"o","8":"n","9":"\"","10":":","11":"3","12":",","13":"\"","14":"s","15":"o","16":"u","17":"r","18":"c","19":"e","20":"s","21":"\"","22":":","23":"[","24":"\"","25":"/","26":"U","27":"s","28":"e","29":"r","30":"s","31":"/","32":"o","33":"m","34":"a","35":"r","36":"/","37":"D","38":"o","39":"c","40":"u","41":"m","42":"e","43":"n","44":"t","45":"s","46":"/","47":"w","48":"o","49":"r","50":"k","51":"/","52":"s","53":"i","54":"m","55":"p","56":"l","57":"e","58":"-","59":"p","60":"o","61":"l","62":"l","63":"/","64":"s","65":"r","66":"c","67":"/","68":"A","69":"p","70":"p","71":".","72":"v","73":"u","74":"e","75":"\"","76":"]","77":",","78":"\"","79":"n","80":"a","81":"m","82":"e","83":"s","84":"\"","85":":","86":"[","87":"]","88":",","89":"\"","90":"m","91":"a","92":"p","93":"p","94":"i","95":"n","96":"g","97":"s","98":"\"","99":":","100":"\"","101":";","102":";","103":";","104":";","105":";","106":";","107":";","108":";","109":"A","110":"A","111":"K","112":"A","113":";","114":"A","115":"A","116":"A","117":"A","118":";","119":"A","120":"A","121":"A","122":"A","123":";","124":"A","125":"A","126":"A","127":"q","128":"D","129":";","130":"A","131":"A","132":"A","133":"A","134":",","135":"e","136":"A","137":"E","138":"t","139":"C","140":";","141":"E","142":"A","143":"C","144":"b","145":",","146":"I","147":"A","148":"A","149":"I","150":",","151":"E","152":"A","153":"A","154":"E","155":",","156":"K","157":"A","158":"A","159":"K","160":";","161":"E","162":"A","163":"C","164":"X","165":",","166":"U","167":"A","168":"A","169":"U","170":",","171":"E","172":"A","173":"A","174":"E","175":";","176":"I","177":"A","178":"C","179":"V","180":",","181":"Q","182":"A","183":"A","184":"Q","185":";","186":"I","187":"A","188":"A","189":"R","190":";","191":"I","192":"A","193":"A","194":"A","195":";","196":"I","197":"A","198":"A","199":"A","200":";","201":"I","202":"A","203":"A","204":"A","205":";","206":"E","207":"A","208":"C","209":"F","210":";","211":"A","212":"A","213":"C","214":"F","215":",","216":"C","217":"A","218":"A","219":"C","220":";","221":"A","222":"A","223":"A","224":"A","225":";","226":"A","227":"A","228":"A","229":"A","230":"\"","231":",","232":"\"","233":"f","234":"i","235":"l","236":"e","237":"\"","238":":","239":"\"","240":"/","241":"U","242":"s","243":"e","244":"r","245":"s","246":"/","247":"o","248":"m","249":"a","250":"r","251":"/","252":"D","253":"o","254":"c","255":"u","256":"m","257":"e","258":"n","259":"t","260":"s","261":"/","262":"w","263":"o","264":"r","265":"k","266":"/","267":"s","268":"i","269":"m","270":"p","271":"l","272":"e","273":"-","274":"p","275":"o","276":"l","277":"l","278":"/","279":"s","280":"r","281":"c","282":"/","283":"A","284":"p","285":"p","286":".","287":"v","288":"u","289":"e","290":"\"","291":",","292":"\"","293":"s","294":"o","295":"u","296":"r","297":"c","298":"e","299":"s","300":"C","301":"o","302":"n","303":"t","304":"e","305":"n","306":"t","307":"\"","308":":","309":"[","310":"\"","311":"<","312":"t","313":"e","314":"m","315":"p","316":"l","317":"a","318":"t","319":"e","320":">","321":"\\","322":"n","323":" ","324":" ","325":"<","326":"H","327":"o","328":"m","329":"e","330":"P","331":"a","332":"g","333":"e","334":" ","335":"/","336":">","337":"\\","338":"n","339":"<","340":"/","341":"t","342":"e","343":"m","344":"p","345":"l","346":"a","347":"t","348":"e","349":">","350":"\\","351":"n","352":"\\","353":"n","354":"<","355":"s","356":"c","357":"r","358":"i","359":"p","360":"t","361":">","362":"\\","363":"n","364":"i","365":"m","366":"p","367":"o","368":"r","369":"t","370":" ","371":"H","372":"o","373":"m","374":"e","375":"P","376":"a","377":"g","378":"e","379":" ","380":"f","381":"r","382":"o","383":"m","384":" ","385":"\\","386":"\"","387":".","388":"/","389":"v","390":"i","391":"e","392":"w","393":"s","394":"/","395":"H","396":"o","397":"m","398":"e","399":"P","400":"a","401":"g","402":"e","403":"/","404":"H","405":"o","406":"m","407":"e","408":"P","409":"a","410":"g","411":"e","412":".","413":"v","414":"u","415":"e","416":"\\","417":"\"","418":";","419":"\\","420":"n","421":"\\","422":"n","423":"e","424":"x","425":"p","426":"o","427":"r","428":"t","429":" ","430":"d","431":"e","432":"f","433":"a","434":"u","435":"l","436":"t","437":" ","438":"{","439":"\\","440":"n","441":" ","442":" ","443":"n","444":"a","445":"m","446":"e","447":":","448":" ","449":"\\","450":"\"","451":"A","452":"p","453":"p","454":"\\","455":"\"","456":",","457":"\\","458":"n","459":" ","460":" ","461":"c","462":"o","463":"m","464":"p","465":"o","466":"n","467":"e","468":"n","469":"t","470":"s","471":":","472":" ","473":"{","474":"\\","475":"n","476":" ","477":" ","478":" ","479":" ","480":"H","481":"o","482":"m","483":"e","484":"P","485":"a","486":"g","487":"e","488":",","489":"\\","490":"n","491":" ","492":" ","493":"}","494":",","495":"\\","496":"n","497":"}","498":";","499":"\\","500":"n","501":"<","502":"/","503":"s","504":"c","505":"r","506":"i","507":"p","508":"t","509":">","510":"\\","511":"n","512":"\\","513":"n","514":"<","515":"s","516":"t","517":"y","518":"l","519":"e","520":" ","521":"l","522":"a","523":"n","524":"g","525":"=","526":"\\","527":"\"","528":"s","529":"c","530":"s","531":"s","532":"\\","533":"\"","534":">","535":"\\","536":"n","537":"@","538":"i","539":"m","540":"p","541":"o","542":"r","543":"t","544":" ","545":"\\","546":"\"","547":"~","548":"@","549":"/","550":".","551":".","552":"/","553":"m","554":"d","555":"b","556":"/","557":"s","558":"c","559":"s","560":"s","561":"/","562":"i","563":"n","564":"d","565":"e","566":"x","567":".","568":"f","569":"r","570":"e","571":"e","572":".","573":"s","574":"c","575":"s","576":"s","577":"\\","578":"\"","579":";","580":"\\","581":"n","582":"#","583":"a","584":"p","585":"p","586":" ","587":"{","588":"\\","589":"n","590":" ","591":" ","592":"f","593":"o","594":"n","595":"t","596":"-","597":"f","598":"a","599":"m","600":"i","601":"l","602":"y","603":":","604":" ","605":"H","606":"e","607":"l","608":"v","609":"e","610":"t","611":"i","612":"c","613":"a","614":",","615":" ","616":"A","617":"r","618":"i","619":"a","620":"l","621":",","622":" ","623":"s","624":"a","625":"n","626":"s","627":"-","628":"s","629":"e","630":"r","631":"i","632":"f","633":";","634":"\\","635":"n","636":" ","637":" ","638":"f","639":"o","640":"n","641":"t","642":"-","643":"s","644":"i","645":"z","646":"e","647":":","648":" ","649":"1","650":"5","651":"p","652":"x","653":";","654":"\\","655":"n","656":" ","657":" ","658":"-","659":"w","660":"e","661":"b","662":"k","663":"i","664":"t","665":"-","666":"f","667":"o","668":"n","669":"t","670":"-","671":"s","672":"m","673":"o","674":"o","675":"t","676":"h","677":"i","678":"n","679":"g","680":":","681":" ","682":"a","683":"n","684":"t","685":"i","686":"a","687":"l","688":"i","689":"a","690":"s","691":"e","692":"d","693":";","694":"\\","695":"n","696":" ","697":" ","698":"-","699":"m","700":"o","701":"z","702":"-","703":"o","704":"s","705":"x","706":"-","707":"f","708":"o","709":"n","710":"t","711":"-","712":"s","713":"m","714":"o","715":"o","716":"t","717":"h","718":"i","719":"n","720":"g","721":":","722":" ","723":"g","724":"r","725":"a","726":"y","727":"s","728":"c","729":"a","730":"l","731":"e","732":";","733":"\\","734":"n","735":" ","736":" ","737":"t","738":"e","739":"x","740":"t","741":"-","742":"a","743":"l","744":"i","745":"g","746":"n","747":":","748":" ","749":"c","750":"e","751":"n","752":"t","753":"e","754":"r","755":";","756":"\\","757":"n","758":"}","759":"\\","760":"n","761":"b","762":"o","763":"d","764":"y","765":",","766":"\\","767":"n","768":"h","769":"t","770":"m","771":"l","772":" ","773":"{","774":"\\","775":"n","776":" ","777":" ","778":"h","779":"e","780":"i","781":"g","782":"h","783":"t","784":":","785":" ","786":"1","787":"0","788":"0","789":"%","790":";","791":"\\","792":"n","793":" ","794":" ","795":"m","796":"a","797":"r","798":"g","799":"i","800":"n","801":":","802":" ","803":"0","804":";","805":"\\","806":"n","807":"}","808":"\\","809":"n","810":"<","811":"/","812":"s","813":"t","814":"y","815":"l","816":"e","817":">","818":"\\","819":"n","820":"\"","821":"]","822":"}"}}
,"/Users/omar/Documents/work/simple-poll/src/main.js": {"path":"/Users/omar/Documents/work/simple-poll/src/main.js","statementMap":{"0":{"start":{"line":5,"column":14},"end":{"line":5,"column":27}},"1":{"start":{"line":6,"column":12},"end":{"line":6,"column":26}},"2":{"start":{"line":8,"column":0},"end":{"line":8,"column":15}},"3":{"start":{"line":9,"column":0},"end":{"line":9,"column":18}}},"fnMap":{},"branchMap":{},"s":{"0":0,"1":0,"2":0,"3":0},"f":{},"b":{}}
,"/Users/omar/Documents/work/simple-poll/src/components/PollChart/PollChart.vue": {"path":"/Users/omar/Documents/work/simple-poll/src/components/PollChart/PollChart.vue","statementMap":{"0":{"start":{"line":4,"column":0},"end":{"line":6,"column":3}},"1":{"start":{"line":7,"column":0},"end":{"line":7,"column":25}},"2":{"start":{"line":103,"column":0},"end":{"line":103,"column":13}},"3":{"start":{"line":105,"column":0},"end":{"line":107,"column":3}},"4":{"start":{"line":108,"column":0},"end":{"line":108,"column":24}},"5":{"start":{"line":109,"column":11},"end":{"line":109,"column":25}},"6":{"start":{"line":110,"column":19},"end":{"line":112,"column":1}},"7":{"start":{"line":113,"column":19},"end":{"line":115,"column":1}},"8":{"start":{"line":117,"column":25},"end":{"line":117,"column":58}},"9":{"start":{"line":118,"column":2},"end":{"line":124,"column":82}},"10":{"start":{"line":125,"column":2},"end":{"line":125,"column":49}}},"fnMap":{"0":{"name":"render","decl":{"start":{"line":116,"column":9},"end":{"line":116,"column":15}},"loc":{"start":{"line":116,"column":30},"end":{"line":125,"column":1}},"line":116}},"branchMap":{},"s":{"0":1,"1":1,"2":1,"3":1,"4":1,"5":1,"6":1,"7":1,"8":0,"9":0,"10":1},"f":{"0":0},"b":{},"inputSourceMap":{"0":"{","1":"\"","2":"v","3":"e","4":"r","5":"s","6":"i","7":"o","8":"n","9":"\"","10":":","11":"3","12":",","13":"\"","14":"s","15":"o","16":"u","17":"r","18":"c","19":"e","20":"s","21":"\"","22":":","23":"[","24":"\"","25":"/","26":"U","27":"s","28":"e","29":"r","30":"s","31":"/","32":"o","33":"m","34":"a","35":"r","36":"/","37":"D","38":"o","39":"c","40":"u","41":"m","42":"e","43":"n","44":"t","45":"s","46":"/","47":"w","48":"o","49":"r","50":"k","51":"/","52":"s","53":"i","54":"m","55":"p","56":"l","57":"e","58":"-","59":"p","60":"o","61":"l","62":"l","63":"/","64":"s","65":"r","66":"c","67":"/","68":"c","69":"o","70":"m","71":"p","72":"o","73":"n","74":"e","75":"n","76":"t","77":"s","78":"/","79":"P","80":"o","81":"l","82":"l","83":"C","84":"h","85":"a","86":"r","87":"t","88":"/","89":"P","90":"o","91":"l","92":"l","93":"C","94":"h","95":"a","96":"r","97":"t","98":".","99":"v","100":"u","101":"e","102":"\"","103":"]","104":",","105":"\"","106":"n","107":"a","108":"m","109":"e","110":"s","111":"\"","112":":","113":"[","114":"]","115":",","116":"\"","117":"m","118":"a","119":"p","120":"p","121":"i","122":"n","123":"g","124":"s","125":"\"","126":":","127":"\"","128":";","129":";","130":";","131":";","132":";","133":";","134":";","135":"A","136":"A","137":"e","138":"A","139":";","140":"A","141":"A","142":"A","143":"A","144":";","145":"A","146":"A","147":"A","148":"A","149":";","150":"A","151":"A","152":"C","153":"A","154":";","155":"A","156":"A","157":"A","158":"A","159":";","160":"A","161":"A","162":"A","163":"A","164":";","165":"A","166":"A","167":"C","168":"A","169":";","170":"A","171":"A","172":"A","173":"A","174":";","175":"A","176":"A","177":"A","178":"A","179":";","180":"A","181":"A","182":"C","183":"A","184":";","185":"A","186":"A","187":"A","188":"A","189":";","190":"A","191":"A","192":"A","193":"A","194":";","195":"A","196":"A","197":"U","198":"A","199":";","200":"A","201":"A","202":"A","203":"A","204":";","205":"A","206":"A","207":"A","208":"A","209":";","210":"A","211":"A","212":"A","213":"A","214":",","215":"K","216":"A","217":"A","218":"O","219":",","220":"C","221":"A","222":"A","223":"C","224":",","225":"Q","226":"A","227":"A","228":"Q","229":";","230":"A","231":"A","232":"C","233":"d","234":";","235":"A","236":"A","237":"A","238":"A","239":";","240":"A","241":"A","242":"A","243":"A","244":";","245":"A","246":"A","247":"A","248":"A","249":",","250":"K","251":"A","252":"A","253":"K","254":";","255":"A","256":"A","257":"C","258":"L","259":";","260":"A","261":"A","262":"A","263":"A","264":";","265":"A","266":"A","267":"A","268":"A","269":";","270":"A","271":"A","272":"A","273":"A","274":",","275":"O","276":"A","277":"A","278":"O","279":";","280":"A","281":"A","282":"C","283":"P","284":";","285":"A","286":"A","287":"A","288":"A","289":";","290":"A","291":"A","292":"A","293":"A","294":";","295":"A","296":"A","297":"A","298":"A","299":",","300":"M","301":"A","302":"A","303":"M","304":";","305":"A","306":"A","307":"C","308":"N","309":";","310":"A","311":"A","312":"A","313":"A","314":";","315":"A","316":"A","317":"A","318":"A","319":";","320":"A","321":"A","322":"A","323":"A","324":",","325":"U","326":"A","327":"A","328":"U","329":";","330":"A","331":"A","332":"C","333":"V","334":";","335":"A","336":"A","337":"A","338":"A","339":";","340":"A","341":"A","342":"A","343":"A","344":";","345":"A","346":"A","347":"A","348":"A","349":",","350":"a","351":"A","352":"A","353":"a","354":";","355":"A","356":"A","357":"C","358":"b","359":";","360":"A","361":"A","362":"A","363":"A","364":";","365":"A","366":"A","367":"A","368":"A","369":";","370":"A","371":"A","372":"A","373":"A","374":",","375":"W","376":"A","377":"A","378":"W","379":",","380":"C","381":"A","382":"C","383":"Z","384":";","385":"A","386":"A","387":"A","388":"C","389":";","390":"A","391":"A","392":"A","393":"A","394":",","395":"e","396":"A","397":"E","398":"a","399":";","400":"E","401":"A","402":"C","403":"b","404":",","405":"I","406":"A","407":"A","408":"I","409":",","410":"E","411":"A","412":"A","413":"E","414":",","415":"W","416":"A","417":"A","418":"W","419":";","420":"E","421":"A","422":"C","423":"j","424":"B","425":",","426":"U","427":"A","428":"A","429":"U","430":",","431":"E","432":"A","433":"A","434":"E","435":";","436":"I","437":"A","438":"C","439":"V","440":",","441":"G","442":"A","443":"A","444":"G","445":";","446":"I","447":"A","448":"A","449":"H","450":";","451":"I","452":"A","453":"A","454":"A","455":";","456":"I","457":"A","458":"A","459":"A","460":";","461":"I","462":"A","463":"A","464":"A","465":";","466":"E","467":"A","468":"C","469":"F","470":",","471":"C","472":"A","473":"A","474":"C","475":";","476":"E","477":"A","478":"C","479":"D","480":",","481":"K","482":"A","483":"A","484":"K","485":",","486":"E","487":"A","488":"A","489":"E","490":";","491":"I","492":"A","493":"C","494":"L","495":",","496":"K","497":"A","498":"A","499":"K","500":",","501":"E","502":"A","503":"A","504":"E","505":";","506":"M","507":"A","508":"C","509":"L","510":",","511":"I","512":"A","513":"A","514":"I","515":",","516":"E","517":"A","518":"A","519":"E","520":",","521":"M","522":"A","523":"A","524":"M","525":";","526":"M","527":"A","528":"C","529":"Z","530":",","531":"O","532":"A","533":"A","534":"O","535":",","536":"E","537":"A","538":"A","539":"E","540":";","541":"I","542":"A","543":"C","544":"X","545":",","546":"C","547":"A","548":"A","549":"C","550":";","551":"I","552":"A","553":"C","554":"D","555":",","556":"M","557":"A","558":"A","559":"M","560":",","561":"E","562":"A","563":"A","564":"E","565":";","566":"M","567":"A","568":"C","569":"N","570":",","571":"I","572":"A","573":"A","574":"I","575":",","576":"E","577":"A","578":"A","579":"E","580":",","581":"M","582":"A","583":"A","584":"M","585":";","586":"M","587":"A","588":"C","589":"Z","590":",","591":"O","592":"A","593":"A","594":"O","595":",","596":"E","597":"A","598":"A","599":"E","600":";","601":"I","602":"A","603":"C","604":"X","605":";","606":"E","607":"A","608":"C","609":"F","610":",","611":"C","612":"A","613":"A","614":"C","615":";","616":"E","617":"A","618":"C","619":"D","620":",","621":"Q","622":"A","623":"A","624":"Q","625":",","626":"E","627":"A","628":"A","629":"E","630":";","631":"I","632":"A","633":"C","634":"R","635":";","636":"I","637":"A","638":"A","639":"G","640":";","641":"I","642":"A","643":"A","644":"A","645":";","646":"I","647":"A","648":"A","649":"A","650":";","651":"I","652":"A","653":"A","654":"A","655":";","656":"I","657":"A","658":"A","659":"A","660":";","661":"I","662":"A","663":"A","664":"A","665":",","666":"Q","667":"A","668":"A","669":"Q","670":";","671":"I","672":"A","673":"A","674":"C","675":";","676":"I","677":"A","678":"A","679":"A","680":";","681":"I","682":"A","683":"A","684":"A","685":";","686":"I","687":"A","688":"A","689":"A","690":",","691":"Y","692":"A","693":"A","694":"Y","695":",","696":"E","697":"A","698":"A","699":"E","700":",","701":"C","702":"A","703":"A","704":"C","705":",","706":"Y","707":"A","708":"A","709":"Y","710":",","711":"E","712":"A","713":"A","714":"E","715":",","716":"c","717":"A","718":"A","719":"c","720":",","721":"C","722":"A","723":"A","724":"C","725":",","726":"C","727":"A","728":"A","729":"C","730":";","731":"I","732":"A","733":"C","734":"z","735":"D","736":";","737":"I","738":"A","739":"C","740":"A","741":",","742":"S","743":"A","744":"A","745":"S","746":",","747":"G","748":"A","749":"A","750":"G","751":";","752":"M","753":"A","754":"C","755":"V","756":",","757":"O","758":"A","759":"A","760":"O","761":";","762":"Q","763":"A","764":"C","765":"L","766":",","767":"M","768":"A","769":"A","770":"M","771":",","772":"E","773":"A","774":"A","775":"E","776":",","777":"I","778":"A","779":"A","780":"I","781":",","782":"C","783":"A","784":"A","785":"C","786":",","787":"Y","788":"A","789":"A","790":"Y","791":";","792":"Q","793":"A","794":"C","795":"z","796":"B","797":",","798":"Q","799":"A","800":"A","801":"Q","802":",","803":"E","804":"A","805":"A","806":"E","807":",","808":"C","809":"A","810":"C","811":"R","812":";","813":"U","814":"A","815":"C","816":"E","817":",","818":"K","819":"A","820":"A","821":"K","822":",","823":"E","824":"A","825":"A","826":"E","827":",","828":"I","829":"A","830":"A","831":"I","832":",","833":"C","834":"A","835":"A","836":"C","837":",","838":"U","839":"A","840":"A","841":"U","842":",","843":"C","844":"A","845":"A","846":"C","847":",","848":"K","849":"A","850":"A","851":"K","852":";","853":"U","854":"A","855":"C","856":"5","857":"B","858":",","859":"I","860":"A","861":"A","862":"I","863":",","864":"E","865":"A","866":"A","867":"E","868":",","869":"I","870":"A","871":"A","872":"I","873":",","874":"C","875":"A","876":"A","877":"C","878":",","879":"U","880":"A","881":"A","882":"U","883":",","884":"C","885":"A","886":"A","887":"C","888":",","889":"O","890":"A","891":"A","892":"O","893":";","894":"U","895":"A","896":"C","897":"7","898":"B","899":",","900":"e","901":"A","902":"A","903":"e","904":",","905":"E","906":"A","907":"A","908":"E","909":",","910":"I","911":"A","912":"A","913":"I","914":",","915":"C","916":"A","917":"A","918":"C","919":",","920":"U","921":"A","922":"A","923":"U","924":",","925":"C","926":"A","927":"A","928":"C","929":",","930":"e","931":"A","932":"A","933":"e","934":";","935":"U","936":"A","937":"C","938":"h","939":"D","940":",","941":"W","942":"A","943":"A","944":"W","945":",","946":"E","947":"A","948":"A","949":"E","950":",","951":"I","952":"A","953":"A","954":"I","955":",","956":"C","957":"A","958":"A","959":"C","960":",","961":"U","962":"A","963":"A","964":"U","965":",","966":"C","967":"A","968":"A","969":"C","970":",","971":"W","972":"A","973":"A","974":"W","975":";","976":"U","977":"A","978":"C","979":"x","980":"C","981":",","982":"W","983":"A","984":"A","985":"W","986":",","987":"E","988":"A","989":"A","990":"E","991":",","992":"I","993":"A","994":"A","995":"I","996":",","997":"C","998":"A","999":"A","1000":"C","1001":",","1002":"U","1003":"A","1004":"A","1005":"U","1006":",","1007":"C","1008":"A","1009":"A","1010":"C","1011":";","1012":"Q","1013":"A","1014":"C","1015":"/","1016":"B","1017":",","1018":"C","1019":"A","1020":"A","1021":"C","1022":";","1023":"M","1024":"A","1025":"E","1026":"L","1027":",","1028":"C","1029":"A","1030":"A","1031":"C","1032":";","1033":"I","1034":"A","1035":"C","1036":"H","1037":",","1038":"C","1039":"A","1040":"A","1041":"C","1042":";","1043":"I","1044":"A","1045":"C","1046":"D","1047":";","1048":"I","1049":"A","1050":"C","1051":"A","1052":",","1053":"Y","1054":"A","1055":"A","1056":"Y","1057":",","1058":"G","1059":"A","1060":"A","1061":"G","1062":";","1063":"M","1064":"A","1065":"C","1066":"b","1067":",","1068":"O","1069":"A","1070":"A","1071":"O","1072":";","1073":"Q","1074":"A","1075":"C","1076":"L","1077":",","1078":"U","1079":"A","1080":"A","1081":"U","1082":",","1083":"E","1084":"A","1085":"A","1086":"E","1087":";","1088":"M","1089":"A","1090":"C","1091":"d","1092":",","1093":"C","1094":"A","1095":"A","1096":"C","1097":";","1098":"I","1099":"A","1100":"C","1101":"H","1102":";","1103":"E","1104":"A","1105":"C","1106":"F","1107":";","1108":"A","1109":"A","1110":"C","1111":"F","1112":",","1113":"C","1114":"A","1115":"A","1116":"C","1117":";","1118":"A","1119":"A","1120":"A","1121":"A","1122":";","1123":"A","1124":"A","1125":"A","1126":"A","1127":"\"","1128":",","1129":"\"","1130":"f","1131":"i","1132":"l","1133":"e","1134":"\"","1135":":","1136":"\"","1137":"/","1138":"U","1139":"s","1140":"e","1141":"r","1142":"s","1143":"/","1144":"o","1145":"m","1146":"a","1147":"r","1148":"/","1149":"D","1150":"o","1151":"c","1152":"u","1153":"m","1154":"e","1155":"n","1156":"t","1157":"s","1158":"/","1159":"w","1160":"o","1161":"r","1162":"k","1163":"/","1164":"s","1165":"i","1166":"m","1167":"p","1168":"l","1169":"e","1170":"-","1171":"p","1172":"o","1173":"l","1174":"l","1175":"/","1176":"s","1177":"r","1178":"c","1179":"/","1180":"c","1181":"o","1182":"m","1183":"p","1184":"o","1185":"n","1186":"e","1187":"n","1188":"t","1189":"s","1190":"/","1191":"P","1192":"o","1193":"l","1194":"l","1195":"C","1196":"h","1197":"a","1198":"r","1199":"t","1200":"/","1201":"P","1202":"o","1203":"l","1204":"l","1205":"C","1206":"h","1207":"a","1208":"r","1209":"t","1210":".","1211":"v","1212":"u","1213":"e","1214":"\"","1215":",","1216":"\"","1217":"s","1218":"o","1219":"u","1220":"r","1221":"c","1222":"e","1223":"s","1224":"C","1225":"o","1226":"n","1227":"t","1228":"e","1229":"n","1230":"t","1231":"\"","1232":":","1233":"[","1234":"\"","1235":"<","1236":"t","1237":"e","1238":"m","1239":"p","1240":"l","1241":"a","1242":"t","1243":"e","1244":">","1245":"\\","1246":"n","1247":" ","1248":" ","1249":"<","1250":"d","1251":"i","1252":"v","1253":" ","1254":"c","1255":"l","1256":"a","1257":"s","1258":"s","1259":"=","1260":"\\","1261":"\"","1262":"c","1263":"a","1264":"r","1265":"d","1266":"\\","1267":"\"","1268":">","1269":"\\","1270":"n","1271":" ","1272":" ","1273":" ","1274":" ","1275":"<","1276":"d","1277":"i","1278":"v","1279":" ","1280":"c","1281":"l","1282":"a","1283":"s","1284":"s","1285":"=","1286":"\\","1287":"\"","1288":"c","1289":"a","1290":"r","1291":"d","1292":"-","1293":"b","1294":"o","1295":"d","1296":"y","1297":"\\","1298":"\"","1299":">","1300":"\\","1301":"n","1302":" ","1303":" ","1304":" ","1305":" ","1306":" ","1307":" ","1308":"<","1309":"B","1310":"a","1311":"r","1312":"\\","1313":"n","1314":" ","1315":" ","1316":" ","1317":" ","1318":" ","1319":" ","1320":" ","1321":" ","1322":"t","1323":"e","1324":"s","1325":"t","1326":"-","1327":"d","1328":"a","1329":"t","1330":"a","1331":"-","1332":"i","1333":"d","1334":"=","1335":"\\","1336":"\"","1337":"b","1338":"a","1339":"r","1340":"-","1341":"c","1342":"o","1343":"m","1344":"p","1345":"o","1346":"n","1347":"e","1348":"n","1349":"t","1350":"\\","1351":"\"","1352":"\\","1353":"n","1354":" ","1355":" ","1356":" ","1357":" ","1358":" ","1359":" ","1360":" ","1361":" ","1362":":","1363":"c","1364":"h","1365":"a","1366":"r","1367":"t","1368":"-","1369":"o","1370":"p","1371":"t","1372":"i","1373":"o","1374":"n","1375":"s","1376":"=","1377":"\\","1378":"\"","1379":"c","1380":"h","1381":"a","1382":"r","1383":"t","1384":"O","1385":"p","1386":"t","1387":"i","1388":"o","1389":"n","1390":"s","1391":"\\","1392":"\"","1393":"\\","1394":"n","1395":" ","1396":" ","1397":" ","1398":" ","1399":" ","1400":" ","1401":" ","1402":" ","1403":":","1404":"c","1405":"h","1406":"a","1407":"r","1408":"t","1409":"-","1410":"d","1411":"a","1412":"t","1413":"a","1414":"=","1415":"\\","1416":"\"","1417":"c","1418":"h","1419":"a","1420":"r","1421":"t","1422":"D","1423":"a","1424":"t","1425":"a","1426":"\\","1427":"\"","1428":"\\","1429":"n","1430":" ","1431":" ","1432":" ","1433":" ","1434":" ","1435":" ","1436":" ","1437":" ","1438":":","1439":"w","1440":"i","1441":"d","1442":"t","1443":"h","1444":"=","1445":"\\","1446":"\"","1447":"w","1448":"i","1449":"d","1450":"t","1451":"h","1452":"\\","1453":"\"","1454":"\\","1455":"n","1456":" ","1457":" ","1458":" ","1459":" ","1460":" ","1461":" ","1462":" ","1463":" ","1464":":","1465":"h","1466":"e","1467":"i","1468":"g","1469":"h","1470":"t","1471":"=","1472":"\\","1473":"\"","1474":"h","1475":"e","1476":"i","1477":"g","1478":"h","1479":"t","1480":"\\","1481":"\"","1482":"\\","1483":"n","1484":" ","1485":" ","1486":" ","1487":" ","1488":" ","1489":" ","1490":"/","1491":">","1492":"\\","1493":"n","1494":" ","1495":" ","1496":" ","1497":" ","1498":"<","1499":"/","1500":"d","1501":"i","1502":"v","1503":">","1504":"\\","1505":"n","1506":" ","1507":" ","1508":"<","1509":"/","1510":"d","1511":"i","1512":"v","1513":">","1514":"\\","1515":"n","1516":"<","1517":"/","1518":"t","1519":"e","1520":"m","1521":"p","1522":"l","1523":"a","1524":"t","1525":"e","1526":">","1527":"\\","1528":"n","1529":"\\","1530":"n","1531":"<","1532":"s","1533":"c","1534":"r","1535":"i","1536":"p","1537":"t","1538":">","1539":"\\","1540":"n","1541":"i","1542":"m","1543":"p","1544":"o","1545":"r","1546":"t","1547":" ","1548":"{","1549":" ","1550":"m","1551":"a","1552":"p","1553":"S","1554":"t","1555":"a","1556":"t","1557":"e","1558":" ","1559":"}","1560":" ","1561":"f","1562":"r","1563":"o","1564":"m","1565":" ","1566":"\\","1567":"\"","1568":"p","1569":"i","1570":"n","1571":"i","1572":"a","1573":"\\","1574":"\"","1575":";","1576":"\\","1577":"n","1578":"i","1579":"m","1580":"p","1581":"o","1582":"r","1583":"t","1584":" ","1585":"{","1586":" ","1587":"u","1588":"s","1589":"e","1590":"P","1591":"o","1592":"l","1593":"l","1594":"S","1595":"t","1596":"o","1597":"r","1598":"e","1599":" ","1600":"}","1601":" ","1602":"f","1603":"r","1604":"o","1605":"m","1606":" ","1607":"\\","1608":"\"","1609":"@","1610":"/","1611":"s","1612":"t","1613":"o","1614":"r","1615":"e","1616":"s","1617":"/","1618":"P","1619":"o","1620":"l","1621":"l","1622":"S","1623":"t","1624":"o","1625":"r","1626":"e","1627":"\\","1628":"\"","1629":";","1630":"\\","1631":"n","1632":"i","1633":"m","1634":"p","1635":"o","1636":"r","1637":"t","1638":" ","1639":"{","1640":" ","1641":"B","1642":"a","1643":"r","1644":" ","1645":"}","1646":" ","1647":"f","1648":"r","1649":"o","1650":"m","1651":" ","1652":"\\","1653":"\"","1654":"v","1655":"u","1656":"e","1657":"-","1658":"c","1659":"h","1660":"a","1661":"r","1662":"t","1663":"j","1664":"s","1665":"\\","1666":"\"","1667":";","1668":"\\","1669":"n","1670":"i","1671":"m","1672":"p","1673":"o","1674":"r","1675":"t","1676":" ","1677":"{","1678":"\\","1679":"n","1680":" ","1681":" ","1682":"C","1683":"h","1684":"a","1685":"r","1686":"t","1687":" ","1688":"a","1689":"s","1690":" ","1691":"C","1692":"h","1693":"a","1694":"r","1695":"t","1696":"J","1697":"S","1698":",","1699":"\\","1700":"n","1701":" ","1702":" ","1703":"T","1704":"i","1705":"t","1706":"l","1707":"e","1708":",","1709":"\\","1710":"n","1711":" ","1712":" ","1713":"T","1714":"o","1715":"o","1716":"l","1717":"t","1718":"i","1719":"p","1720":",","1721":"\\","1722":"n","1723":" ","1724":" ","1725":"L","1726":"e","1727":"g","1728":"e","1729":"n","1730":"d","1731":",","1732":"\\","1733":"n","1734":" ","1735":" ","1736":"B","1737":"a","1738":"r","1739":"E","1740":"l","1741":"e","1742":"m","1743":"e","1744":"n","1745":"t","1746":",","1747":"\\","1748":"n","1749":" ","1750":" ","1751":"C","1752":"a","1753":"t","1754":"e","1755":"g","1756":"o","1757":"r","1758":"y","1759":"S","1760":"c","1761":"a","1762":"l","1763":"e","1764":",","1765":"\\","1766":"n","1767":" ","1768":" ","1769":"L","1770":"i","1771":"n","1772":"e","1773":"a","1774":"r","1775":"S","1776":"c","1777":"a","1778":"l","1779":"e","1780":",","1781":"\\","1782":"n","1783":"}","1784":" ","1785":"f","1786":"r","1787":"o","1788":"m","1789":" ","1790":"\\","1791":"\"","1792":"c","1793":"h","1794":"a","1795":"r","1796":"t","1797":".","1798":"j","1799":"s","1800":"\\","1801":"\"","1802":";","1803":"\\","1804":"n","1805":"\\","1806":"n","1807":"C","1808":"h","1809":"a","1810":"r","1811":"t","1812":"J","1813":"S","1814":".","1815":"r","1816":"e","1817":"g","1818":"i","1819":"s","1820":"t","1821":"e","1822":"r","1823":"(","1824":"\\","1825":"n","1826":" ","1827":" ","1828":"T","1829":"i","1830":"t","1831":"l","1832":"e","1833":",","1834":"\\","1835":"n","1836":" ","1837":" ","1838":"T","1839":"o","1840":"o","1841":"l","1842":"t","1843":"i","1844":"p","1845":",","1846":"\\","1847":"n","1848":" ","1849":" ","1850":"L","1851":"e","1852":"g","1853":"e","1854":"n","1855":"d","1856":",","1857":"\\","1858":"n","1859":" ","1860":" ","1861":"B","1862":"a","1863":"r","1864":"E","1865":"l","1866":"e","1867":"m","1868":"e","1869":"n","1870":"t","1871":",","1872":"\\","1873":"n","1874":" ","1875":" ","1876":"C","1877":"a","1878":"t","1879":"e","1880":"g","1881":"o","1882":"r","1883":"y","1884":"S","1885":"c","1886":"a","1887":"l","1888":"e","1889":",","1890":"\\","1891":"n","1892":" ","1893":" ","1894":"L","1895":"i","1896":"n","1897":"e","1898":"a","1899":"r","1900":"S","1901":"c","1902":"a","1903":"l","1904":"e","1905":"\\","1906":"n","1907":")","1908":";","1909":"\\","1910":"n","1911":"\\","1912":"n","1913":"e","1914":"x","1915":"p","1916":"o","1917":"r","1918":"t","1919":" ","1920":"d","1921":"e","1922":"f","1923":"a","1924":"u","1925":"l","1926":"t","1927":" ","1928":"{","1929":"\\","1930":"n","1931":" ","1932":" ","1933":"n","1934":"a","1935":"m","1936":"e","1937":":","1938":" ","1939":"\\","1940":"\"","1941":"P","1942":"o","1943":"l","1944":"l","1945":"C","1946":"h","1947":"a","1948":"r","1949":"t","1950":"\\","1951":"\"","1952":",","1953":"\\","1954":"n","1955":" ","1956":" ","1957":"c","1958":"o","1959":"m","1960":"p","1961":"o","1962":"n","1963":"e","1964":"n","1965":"t","1966":"s","1967":":","1968":" ","1969":"{","1970":"\\","1971":"n","1972":" ","1973":" ","1974":" ","1975":" ","1976":"B","1977":"a","1978":"r","1979":",","1980":"\\","1981":"n","1982":" ","1983":" ","1984":"}","1985":",","1986":"\\","1987":"n","1988":" ","1989":" ","1990":"p","1991":"r","1992":"o","1993":"p","1994":"s","1995":":","1996":" ","1997":"{","1998":"\\","1999":"n","2000":" ","2001":" ","2002":" ","2003":" ","2004":"w","2005":"i","2006":"d","2007":"t","2008":"h","2009":":","2010":" ","2011":"{","2012":"\\","2013":"n","2014":" ","2015":" ","2016":" ","2017":" ","2018":" ","2019":" ","2020":"t","2021":"y","2022":"p","2023":"e","2024":":","2025":" ","2026":"N","2027":"u","2028":"m","2029":"b","2030":"e","2031":"r","2032":",","2033":"\\","2034":"n","2035":" ","2036":" ","2037":" ","2038":" ","2039":" ","2040":" ","2041":"d","2042":"e","2043":"f","2044":"a","2045":"u","2046":"l","2047":"t","2048":":","2049":" ","2050":"4","2051":"0","2052":"0","2053":",","2054":"\\","2055":"n","2056":" ","2057":" ","2058":" ","2059":" ","2060":"}","2061":",","2062":"\\","2063":"n","2064":" ","2065":" ","2066":" ","2067":" ","2068":"h","2069":"e","2070":"i","2071":"g","2072":"h","2073":"t","2074":":","2075":" ","2076":"{","2077":"\\","2078":"n","2079":" ","2080":" ","2081":" ","2082":" ","2083":" ","2084":" ","2085":"t","2086":"y","2087":"p","2088":"e","2089":":","2090":" ","2091":"N","2092":"u","2093":"m","2094":"b","2095":"e","2096":"r","2097":",","2098":"\\","2099":"n","2100":" ","2101":" ","2102":" ","2103":" ","2104":" ","2105":" ","2106":"d","2107":"e","2108":"f","2109":"a","2110":"u","2111":"l","2112":"t","2113":":","2114":" ","2115":"4","2116":"0","2117":"0","2118":",","2119":"\\","2120":"n","2121":" ","2122":" ","2123":" ","2124":" ","2125":"}","2126":",","2127":"\\","2128":"n","2129":" ","2130":" ","2131":"}","2132":",","2133":"\\","2134":"n","2135":" ","2136":" ","2137":"c","2138":"o","2139":"m","2140":"p","2141":"u","2142":"t","2143":"e","2144":"d","2145":":","2146":" ","2147":"{","2148":"\\","2149":"n","2150":" ","2151":" ","2152":" ","2153":" ","2154":".","2155":".","2156":".","2157":"m","2158":"a","2159":"p","2160":"S","2161":"t","2162":"a","2163":"t","2164":"e","2165":"(","2166":"u","2167":"s","2168":"e","2169":"P","2170":"o","2171":"l","2172":"l","2173":"S","2174":"t","2175":"o","2176":"r","2177":"e","2178":",","2179":" ","2180":"[","2181":"\\","2182":"\"","2183":"c","2184":"h","2185":"a","2186":"r","2187":"t","2188":"S","2189":"t","2190":"a","2191":"t","2192":"e","2193":"\\","2194":"\"","2195":",","2196":" ","2197":"\\","2198":"\"","2199":"c","2200":"h","2201":"a","2202":"r","2203":"t","2204":"X","2205":"V","2206":"a","2207":"l","2208":"u","2209":"e","2210":"s","2211":"\\","2212":"\"","2213":"]","2214":")","2215":",","2216":"\\","2217":"n","2218":" ","2219":" ","2220":" ","2221":" ","2222":"/","2223":"/","2224":" ","2225":"C","2226":"o","2227":"m","2228":"p","2229":"u","2230":"t","2231":"e","2232":" ","2233":"c","2234":"h","2235":"a","2236":"r","2237":"t","2238":" ","2239":"d","2240":"a","2241":"t","2242":"a","2243":" ","2244":"f","2245":"r","2246":"o","2247":"m","2248":" ","2249":"s","2250":"t","2251":"o","2252":"r","2253":"e","2254":"\\","2255":"n","2256":" ","2257":" ","2258":" ","2259":" ","2260":"c","2261":"h","2262":"a","2263":"r","2264":"t","2265":"D","2266":"a","2267":"t","2268":"a","2269":"(","2270":")","2271":" ","2272":"{","2273":"\\","2274":"n","2275":" ","2276":" ","2277":" ","2278":" ","2279":" ","2280":" ","2281":"r","2282":"e","2283":"t","2284":"u","2285":"r","2286":"n","2287":" ","2288":"{","2289":"\\","2290":"n","2291":" ","2292":" ","2293":" ","2294":" ","2295":" ","2296":" ","2297":" ","2298":" ","2299":"l","2300":"a","2301":"b","2302":"e","2303":"l","2304":"s","2305":":","2306":" ","2307":"t","2308":"h","2309":"i","2310":"s","2311":".","2312":"c","2313":"h","2314":"a","2315":"r","2316":"t","2317":"X","2318":"V","2319":"a","2320":"l","2321":"u","2322":"e","2323":"s","2324":",","2325":"\\","2326":"n","2327":" ","2328":" ","2329":" ","2330":" ","2331":" ","2332":" ","2333":" ","2334":" ","2335":"d","2336":"a","2337":"t","2338":"a","2339":"s","2340":"e","2341":"t","2342":"s","2343":":","2344":" ","2345":"[","2346":"\\","2347":"n","2348":" ","2349":" ","2350":" ","2351":" ","2352":" ","2353":" ","2354":" ","2355":" ","2356":" ","2357":" ","2358":"{","2359":"\\","2360":"n","2361":" ","2362":" ","2363":" ","2364":" ","2365":" ","2366":" ","2367":" ","2368":" ","2369":" ","2370":" ","2371":" ","2372":" ","2373":"l","2374":"a","2375":"b","2376":"e","2377":"l","2378":":","2379":" ","2380":"t","2381":"h","2382":"i","2383":"s","2384":".","2385":"c","2386":"h","2387":"a","2388":"r","2389":"t","2390":"S","2391":"t","2392":"a","2393":"t","2394":"e","2395":".","2396":"l","2397":"a","2398":"b","2399":"e","2400":"l","2401":",","2402":"\\","2403":"n","2404":" ","2405":" ","2406":" ","2407":" ","2408":" ","2409":" ","2410":" ","2411":" ","2412":" ","2413":" ","2414":" ","2415":" ","2416":"d","2417":"a","2418":"t","2419":"a","2420":":","2421":" ","2422":"t","2423":"h","2424":"i","2425":"s","2426":".","2427":"c","2428":"h","2429":"a","2430":"r","2431":"t","2432":"S","2433":"t","2434":"a","2435":"t","2436":"e","2437":".","2438":"y","2439":"V","2440":"a","2441":"l","2442":"u","2443":"e","2444":"s","2445":",","2446":"\\","2447":"n","2448":" ","2449":" ","2450":" ","2451":" ","2452":" ","2453":" ","2454":" ","2455":" ","2456":" ","2457":" ","2458":" ","2459":" ","2460":"b","2461":"a","2462":"c","2463":"k","2464":"g","2465":"r","2466":"o","2467":"u","2468":"n","2469":"d","2470":"C","2471":"o","2472":"l","2473":"o","2474":"r","2475":":","2476":" ","2477":"t","2478":"h","2479":"i","2480":"s","2481":".","2482":"c","2483":"h","2484":"a","2485":"r","2486":"t","2487":"S","2488":"t","2489":"a","2490":"t","2491":"e","2492":".","2493":"b","2494":"a","2495":"c","2496":"k","2497":"g","2498":"r","2499":"o","2500":"u","2501":"n","2502":"d","2503":"C","2504":"o","2505":"l","2506":"o","2507":"r","2508":",","2509":"\\","2510":"n","2511":" ","2512":" ","2513":" ","2514":" ","2515":" ","2516":" ","2517":" ","2518":" ","2519":" ","2520":" ","2521":" ","2522":" ","2523":"b","2524":"o","2525":"r","2526":"d","2527":"e","2528":"r","2529":"C","2530":"o","2531":"l","2532":"o","2533":"r","2534":":","2535":" ","2536":"t","2537":"h","2538":"i","2539":"s","2540":".","2541":"c","2542":"h","2543":"a","2544":"r","2545":"t","2546":"S","2547":"t","2548":"a","2549":"t","2550":"e","2551":".","2552":"b","2553":"o","2554":"r","2555":"d","2556":"e","2557":"r","2558":"C","2559":"o","2560":"l","2561":"o","2562":"r","2563":",","2564":"\\","2565":"n","2566":" ","2567":" ","2568":" ","2569":" ","2570":" ","2571":" ","2572":" ","2573":" ","2574":" ","2575":" ","2576":" ","2577":" ","2578":"b","2579":"o","2580":"r","2581":"d","2582":"e","2583":"r","2584":"W","2585":"i","2586":"d","2587":"t","2588":"h","2589":":","2590":" ","2591":"t","2592":"h","2593":"i","2594":"s","2595":".","2596":"c","2597":"h","2598":"a","2599":"r","2600":"t","2601":"S","2602":"t","2603":"a","2604":"t","2605":"e","2606":".","2607":"b","2608":"o","2609":"r","2610":"d","2611":"e","2612":"r","2613":"W","2614":"i","2615":"d","2616":"t","2617":"h","2618":",","2619":"\\","2620":"n","2621":" ","2622":" ","2623":" ","2624":" ","2625":" ","2626":" ","2627":" ","2628":" ","2629":" ","2630":" ","2631":"}","2632":",","2633":"\\","2634":"n","2635":" ","2636":" ","2637":" ","2638":" ","2639":" ","2640":" ","2641":" ","2642":" ","2643":"]","2644":",","2645":"\\","2646":"n","2647":" ","2648":" ","2649":" ","2650":" ","2651":" ","2652":" ","2653":"}","2654":";","2655":"\\","2656":"n","2657":" ","2658":" ","2659":" ","2660":" ","2661":"}","2662":",","2663":"\\","2664":"n","2665":" ","2666":" ","2667":" ","2668":" ","2669":"/","2670":"/","2671":" ","2672":"C","2673":"o","2674":"m","2675":"p","2676":"u","2677":"t","2678":"e","2679":" ","2680":"c","2681":"h","2682":"a","2683":"r","2684":"t","2685":" ","2686":"o","2687":"p","2688":"t","2689":"i","2690":"o","2691":"n","2692":"s","2693":"\\","2694":"n","2695":" ","2696":" ","2697":" ","2698":" ","2699":"c","2700":"h","2701":"a","2702":"r","2703":"t","2704":"O","2705":"p","2706":"t","2707":"i","2708":"o","2709":"n","2710":"s","2711":"(","2712":")","2713":" ","2714":"{","2715":"\\","2716":"n","2717":" ","2718":" ","2719":" ","2720":" ","2721":" ","2722":" ","2723":"r","2724":"e","2725":"t","2726":"u","2727":"r","2728":"n","2729":" ","2730":"{","2731":"\\","2732":"n","2733":" ","2734":" ","2735":" ","2736":" ","2737":" ","2738":" ","2739":" ","2740":" ","2741":"r","2742":"e","2743":"s","2744":"p","2745":"o","2746":"n","2747":"s","2748":"i","2749":"v","2750":"e","2751":":","2752":" ","2753":"t","2754":"r","2755":"u","2756":"e","2757":",","2758":"\\","2759":"n","2760":" ","2761":" ","2762":" ","2763":" ","2764":" ","2765":" ","2766":"}","2767":";","2768":"\\","2769":"n","2770":" ","2771":" ","2772":" ","2773":" ","2774":"}","2775":",","2776":"\\","2777":"n","2778":" ","2779":" ","2780":"}","2781":",","2782":"\\","2783":"n","2784":"}","2785":";","2786":"\\","2787":"n","2788":"<","2789":"/","2790":"s","2791":"c","2792":"r","2793":"i","2794":"p","2795":"t","2796":">","2797":"\\","2798":"n","2799":"\\","2800":"n","2801":"<","2802":"s","2803":"t","2804":"y","2805":"l","2806":"e","2807":">","2808":"<","2809":"/","2810":"s","2811":"t","2812":"y","2813":"l","2814":"e","2815":">","2816":"\\","2817":"n","2818":"\"","2819":"]","2820":"}"},"_coverageSchema":"1a1c01bbd47fc00a2c39e90264f33305004495a9","hash":"30fa5127179151552c37c1f1e63437b4268bb8f0"}
,"/Users/omar/Documents/work/simple-poll/src/components/PollForm/PollForm.vue": {"path":"/Users/omar/Documents/work/simple-poll/src/components/PollForm/PollForm.vue","statementMap":{"0":{"start":{"line":4,"column":0},"end":{"line":6,"column":3}},"1":{"start":{"line":7,"column":0},"end":{"line":7,"column":25}},"2":{"start":{"line":8,"column":0},"end":{"line":8,"column":44}},"3":{"start":{"line":116,"column":0},"end":{"line":116,"column":13}},"4":{"start":{"line":118,"column":0},"end":{"line":120,"column":3}},"5":{"start":{"line":121,"column":0},"end":{"line":121,"column":24}},"6":{"start":{"line":122,"column":11},"end":{"line":122,"column":25}},"7":{"start":{"line":123,"column":19},"end":{"line":125,"column":1}},"8":{"start":{"line":126,"column":19},"end":{"line":128,"column":1}},"9":{"start":{"line":129,"column":19},"end":{"line":131,"column":1}},"10":{"start":{"line":132,"column":32},"end":{"line":136,"column":38}},"11":{"start":{"line":137,"column":19},"end":{"line":137,"column":32}},"12":{"start":{"line":138,"column":19},"end":{"line":142,"column":1}},"13":{"start":{"line":143,"column":32},"end":{"line":146,"column":37}},"14":{"start":{"line":147,"column":19},"end":{"line":150,"column":1}},"15":{"start":{"line":151,"column":19},"end":{"line":151,"column":55}},"16":{"start":{"line":152,"column":20},"end":{"line":152,"column":48}},"17":{"start":{"line":153,"column":20},"end":{"line":153,"column":47}},"18":{"start":{"line":154,"column":20},"end":{"line":154,"column":36}},"19":{"start":{"line":155,"column":20},"end":{"line":157,"column":1}},"20":{"start":{"line":158,"column":20},"end":{"line":160,"column":1}},"21":{"start":{"line":162,"column":30},"end":{"line":162,"column":68}},"22":{"start":{"line":163,"column":2},"end":{"line":227,"column":135}},"23":{"start":{"line":171,"column":63},"end":{"line":171,"column":85}},"24":{"start":{"line":173,"column":6},"end":{"line":173,"column":70}},"25":{"start":{"line":177,"column":4},"end":{"line":215,"column":133}},"26":{"start":{"line":186,"column":39},"end":{"line":186,"column":60}},"27":{"start":{"line":188,"column":8},"end":{"line":188,"column":68}},"28":{"start":{"line":195,"column":8},"end":{"line":195,"column":62}},"29":{"start":{"line":206,"column":25},"end":{"line":206,"column":45}},"30":{"start":{"line":220,"column":6},"end":{"line":220,"column":52}},"31":{"start":{"line":228,"column":2},"end":{"line":228,"column":49}}},"fnMap":{"0":{"name":"render","decl":{"start":{"line":161,"column":9},"end":{"line":161,"column":15}},"loc":{"start":{"line":161,"column":30},"end":{"line":228,"column":1}},"line":161},"1":{"name":"(anonymous_1)","decl":{"start":{"line":171,"column":53},"end":{"line":171,"column":54}},"loc":{"start":{"line":171,"column":63},"end":{"line":171,"column":85}},"line":171},"2":{"name":"(anonymous_2)","decl":{"start":{"line":172,"column":39},"end":{"line":172,"column":40}},"loc":{"start":{"line":172,"column":51},"end":{"line":174,"column":5}},"line":172},"3":{"name":"(anonymous_3)","decl":{"start":{"line":176,"column":482},"end":{"line":176,"column":483}},"loc":{"start":{"line":176,"column":496},"end":{"line":216,"column":3}},"line":176},"4":{"name":"(anonymous_4)","decl":{"start":{"line":186,"column":29},"end":{"line":186,"column":30}},"loc":{"start":{"line":186,"column":39},"end":{"line":186,"column":60}},"line":186},"5":{"name":"(anonymous_5)","decl":{"start":{"line":187,"column":41},"end":{"line":187,"column":42}},"loc":{"start":{"line":187,"column":53},"end":{"line":189,"column":7}},"line":187},"6":{"name":"(anonymous_6)","decl":{"start":{"line":194,"column":41},"end":{"line":194,"column":42}},"loc":{"start":{"line":194,"column":53},"end":{"line":196,"column":7}},"line":194},"7":{"name":"(anonymous_7)","decl":{"start":{"line":206,"column":15},"end":{"line":206,"column":16}},"loc":{"start":{"line":206,"column":25},"end":{"line":206,"column":45}},"line":206},"8":{"name":"(anonymous_8)","decl":{"start":{"line":219,"column":39},"end":{"line":219,"column":40}},"loc":{"start":{"line":219,"column":51},"end":{"line":221,"column":5}},"line":219}},"branchMap":{"0":{"loc":{"start":{"line":171,"column":27},"end":{"line":171,"column":86}},"type":"binary-expr","locations":[{"start":{"line":171,"column":27},"end":{"line":171,"column":36}},{"start":{"line":171,"column":41},"end":{"line":171,"column":85}}],"line":171},"1":{"loc":{"start":{"line":172,"column":13},"end":{"line":174,"column":6}},"type":"binary-expr","locations":[{"start":{"line":172,"column":13},"end":{"line":172,"column":22}},{"start":{"line":172,"column":27},"end":{"line":174,"column":5}}],"line":172},"2":{"loc":{"start":{"line":173,"column":13},"end":{"line":173,"column":69}},"type":"binary-expr","locations":[{"start":{"line":173,"column":13},"end":{"line":173,"column":32}},{"start":{"line":173,"column":36},"end":{"line":173,"column":69}}],"line":173},"3":{"loc":{"start":{"line":176,"column":93},"end":{"line":176,"column":291}},"type":"cond-expr","locations":[{"start":{"line":176,"column":114},"end":{"line":176,"column":245}},{"start":{"line":176,"column":249},"end":{"line":176,"column":291}}],"line":176},"4":{"loc":{"start":{"line":187,"column":15},"end":{"line":189,"column":8}},"type":"binary-expr","locations":[{"start":{"line":187,"column":15},"end":{"line":187,"column":24}},{"start":{"line":187,"column":29},"end":{"line":189,"column":7}}],"line":187},"5":{"loc":{"start":{"line":188,"column":15},"end":{"line":188,"column":67}},"type":"binary-expr","locations":[{"start":{"line":188,"column":15},"end":{"line":188,"column":32}},{"start":{"line":188,"column":36},"end":{"line":188,"column":67}}],"line":188},"6":{"loc":{"start":{"line":194,"column":15},"end":{"line":196,"column":8}},"type":"binary-expr","locations":[{"start":{"line":194,"column":15},"end":{"line":194,"column":24}},{"start":{"line":194,"column":29},"end":{"line":196,"column":7}}],"line":194},"7":{"loc":{"start":{"line":195,"column":15},"end":{"line":195,"column":61}},"type":"binary-expr","locations":[{"start":{"line":195,"column":15},"end":{"line":195,"column":29}},{"start":{"line":195,"column":33},"end":{"line":195,"column":61}}],"line":195},"8":{"loc":{"start":{"line":211,"column":52},"end":{"line":211,"column":95}},"type":"binary-expr","locations":[{"start":{"line":211,"column":52},"end":{"line":211,"column":75}},{"start":{"line":211,"column":79},"end":{"line":211,"column":85}},{"start":{"line":211,"column":89},"end":{"line":211,"column":95}}],"line":211},"9":{"loc":{"start":{"line":211,"column":102},"end":{"line":215,"column":130}},"type":"cond-expr","locations":[{"start":{"line":211,"column":147},"end":{"line":215,"column":84}},{"start":{"line":215,"column":88},"end":{"line":215,"column":130}}],"line":211},"10":{"loc":{"start":{"line":211,"column":102},"end":{"line":211,"column":143}},"type":"binary-expr","locations":[{"start":{"line":211,"column":102},"end":{"line":211,"column":117}},{"start":{"line":211,"column":121},"end":{"line":211,"column":143}}],"line":211},"11":{"loc":{"start":{"line":219,"column":13},"end":{"line":221,"column":6}},"type":"binary-expr","locations":[{"start":{"line":219,"column":13},"end":{"line":219,"column":22}},{"start":{"line":219,"column":27},"end":{"line":221,"column":5}}],"line":219},"12":{"loc":{"start":{"line":220,"column":13},"end":{"line":220,"column":51}},"type":"binary-expr","locations":[{"start":{"line":220,"column":13},"end":{"line":220,"column":23}},{"start":{"line":220,"column":27},"end":{"line":220,"column":51}}],"line":220}},"s":{"0":1,"1":1,"2":1,"3":1,"4":1,"5":1,"6":1,"7":1,"8":1,"9":1,"10":1,"11":1,"12":1,"13":1,"14":1,"15":1,"16":1,"17":1,"18":1,"19":1,"20":1,"21":0,"22":0,"23":0,"24":0,"25":0,"26":0,"27":0,"28":0,"29":0,"30":0,"31":1},"f":{"0":0,"1":0,"2":0,"3":0,"4":0,"5":0,"6":0,"7":0,"8":0},"b":{"0":[0,0],"1":[0,0],"2":[0,0],"3":[0,0],"4":[0,0],"5":[0,0],"6":[0,0],"7":[0,0],"8":[0,0,0],"9":[0,0],"10":[0,0],"11":[0,0],"12":[0,0]},"inputSourceMap":{"0":"{","1":"\"","2":"v","3":"e","4":"r","5":"s","6":"i","7":"o","8":"n","9":"\"","10":":","11":"3","12":",","13":"\"","14":"s","15":"o","16":"u","17":"r","18":"c","19":"e","20":"s","21":"\"","22":":","23":"[","24":"\"","25":"/","26":"U","27":"s","28":"e","29":"r","30":"s","31":"/","32":"o","33":"m","34":"a","35":"r","36":"/","37":"D","38":"o","39":"c","40":"u","41":"m","42":"e","43":"n","44":"t","45":"s","46":"/","47":"w","48":"o","49":"r","50":"k","51":"/","52":"s","53":"i","54":"m","55":"p","56":"l","57":"e","58":"-","59":"p","60":"o","61":"l","62":"l","63":"/","64":"s","65":"r","66":"c","67":"/","68":"c","69":"o","70":"m","71":"p","72":"o","73":"n","74":"e","75":"n","76":"t","77":"s","78":"/","79":"P","80":"o","81":"l","82":"l","83":"F","84":"o","85":"r","86":"m","87":"/","88":"P","89":"o","90":"l","91":"l","92":"F","93":"o","94":"r","95":"m","96":".","97":"v","98":"u","99":"e","100":"\"","101":"]","102":",","103":"\"","104":"n","105":"a","106":"m","107":"e","108":"s","109":"\"","110":":","111":"[","112":"]","113":",","114":"\"","115":"m","116":"a","117":"p","118":"p","119":"i","120":"n","121":"g","122":"s","123":"\"","124":":","125":"\"","126":";","127":";","128":";","129":";","130":";","131":";","132":";","133":";","134":"A","135":"A","136":"i","137":"G","138":"A","139":";","140":"A","141":"A","142":"A","143":"A","144":";","145":"A","146":"A","147":"A","148":"A","149":";","150":"A","151":"A","152":"C","153":"A","154":";","155":"A","156":"A","157":"A","158":"A","159":";","160":"A","161":"A","162":"A","163":"A","164":";","165":"A","166":"A","167":"A","168":"k","169":"D","170":";","171":"A","172":"A","173":"A","174":"A","175":",","176":"e","177":"A","178":"E","179":"n","180":"C","181":";","182":"E","183":"A","184":"C","185":"b","186":",","187":"I","188":"A","189":"A","190":"I","191":",","192":"E","193":"A","194":"A","195":"E","196":",","197":"U","198":"A","199":"A","200":"U","201":";","202":"E","203":"A","204":"C","205":"h","206":"B","207":",","208":"I","209":"A","210":"A","211":"I","212":",","213":"G","214":"A","215":"A","216":"G","217":";","218":"I","219":"A","220":"C","221":"L","222":",","223":"O","224":"A","225":"A","226":"O","227":";","228":"M","229":"A","230":"C","231":"L","232":",","233":"G","234":"A","235":"A","236":"G","237":",","238":"E","239":"A","240":"A","241":"E","242":",","243":"E","244":"A","245":"A","246":"E","247":";","248":"M","249":"A","250":"C","251":"P","252":",","253":"G","254":"A","255":"A","256":"G","257":",","258":"E","259":"A","260":"A","261":"E","262":",","263":"E","264":"A","265":"A","266":"E","267":";","268":"M","269":"A","270":"C","271":"P","272":",","273":"W","274":"A","275":"A","276":"W","277":",","278":"E","279":"A","280":"A","281":"E","282":",","283":"I","284":"A","285":"A","286":"I","287":";","288":"M","289":"A","290":"C","291":"j","292":"B","293":",","294":"Q","295":"A","296":"A","297":"Q","298":",","299":"E","300":"A","301":"A","302":"E","303":",","304":"E","305":"A","306":"A","307":"E","308":";","309":"M","310":"A","311":"C","312":"Z","313":",","314":"O","315":"A","316":"A","317":"O","318":",","319":"E","320":"A","321":"A","322":"E","323":",","324":"C","325":"A","326":"C","327":"P","328":";","329":"Q","330":"A","331":"C","332":"E","333":",","334":"M","335":"A","336":"A","337":"M","338":",","339":"E","340":"A","341":"A","342":"E","343":";","344":"M","345":"A","346":"C","347":"V","348":",","349":"C","350":"A","351":"A","352":"C","353":",","354":"E","355":"A","356":"C","357":"D","358":";","359":"Q","360":"A","361":"C","362":"E","363":",","364":"M","365":"A","366":"A","367":"M","368":",","369":"E","370":"A","371":"A","372":"E","373":";","374":"M","375":"A","376":"C","377":"V","378":",","379":"C","380":"A","381":"A","382":"C","383":";","384":"I","385":"A","386":"E","387":"L","388":",","389":"C","390":"A","391":"A","392":"C","393":";","394":"E","395":"A","396":"C","397":"H","398":",","399":"C","400":"A","401":"A","402":"C","403":";","404":"E","405":"A","406":"C","407":"D","408":",","409":"K","410":"A","411":"A","412":"K","413":",","414":"E","415":"A","416":"A","417":"E","418":";","419":"I","420":"A","421":"C","422":"L","423":",","424":"Q","425":"A","426":"A","427":"Q","428":",","429":"C","430":"A","431":"A","432":"C","433":",","434":"K","435":"A","436":"A","437":"K","438":",","439":"E","440":"A","441":"A","442":"E","443":";","444":"M","445":"A","446":"C","447":"d","448":",","449":"I","450":"A","451":"A","452":"I","453":",","454":"C","455":"A","456":"A","457":"C","458":",","459":"a","460":"A","461":"A","462":"a","463":",","464":"C","465":"A","466":"A","467":"C","468":",","469":"K","470":"A","471":"A","472":"K","473":",","474":"E","475":"A","476":"A","477":"E","478":",","479":"U","480":"A","481":"A","482":"U","483":",","484":"C","485":"A","486":"A","487":"C","488":";","489":"I","490":"A","491":"C","492":"v","493":"C","494":",","495":"C","496":"A","497":"A","498":"C","499":";","500":"I","501":"A","502":"C","503":"D","504":",","505":"O","506":"A","507":"A","508":"O","509":",","510":"E","511":"A","512":"A","513":"E","514":";","515":"M","516":"A","517":"C","518":"P","519":",","520":"O","521":"A","522":"A","523":"O","524":",","525":"E","526":"A","527":"A","528":"E","529":",","530":"U","531":"A","532":"A","533":"U","534":",","535":"G","536":"A","537":"A","538":"G","539":",","540":"E","541":"A","542":"A","543":"E","544":";","545":"Q","546":"A","547":"C","548":"t","549":"B","550":",","551":"I","552":"A","553":"A","554":"I","555":",","556":"C","557":"A","558":"A","559":"C","560":",","561":"a","562":"A","563":"A","564":"a","565":",","566":"C","567":"A","568":"A","569":"C","570":",","571":"G","572":"A","573":"A","574":"G","575":",","576":"E","577":"A","578":"A","579":"E","580":",","581":"Q","582":"A","583":"A","584":"Q","585":",","586":"C","587":"A","588":"A","589":"C","590":";","591":"M","592":"A","593":"C","594":"n","595":"C","596":",","597":"C","598":"A","599":"A","600":"C","601":";","602":"M","603":"A","604":"C","605":"D","606":",","607":"I","608":"A","609":"A","610":"I","611":",","612":"E","613":"A","614":"A","615":"E","616":";","617":"I","618":"A","619":"C","620":"R","621":";","622":"E","623":"A","624":"C","625":"F","626":",","627":"C","628":"A","629":"A","630":"C","631":";","632":"E","633":"A","634":"C","635":"D","636":",","637":"O","638":"A","639":"A","640":"O","641":",","642":"G","643":"A","644":"A","645":"G","646":";","647":"I","648":"A","649":"C","650":"R","651":",","652":"I","653":"A","654":"A","655":"I","656":",","657":"C","658":"A","659":"A","660":"C","661":",","662":"Y","663":"A","664":"A","665":"Y","666":",","667":"E","668":"A","669":"A","670":"E","671":";","672":"E","673":"A","674":"C","675":"r","676":"B","677":",","678":"C","679":"A","680":"A","681":"C","682":";","683":"E","684":"A","685":"C","686":"D","687":",","688":"Q","689":"A","690":"A","691":"Q","692":",","693":"E","694":"A","695":"A","696":"E","697":";","698":"I","699":"A","700":"C","701":"R","702":";","703":"I","704":"A","705":"A","706":"G","707":";","708":"I","709":"A","710":"A","711":"A","712":";","713":"I","714":"A","715":"A","716":"A","717":";","718":"I","719":"A","720":"A","721":"A","722":";","723":"I","724":"A","725":"A","726":"A","727":";","728":"I","729":"A","730":"A","731":"A","732":",","733":"Q","734":"A","735":"A","736":"Q","737":";","738":"I","739":"A","740":"A","741":"C","742":";","743":"I","744":"A","745":"A","746":"A","747":";","748":"I","749":"A","750":"A","751":"A","752":";","753":"I","754":"A","755":"A","756":"A","757":",","758":"Y","759":"A","760":"A","761":"Y","762":",","763":"E","764":"A","765":"A","766":"E","767":",","768":"C","769":"A","770":"A","771":"C","772":",","773":"c","774":"A","775":"A","776":"c","777":",","778":"E","779":"A","780":"A","781":"E","782":",","783":"o","784":"B","785":"A","786":"A","787":"o","788":"B","789":",","790":"C","791":"A","792":"A","793":"C","794":";","795":"E","796":"A","797":"C","798":"l","799":"E","800":",","801":"C","802":"A","803":"A","804":"C","805":";","806":"E","807":"A","808":"C","809":"D","810":",","811":"O","812":"A","813":"A","814":"O","815":",","816":"E","817":"A","818":"A","819":"E","820":";","821":"I","822":"A","823":"C","824":"P","825":";","826":"I","827":"A","828":"A","829":"G","830":";","831":"I","832":"A","833":"A","834":"A","835":";","836":"I","837":"A","838":"A","839":"A","840":";","841":"I","842":"A","843":"A","844":"A","845":";","846":"I","847":"A","848":"A","849":"A","850":";","851":"I","852":"A","853":"A","854":"A","855":",","856":"U","857":"A","858":"A","859":"U","860":";","861":"I","862":"A","863":"A","864":"C","865":";","866":"I","867":"A","868":"A","869":"A","870":";","871":"I","872":"A","873":"A","874":"A","875":";","876":"I","877":"A","878":"A","879":"A","880":",","881":"Y","882":"A","883":"A","884":"Y","885":",","886":"E","887":"A","888":"A","889":"E","890":",","891":"C","892":"A","893":"A","894":"C","895":",","896":"a","897":"A","898":"A","899":"a","900":",","901":"E","902":"A","903":"A","904":"E","905":",","906":"Y","907":"A","908":"A","909":"Y","910":",","911":"E","912":"A","913":"A","914":"E","915":",","916":"c","917":"A","918":"A","919":"c","920":",","921":"C","922":"A","923":"A","924":"C","925":",","926":"C","927":"A","928":"A","929":"C","930":";","931":"I","932":"A","933":"E","934":"1","935":"E","936":",","937":"c","938":"A","939":"A","940":"c","941":",","942":"G","943":"A","944":"A","945":"G","946":";","947":"M","948":"A","949":"C","950":"f","951":",","952":"I","953":"A","954":"A","955":"I","956":",","957":"C","958":"A","959":"A","960":"C","961":",","962":"W","963":"A","964":"A","965":"W","966":",","967":"C","968":"A","969":"A","970":"C","971":",","972":"I","973":"A","974":"A","975":"I","976":",","977":"C","978":"A","979":"A","980":"C","981":",","982":"Q","983":"A","984":"A","985":"Q","986":",","987":"C","988":"A","989":"A","990":"C","991":";","992":"I","993":"A","994":"C","995":"j","996":"C","997":",","998":"C","999":"A","1000":"A","1001":"C","1002":";","1003":"I","1004":"A","1005":"E","1006":"D","1007":",","1008":"S","1009":"A","1010":"A","1011":"S","1012":",","1013":"G","1014":"A","1015":"A","1016":"G","1017":";","1018":"M","1019":"A","1020":"C","1021":"V","1022":",","1023":"I","1024":"A","1025":"A","1026":"I","1027":",","1028":"I","1029":"A","1030":"A","1031":"I","1032":",","1033":"C","1034":"A","1035":"A","1036":"C","1037":",","1038":"Y","1039":"A","1040":"A","1041":"Y","1042":",","1043":"C","1044":"A","1045":"A","1046":"C","1047":",","1048":"M","1049":"A","1050":"A","1051":"M","1052":",","1053":"I","1054":"A","1055":"A","1056":"I","1057":",","1058":"E","1059":"A","1060":"A","1061":"E","1062":",","1063":"E","1064":"A","1065":"A","1066":"E","1067":",","1068":"I","1069":"A","1070":"A","1071":"I","1072":",","1073":"C","1074":"A","1075":"A","1076":"C","1077":",","1078":"O","1079":"A","1080":"A","1081":"O","1082":",","1083":"C","1084":"A","1085":"A","1086":"C","1087":",","1088":"I","1089":"A","1090":"A","1091":"I","1092":",","1093":"C","1094":"A","1095":"A","1096":"C","1097":";","1098":"Q","1099":"A","1100":"A","1101":"E","1102":",","1103":"M","1104":"A","1105":"A","1106":"M","1107":",","1108":"E","1109":"A","1110":"A","1111":"E","1112":";","1113":"M","1114":"A","1115":"A","1116":"G","1117":",","1118":"C","1119":"A","1120":"A","1121":"C","1122":",","1123":"C","1124":"A","1125":"A","1126":"C","1127":";","1128":"M","1129":"A","1130":"C","1131":"r","1132":"E","1133":",","1134":"I","1135":"A","1136":"A","1137":"I","1138":",","1139":"C","1140":"A","1141":"A","1142":"C","1143":",","1144":"Y","1145":"A","1146":"A","1147":"Y","1148":",","1149":"E","1150":"A","1151":"A","1152":"E","1153":";","1154":"I","1155":"A","1156":"C","1157":"r","1158":"B","1159":",","1160":"C","1161":"A","1162":"A","1163":"C","1164":";","1165":"I","1166":"A","1167":"E","1168":"D","1169":",","1170":"Y","1171":"A","1172":"A","1173":"Y","1174":",","1175":"C","1176":"A","1177":"A","1178":"C","1179":",","1180":"K","1181":"A","1182":"A","1183":"K","1184":",","1185":"E","1186":"A","1187":"A","1188":"E","1189":";","1190":"M","1191":"A","1192":"C","1193":"l","1194":"B","1195":",","1196":"I","1197":"A","1198":"A","1199":"I","1200":",","1201":"C","1202":"A","1203":"A","1204":"C","1205":",","1206":"O","1207":"A","1208":"A","1209":"O","1210":",","1211":"C","1212":"A","1213":"A","1214":"C","1215":",","1216":"M","1217":"A","1218":"A","1219":"M","1220":",","1221":"C","1222":"A","1223":"A","1224":"C","1225":",","1226":"K","1227":"A","1228":"A","1229":"K","1230":",","1231":"E","1232":"A","1233":"A","1234":"E","1235":",","1236":"C","1237":"A","1238":"A","1239":"C","1240":",","1241":"C","1242":"A","1243":"A","1244":"C","1245":";","1246":"M","1247":"A","1248":"C","1249":"7","1250":"B","1251":",","1252":"I","1253":"A","1254":"A","1255":"I","1256":",","1257":"C","1258":"A","1259":"A","1260":"C","1261":",","1262":"Y","1263":"A","1264":"A","1265":"Y","1266":",","1267":"E","1268":"A","1269":"A","1270":"E","1271":";","1272":"I","1273":"A","1274":"C","1275":"r","1276":"B","1277":",","1278":"C","1279":"A","1280":"A","1281":"C","1282":";","1283":"I","1284":"A","1285":"E","1286":"D","1287":",","1288":"Y","1289":"A","1290":"A","1291":"Y","1292":",","1293":"G","1294":"A","1295":"A","1296":"G","1297":";","1298":"M","1299":"A","1300":"C","1301":"b","1302":",","1303":"I","1304":"A","1305":"A","1306":"I","1307":",","1308":"C","1309":"A","1310":"A","1311":"C","1312":",","1313":"U","1314":"A","1315":"A","1316":"U","1317":",","1318":"C","1319":"A","1320":"A","1321":"C","1322":",","1323":"I","1324":"A","1325":"A","1326":"I","1327":",","1328":"C","1329":"A","1330":"A","1331":"C","1332":",","1333":"O","1334":"A","1335":"A","1336":"O","1337":",","1338":"C","1339":"A","1340":"A","1341":"C","1342":";","1343":"I","1344":"A","1345":"C","1346":"/","1347":"B","1348":",","1349":"C","1350":"A","1351":"A","1352":"C","1353":";","1354":"I","1355":"A","1356":"E","1357":"D","1358":",","1359":"K","1360":"A","1361":"A","1362":"K","1363":",","1364":"G","1365":"A","1366":"A","1367":"G","1368":";","1369":"M","1370":"A","1371":"C","1372":"N","1373":",","1374":"I","1375":"A","1376":"A","1377":"I","1378":",","1379":"C","1380":"A","1381":"A","1382":"C","1383":",","1384":"O","1385":"A","1386":"A","1387":"O","1388":",","1389":"G","1390":"A","1391":"A","1392":"G","1393":",","1394":"C","1395":"A","1396":"C","1397":"b","1398":";","1399":"Q","1400":"A","1401":"C","1402":"E","1403":",","1404":"M","1405":"A","1406":"A","1407":"M","1408":",","1409":"E","1410":"A","1411":"A","1412":"E","1413":";","1414":"M","1415":"A","1416":"C","1417":"V","1418":",","1419":"C","1420":"A","1421":"A","1422":"C","1423":",","1424":"E","1425":"A","1426":"C","1427":"D","1428":";","1429":"Q","1430":"A","1431":"C","1432":"E","1433":",","1434":"M","1435":"A","1436":"A","1437":"M","1438":",","1439":"E","1440":"A","1441":"A","1442":"E","1443":";","1444":"M","1445":"A","1446":"C","1447":"V","1448":",","1449":"C","1450":"A","1451":"A","1452":"C","1453":",","1454":"C","1455":"A","1456":"C","1457":"F","1458":";","1459":"M","1460":"A","1461":"C","1462":"D","1463":",","1464":"I","1465":"A","1466":"A","1467":"I","1468":",","1469":"C","1470":"A","1471":"A","1472":"C","1473":",","1474":"Y","1475":"A","1476":"A","1477":"Y","1478":",","1479":"E","1480":"A","1481":"A","1482":"E","1483":";","1484":"M","1485":"A","1486":"C","1487":"n","1488":"B","1489":",","1490":"I","1491":"A","1492":"A","1493":"I","1494":",","1495":"C","1496":"A","1497":"A","1498":"C","1499":",","1500":"Y","1501":"A","1502":"A","1503":"Y","1504":",","1505":"E","1506":"A","1507":"A","1508":"E","1509":";","1510":"I","1511":"A","1512":"C","1513":"r","1514":"B","1515":",","1516":"C","1517":"A","1518":"A","1519":"C","1520":";","1521":"I","1522":"A","1523":"E","1524":"D","1525":",","1526":"a","1527":"A","1528":"A","1529":"a","1530":",","1531":"C","1532":"A","1533":"A","1534":"C","1535":",","1536":"K","1537":"A","1538":"A","1539":"K","1540":",","1541":"E","1542":"A","1543":"A","1544":"E","1545":",","1546":"S","1547":"A","1548":"A","1549":"S","1550":",","1551":"E","1552":"A","1553":"A","1554":"E","1555":";","1556":"M","1557":"A","1558":"C","1559":"9","1560":"B","1561":",","1562":"I","1563":"A","1564":"A","1565":"I","1566":",","1567":"K","1568":"A","1569":"A","1570":"K","1571":",","1572":"C","1573":"A","1574":"A","1575":"C","1576":",","1577":"M","1578":"A","1579":"A","1580":"M","1581":",","1582":"I","1583":"A","1584":"A","1585":"I","1586":",","1587":"I","1588":"A","1589":"A","1590":"I","1591":",","1592":"C","1593":"A","1594":"A","1595":"C","1596":",","1597":"G","1598":"A","1599":"A","1600":"G","1601":",","1602":"I","1603":"A","1604":"A","1605":"I","1606":",","1607":"S","1608":"A","1609":"A","1610":"S","1611":",","1612":"K","1613":"A","1614":"A","1615":"K","1616":",","1617":"U","1618":"A","1619":"A","1620":"U","1621":",","1622":"E","1623":"A","1624":"A","1625":"E","1626":";","1627":"Q","1628":"A","1629":"C","1630":"x","1631":"D","1632":",","1633":"I","1634":"A","1635":"A","1636":"I","1637":",","1638":"C","1639":"A","1640":"A","1641":"C","1642":",","1643":"G","1644":"A","1645":"A","1646":"G","1647":",","1648":"C","1649":"A","1650":"A","1651":"C","1652":",","1653":"S","1654":"A","1655":"A","1656":"S","1657":",","1658":"C","1659":"A","1660":"A","1661":"C","1662":",","1663":"G","1664":"A","1665":"A","1666":"G","1667":",","1668":"6","1669":"B","1670":"A","1671":"A","1672":"6","1673":"B","1674":";","1675":"M","1676":"A","1677":"C","1678":"r","1679":"D","1680":",","1681":"C","1682":"A","1683":"A","1684":"C","1685":",","1686":"M","1687":"A","1688":"A","1689":"M","1690":",","1691":"I","1692":"A","1693":"A","1694":"I","1695":",","1696":"S","1697":"A","1698":"A","1699":"S","1700":",","1701":"K","1702":"A","1703":"A","1704":"K","1705":",","1706":"Q","1707":"A","1708":"A","1709":"Q","1710":",","1711":"E","1712":"A","1713":"A","1714":"E","1715":";","1716":"Q","1717":"A","1718":"C","1719":"j","1720":"C","1721":",","1722":"K","1723":"A","1724":"A","1725":"K","1726":",","1727":"M","1728":"A","1729":"A","1730":"M","1731":",","1732":"M","1733":"A","1734":"A","1735":"M","1736":",","1737":"I","1738":"A","1739":"A","1740":"I","1741":",","1742":"K","1743":"A","1744":"A","1745":"K","1746":",","1747":"E","1748":"A","1749":"A","1750":"E","1751":";","1752":"U","1753":"A","1754":"C","1755":"1","1756":"B","1757":",","1758":"I","1759":"A","1760":"A","1761":"I","1762":",","1763":"M","1764":"A","1765":"A","1766":"M","1767":",","1768":"C","1769":"A","1770":"A","1771":"C","1772":",","1773":"M","1774":"A","1775":"A","1776":"M","1777":",","1778":"C","1779":"A","1780":"A","1781":"C","1782":",","1783":"M","1784":"A","1785":"A","1786":"M","1787":",","1788":"C","1789":"A","1790":"A","1791":"C","1792":",","1793":"C","1794":"A","1795":"A","1796":"C","1797":",","1798":"C","1799":"A","1800":"A","1801":"C","1802":",","1803":"C","1804":"A","1805":"A","1806":"C","1807":",","1808":"C","1809":"A","1810":"A","1811":"C","1812":",","1813":"M","1814":"A","1815":"A","1816":"M","1817":",","1818":"I","1819":"A","1820":"A","1821":"I","1822":",","1823":"I","1824":"A","1825":"A","1826":"I","1827":",","1828":"C","1829":"A","1830":"A","1831":"C","1832":",","1833":"G","1834":"A","1835":"A","1836":"G","1837":",","1838":"E","1839":"A","1840":"A","1841":"E","1842":";","1843":"Y","1844":"A","1845":"C","1846":"/","1847":"C","1848":",","1849":"M","1850":"A","1851":"A","1852":"M","1853":",","1854":"K","1855":"A","1856":"A","1857":"K","1858":",","1859":"G","1860":"A","1861":"A","1862":"G","1863":",","1864":"K","1865":"A","1866":"A","1867":"K","1868":",","1869":"C","1870":"A","1871":"A","1872":"C","1873":",","1874":"O","1875":"A","1876":"A","1877":"O","1878":",","1879":"C","1880":"A","1881":"A","1882":"C","1883":",","1884":"M","1885":"A","1886":"A","1887":"M","1888":",","1889":"C","1890":"A","1891":"A","1892":"C","1893":";","1894":"Y","1895":"A","1896":"C","1897":"n","1898":"C","1899":",","1900":"I","1901":"A","1902":"A","1903":"I","1904":",","1905":"C","1906":"A","1907":"A","1908":"C","1909":",","1910":"W","1911":"A","1912":"A","1913":"W","1914":",","1915":"G","1916":"A","1917":"A","1918":"G","1919":",","1920":"K","1921":"A","1922":"A","1923":"K","1924":";","1925":"Y","1926":"A","1927":"C","1928":"x","1929":"B","1930":",","1931":"I","1932":"A","1933":"A","1934":"I","1935":",","1936":"C","1937":"A","1938":"A","1939":"C","1940":",","1941":"G","1942":"A","1943":"A","1944":"G","1945":",","1946":"C","1947":"A","1948":"A","1949":"C","1950":",","1951":"S","1952":"A","1953":"A","1954":"S","1955":",","1956":"C","1957":"A","1958":"A","1959":"C","1960":",","1961":"G","1962":"A","1963":"A","1964":"I","1965":",","1966":"0","1967":"C","1968":"A","1969":"C","1970":"r","1971":"B","1972":",","1973":"K","1974":"A","1975":"A","1976":"K","1977":",","1978":"G","1979":"A","1980":"A","1981":"G","1982":",","1983":"C","1984":"A","1985":"C","1986":"T","1987":",","1988":"E","1989":"A","1990":"A","1991":"C","1992":";","1993":"U","1994":"A","1995":"C","1996":"J","1997":",","1998":"C","1999":"A","2000":"A","2001":"C","2002":",","2003":"M","2004":"A","2005":"A","2006":"M","2007":";","2008":"Y","2009":"A","2010":"C","2011":"L","2012":",","2013":"I","2014":"A","2015":"A","2016":"I","2017":",","2018":"C","2019":"A","2020":"A","2021":"C","2022":",","2023":"G","2024":"A","2025":"A","2026":"G","2027":",","2028":"C","2029":"A","2030":"A","2031":"C","2032":",","2033":"S","2034":"A","2035":"A","2036":"S","2037":",","2038":"C","2039":"A","2040":"A","2041":"C","2042":",","2043":"G","2044":"A","2045":"A","2046":"G","2047":",","2048":"E","2049":"A","2050":"A","2051":"E","2052":";","2053":"U","2054":"A","2055":"C","2056":"1","2057":"B","2058":";","2059":"Q","2060":"A","2061":"C","2062":"F","2063":";","2064":"M","2065":"A","2066":"C","2067":"F","2068":",","2069":"C","2070":"A","2071":"A","2072":"C","2073":",","2074":"M","2075":"A","2076":"A","2077":"M","2078":";","2079":"Q","2080":"A","2081":"C","2082":"L","2083":",","2084":"I","2085":"A","2086":"A","2087":"I","2088":",","2089":"C","2090":"A","2091":"A","2092":"C","2093":",","2094":"G","2095":"A","2096":"A","2097":"G","2098":",","2099":"C","2100":"A","2101":"A","2102":"C","2103":",","2104":"S","2105":"A","2106":"A","2107":"S","2108":",","2109":"C","2110":"A","2111":"A","2112":"C","2113":",","2114":"G","2115":"A","2116":"A","2117":"G","2118":",","2119":"E","2120":"A","2121":"A","2122":"E","2123":";","2124":"M","2125":"A","2126":"C","2127":"1","2128":"B","2129":";","2130":"I","2131":"A","2132":"C","2133":"F","2134":";","2135":"E","2136":"A","2137":"C","2138":"F","2139":";","2140":"A","2141":"A","2142":"C","2143":"F","2144":",","2145":"C","2146":"A","2147":"A","2148":"C","2149":";","2150":"A","2151":"A","2152":"A","2153":"A","2154":";","2155":"A","2156":"A","2157":"A","2158":"A","2159":"\"","2160":",","2161":"\"","2162":"f","2163":"i","2164":"l","2165":"e","2166":"\"","2167":":","2168":"\"","2169":"/","2170":"U","2171":"s","2172":"e","2173":"r","2174":"s","2175":"/","2176":"o","2177":"m","2178":"a","2179":"r","2180":"/","2181":"D","2182":"o","2183":"c","2184":"u","2185":"m","2186":"e","2187":"n","2188":"t","2189":"s","2190":"/","2191":"w","2192":"o","2193":"r","2194":"k","2195":"/","2196":"s","2197":"i","2198":"m","2199":"p","2200":"l","2201":"e","2202":"-","2203":"p","2204":"o","2205":"l","2206":"l","2207":"/","2208":"s","2209":"r","2210":"c","2211":"/","2212":"c","2213":"o","2214":"m","2215":"p","2216":"o","2217":"n","2218":"e","2219":"n","2220":"t","2221":"s","2222":"/","2223":"P","2224":"o","2225":"l","2226":"l","2227":"F","2228":"o","2229":"r","2230":"m","2231":"/","2232":"P","2233":"o","2234":"l","2235":"l","2236":"F","2237":"o","2238":"r","2239":"m","2240":".","2241":"v","2242":"u","2243":"e","2244":"\"","2245":",","2246":"\"","2247":"s","2248":"o","2249":"u","2250":"r","2251":"c","2252":"e","2253":"s","2254":"C","2255":"o","2256":"n","2257":"t","2258":"e","2259":"n","2260":"t","2261":"\"","2262":":","2263":"[","2264":"\"","2265":"<","2266":"t","2267":"e","2268":"m","2269":"p","2270":"l","2271":"a","2272":"t","2273":"e","2274":">","2275":"\\","2276":"n","2277":" ","2278":" ","2279":"<","2280":"d","2281":"i","2282":"v","2283":" ","2284":"c","2285":"l","2286":"a","2287":"s","2288":"s","2289":"=","2290":"\\","2291":"\"","2292":"c","2293":"a","2294":"r","2295":"d","2296":"\\","2297":"\"","2298":">","2299":"\\","2300":"n","2301":" ","2302":" ","2303":" ","2304":" ","2305":"<","2306":"d","2307":"i","2308":"v","2309":" ","2310":"c","2311":"l","2312":"a","2313":"s","2314":"s","2315":"=","2316":"\\","2317":"\"","2318":"c","2319":"a","2320":"r","2321":"d","2322":"-","2323":"b","2324":"o","2325":"d","2326":"y","2327":"\\","2328":"\"","2329":">","2330":"\\","2331":"n","2332":" ","2333":" ","2334":" ","2335":" ","2336":" ","2337":" ","2338":"<","2339":"!","2340":"-","2341":"-","2342":" ","2343":"Q","2344":"u","2345":"e","2346":"s","2347":"t","2348":"i","2349":"o","2350":"n","2351":" ","2352":"I","2353":"n","2354":"p","2355":"u","2356":"t","2357":" ","2358":"-","2359":"-","2360":">","2361":"\\","2362":"n","2363":" ","2364":" ","2365":" ","2366":" ","2367":" ","2368":" ","2369":"<","2370":"d","2371":"i","2372":"v","2373":" ","2374":"c","2375":"l","2376":"a","2377":"s","2378":"s","2379":"=","2380":"\\","2381":"\"","2382":"m","2383":"b","2384":"-","2385":"3","2386":"\\","2387":"\"","2388":">","2389":"\\","2390":"n","2391":" ","2392":" ","2393":" ","2394":" ","2395":" ","2396":" ","2397":" ","2398":" ","2399":"<","2400":"l","2401":"a","2402":"b","2403":"e","2404":"l","2405":"\\","2406":"n","2407":" ","2408":" ","2409":" ","2410":" ","2411":" ","2412":" ","2413":" ","2414":" ","2415":" ","2416":" ","2417":"t","2418":"e","2419":"s","2420":"t","2421":"-","2422":"d","2423":"a","2424":"t","2425":"a","2426":"-","2427":"i","2428":"d","2429":"=","2430":"\\","2431":"\"","2432":"q","2433":"u","2434":"e","2435":"s","2436":"t","2437":"i","2438":"o","2439":"n","2440":"-","2441":"i","2442":"n","2443":"p","2444":"u","2445":"t","2446":"-","2447":"l","2448":"a","2449":"b","2450":"e","2451":"l","2452":"\\","2453":"\"","2454":"\\","2455":"n","2456":" ","2457":" ","2458":" ","2459":" ","2460":" ","2461":" ","2462":" ","2463":" ","2464":" ","2465":" ","2466":"f","2467":"o","2468":"r","2469":"=","2470":"\\","2471":"\"","2472":"q","2473":"u","2474":"e","2475":"s","2476":"t","2477":"i","2478":"o","2479":"n","2480":"-","2481":"i","2482":"n","2483":"p","2484":"u","2485":"t","2486":"\\","2487":"\"","2488":"\\","2489":"n","2490":" ","2491":" ","2492":" ","2493":" ","2494":" ","2495":" ","2496":" ","2497":" ","2498":" ","2499":" ","2500":"c","2501":"l","2502":"a","2503":"s","2504":"s","2505":"=","2506":"\\","2507":"\"","2508":"f","2509":"o","2510":"r","2511":"m","2512":"-","2513":"l","2514":"a","2515":"b","2516":"e","2517":"l","2518":"\\","2519":"\"","2520":"\\","2521":"n","2522":" ","2523":" ","2524":" ","2525":" ","2526":" ","2527":" ","2528":" ","2529":" ","2530":" ","2531":" ","2532":">","2533":"P","2534":"o","2535":"l","2536":"l","2537":" ","2538":"Q","2539":"u","2540":"e","2541":"s","2542":"t","2543":"i","2544":"o","2545":"n","2546":":","2547":"<","2548":"/","2549":"l","2550":"a","2551":"b","2552":"e","2553":"l","2554":"\\","2555":"n","2556":" ","2557":" ","2558":" ","2559":" ","2560":" ","2561":" ","2562":" ","2563":" ","2564":">","2565":"\\","2566":"n","2567":" ","2568":" ","2569":" ","2570":" ","2571":" ","2572":" ","2573":" ","2574":" ","2575":"<","2576":"i","2577":"n","2578":"p","2579":"u","2580":"t","2581":"\\","2582":"n","2583":" ","2584":" ","2585":" ","2586":" ","2587":" ","2588":" ","2589":" ","2590":" ","2591":" ","2592":" ","2593":"t","2594":"y","2595":"p","2596":"e","2597":"=","2598":"\\","2599":"\"","2600":"t","2601":"e","2602":"x","2603":"t","2604":"\\","2605":"\"","2606":"\\","2607":"n","2608":" ","2609":" ","2610":" ","2611":" ","2612":" ","2613":" ","2614":" ","2615":" ","2616":" ","2617":" ","2618":"c","2619":"l","2620":"a","2621":"s","2622":"s","2623":"=","2624":"\\","2625":"\"","2626":"f","2627":"o","2628":"r","2629":"m","2630":"-","2631":"c","2632":"o","2633":"n","2634":"t","2635":"r","2636":"o","2637":"l","2638":"\\","2639":"\"","2640":"\\","2641":"n","2642":" ","2643":" ","2644":" ","2645":" ","2646":" ","2647":" ","2648":" ","2649":" ","2650":" ","2651":" ","2652":"p","2653":"l","2654":"a","2655":"c","2656":"e","2657":"h","2658":"o","2659":"l","2660":"d","2661":"e","2662":"r","2663":"=","2664":"\\","2665":"\"","2666":"E","2667":"n","2668":"t","2669":"e","2670":"r","2671":" ","2672":"y","2673":"o","2674":"u","2675":"r","2676":" ","2677":"q","2678":"u","2679":"e","2680":"s","2681":"t","2682":"i","2683":"o","2684":"n","2685":"\\","2686":"\"","2687":"\\","2688":"n","2689":" ","2690":" ","2691":" ","2692":" ","2693":" ","2694":" ","2695":" ","2696":" ","2697":" ","2698":" ","2699":"a","2700":"r","2701":"i","2702":"a","2703":"-","2704":"l","2705":"a","2706":"b","2707":"e","2708":"l","2709":"=","2710":"\\","2711":"\"","2712":"Q","2713":"u","2714":"e","2715":"s","2716":"t","2717":"i","2718":"o","2719":"n","2720":" ","2721":"i","2722":"n","2723":"p","2724":"u","2725":"t","2726":"\\","2727":"\"","2728":"\\","2729":"n","2730":" ","2731":" ","2732":" ","2733":" ","2734":" ","2735":" ","2736":" ","2737":" ","2738":" ","2739":" ","2740":"t","2741":"e","2742":"s","2743":"t","2744":"-","2745":"d","2746":"a","2747":"t","2748":"a","2749":"-","2750":"i","2751":"d","2752":"=","2753":"\\","2754":"\"","2755":"q","2756":"u","2757":"e","2758":"s","2759":"t","2760":"i","2761":"o","2762":"n","2763":"-","2764":"i","2765":"n","2766":"p","2767":"u","2768":"t","2769":"\\","2770":"\"","2771":"\\","2772":"n","2773":" ","2774":" ","2775":" ","2776":" ","2777":" ","2778":" ","2779":" ","2780":" ","2781":" ","2782":" ","2783":"i","2784":"d","2785":"=","2786":"\\","2787":"\"","2788":"q","2789":"u","2790":"e","2791":"s","2792":"t","2793":"i","2794":"o","2795":"n","2796":"-","2797":"i","2798":"n","2799":"p","2800":"u","2801":"t","2802":"\\","2803":"\"","2804":"\\","2805":"n","2806":" ","2807":" ","2808":" ","2809":" ","2810":" ","2811":" ","2812":" ","2813":" ","2814":" ","2815":" ","2816":":","2817":"m","2818":"a","2819":"x","2820":"l","2821":"e","2822":"n","2823":"g","2824":"t","2825":"h","2826":"=","2827":"\\","2828":"\"","2829":"m","2830":"a","2831":"x","2832":"\\","2833":"\"","2834":"\\","2835":"n","2836":" ","2837":" ","2838":" ","2839":" ","2840":" ","2841":" ","2842":" ","2843":" ","2844":" ","2845":" ","2846":"v","2847":"-","2848":"m","2849":"o","2850":"d","2851":"e","2852":"l","2853":"=","2854":"\\","2855":"\"","2856":"q","2857":"u","2858":"e","2859":"s","2860":"t","2861":"i","2862":"o","2863":"n","2864":"\\","2865":"\"","2866":"\\","2867":"n","2868":" ","2869":" ","2870":" ","2871":" ","2872":" ","2873":" ","2874":" ","2875":" ","2876":" ","2877":" ","2878":"@","2879":"i","2880":"n","2881":"p","2882":"u","2883":"t","2884":"=","2885":"\\","2886":"\"","2887":"h","2888":"a","2889":"n","2890":"d","2891":"l","2892":"e","2893":"Q","2894":"u","2895":"e","2896":"s","2897":"t","2898":"i","2
[...]
7":";","298":"I","299":"A","300":"C","301":"R","302":",","303":"S","304":"A","305":"A","306":"S","307":";","308":"I","309":"A","310":"A","311":"T","312":";","313":"I","314":"A","315":"A","316":"A","317":";","318":"I","319":"A","320":"A","321":"A","322":";","323":"I","324":"A","325":"A","326":"A","327":";","328":"E","329":"A","330":"C","331":"F","332":";","333":"A","334":"A","335":"C","336":"F","337":",","338":"C","339":"A","340":"A","341":"C","342":";","343":"A","344":"A","345":"A","346":"A","347":";","348":"A","349":"A","350":"A","351":"A","352":"\"","353":",","354":"\"","355":"f","356":"i","357":"l","358":"e","359":"\"","360":":","361":"\"","362":"/","363":"U","364":"s","365":"e","366":"r","367":"s","368":"/","369":"o","370":"m","371":"a","372":"r","373":"/","374":"D","375":"o","376":"c","377":"u","378":"m","379":"e","380":"n","381":"t","382":"s","383":"/","384":"w","385":"o","386":"r","387":"k","388":"/","389":"s","390":"i","391":"m","392":"p","393":"l","394":"e","395":"-","396":"p","397":"o","398":"l","399":"l","400":"/","401":"s","402":"r","403":"c","404":"/","405":"v","406":"i","407":"e","408":"w","409":"s","410":"/","411":"H","412":"o","413":"m","414":"e","415":"P","416":"a","417":"g","418":"e","419":"/","420":"H","421":"o","422":"m","423":"e","424":"P","425":"a","426":"g","427":"e","428":".","429":"v","430":"u","431":"e","432":"\"","433":",","434":"\"","435":"s","436":"o","437":"u","438":"r","439":"c","440":"e","441":"s","442":"C","443":"o","444":"n","445":"t","446":"e","447":"n","448":"t","449":"\"","450":":","451":"[","452":"\"","453":"<","454":"t","455":"e","456":"m","457":"p","458":"l","459":"a","460":"t","461":"e","462":">","463":"\\","464":"n","465":" ","466":" ","467":"<","468":"m","469":"a","470":"i","471":"n","472":">","473":"\\","474":"n","475":" ","476":" ","477":" ","478":" ","479":"<","480":"d","481":"i","482":"v","483":" ","484":"c","485":"l","486":"a","487":"s","488":"s","489":"=","490":"\\","491":"\"","492":"c","493":"o","494":"n","495":"t","496":"a","497":"i","498":"n","499":"e","500":"r","501":"\\","502":"\"","503":">","504":"\\","505":"n","506":" ","507":" ","508":" ","509":" ","510":" ","511":" ","512":"<","513":"d","514":"i","515":"v","516":" ","517":"c","518":"l","519":"a","520":"s","521":"s","522":"=","523":"\\","524":"\"","525":"r","526":"o","527":"w","528":" ","529":"t","530":"e","531":"x","532":"t","533":"-","534":"c","535":"e","536":"n","537":"t","538":"e","539":"r","540":"\\","541":"\"","542":">","543":"\\","544":"n","545":" ","546":" ","547":" ","548":" ","549":" ","550":" ","551":" ","552":" ","553":"<","554":"d","555":"i","556":"v","557":">","558":"\\","559":"n","560":" ","561":" ","562":" ","563":" ","564":" ","565":" ","566":" ","567":" ","568":" ","569":" ","570":"<","571":"h","572":"1","573":" ","574":"t","575":"e","576":"s","577":"t","578":"-","579":"d","580":"a","581":"t","582":"a","583":"-","584":"i","585":"d","586":"=","587":"\\","588":"\"","589":"t","590":"i","591":"t","592":"l","593":"e","594":"\\","595":"\"","596":" ","597":"c","598":"l","599":"a","600":"s","601":"s","602":"=","603":"\\","604":"\"","605":"t","606":"e","607":"x","608":"t","609":"-","610":"l","611":"i","612":"g","613":"h","614":"t","615":" ","616":"p","617":"y","618":"-","619":"4","620":"\\","621":"\"","622":">","623":"\\","624":"n","625":" ","626":" ","627":" ","628":" ","629":" ","630":" ","631":" ","632":" ","633":" ","634":" ","635":" ","636":" ","637":"C","638":"r","639":"e","640":"a","641":"t","642":"e","643":" ","644":"S","645":"i","646":"m","647":"p","648":"l","649":"e","650":" ","651":"P","652":"o","653":"l","654":"l","655":"!","656":"\\","657":"n","658":" ","659":" ","660":" ","661":" ","662":" ","663":" ","664":" ","665":" ","666":" ","667":" ","668":"<","669":"/","670":"h","671":"1","672":">","673":"\\","674":"n","675":" ","676":" ","677":" ","678":" ","679":" ","680":" ","681":" ","682":" ","683":"<","684":"/","685":"d","686":"i","687":"v","688":">","689":"\\","690":"n","691":" ","692":" ","693":" ","694":" ","695":" ","696":" ","697":"<","698":"/","699":"d","700":"i","701":"v","702":">","703":"\\","704":"n","705":" ","706":" ","707":" ","708":" ","709":" ","710":" ","711":"<","712":"!","713":"-","714":"-","715":" ","716":"D","717":"e","718":"s","719":"k","720":"t","721":"o","722":"p","723":" ","724":"-","725":"-","726":">","727":"\\","728":"n","729":" ","730":" ","731":" ","732":" ","733":" ","734":" ","735":"<","736":"d","737":"i","738":"v","739":" ","740":"c","741":"l","742":"a","743":"s","744":"s","745":"=","746":"\\","747":"\"","748":"d","749":"-","750":"l","751":"g","752":"-","753":"f","754":"l","755":"e","756":"x","757":" ","758":"w","759":"-","760":"a","761":"u","762":"t","763":"o","764":"\\","765":"\"","766":" ","767":"s","768":"t","769":"y","770":"l","771":"e","772":"=","773":"\\","774":"\"","775":"h","776":"e","777":"i","778":"g","779":"h","780":"t","781":":","782":" ","783":"1","784":"0","785":"0","786":"v","787":"h","788":"\\","789":"\"","790":">","791":"\\","792":"n","793":" ","794":" ","795":" ","796":" ","797":" ","798":" ","799":" ","800":" ","801":"<","802":"!","803":"-","804":"-","805":" ","806":"P","807":"o","808":"l","809":"l","810":" ","811":"F","812":"o","813":"r","814":"m","815":" ","816":"s","817":"e","818":"c","819":"t","820":"i","821":"o","822":"n","823":" ","824":"-","825":"-","826":">","827":"\\","828":"n","829":" ","830":" ","831":" ","832":" ","833":" ","834":" ","835":" ","836":" ","837":"<","838":"s","839":"e","840":"c","841":"t","842":"i","843":"o","844":"n","845":" ","846":"c","847":"l","848":"a","849":"s","850":"s","851":"=","852":"\\","853":"\"","854":"c","855":"o","856":"l","857":"-","858":"l","859":"g","860":"-","861":"4","862":" ","863":"p","864":"-","865":"l","866":"g","867":"-","868":"0","869":" ","870":"t","871":"e","872":"x","873":"t","874":"-","875":"s","876":"t","877":"a","878":"r","879":"t","880":"\\","881":"\"","882":">","883":"\\","884":"n","885":" ","886":" ","887":" ","888":" ","889":" ","890":" ","891":" ","892":" ","893":" ","894":" ","895":"<","896":"P","897":"o","898":"l","899":"l","900":"F","901":"o","902":"r","903":"m","904":" ","905":"/","906":">","907":"\\","908":"n","909":" ","910":" ","911":" ","912":" ","913":" ","914":" ","915":" ","916":" ","917":"<","918":"/","919":"s","920":"e","921":"c","922":"t","923":"i","924":"o","925":"n","926":">","927":"\\","928":"n","929":" ","930":" ","931":" ","932":" ","933":" ","934":" ","935":" ","936":" ","937":"<","938":"!","939":"-","940":"-","941":" ","942":"P","943":"o","944":"l","945":"l","946":" ","947":"V","948":"o","949":"t","950":"e","951":" ","952":"s","953":"e","954":"c","955":"t","956":"i","957":"o","958":"n","959":" ","960":"-","961":"-","962":">","963":"\\","964":"n","965":" ","966":" ","967":" ","968":" ","969":" ","970":" ","971":" ","972":" ","973":"<","974":"s","975":"e","976":"c","977":"t","978":"i","979":"o","980":"n","981":" ","982":"c","983":"l","984":"a","985":"s","986":"s","987":"=","988":"\\","989":"\"","990":"c","991":"o","992":"l","993":"-","994":"l","995":"g","996":"-","997":"4","998":" ","999":"p","1000":"x","1001":"-","1002":"l","1003":"g","1004":"-","1005":"2","1006":" ","1007":"p","1008":"t","1009":"-","1010":"l","1011":"g","1012":"-","1013":"0","1014":" ","1015":"p","1016":"y","1017":"-","1018":"2","1019":" ","1020":"t","1021":"e","1022":"x","1023":"t","1024":"-","1025":"s","1026":"t","1027":"a","1028":"r","1029":"t","1030":"\\","1031":"\"","1032":">","1033":"\\","1034":"n","1035":" ","1036":" ","1037":" ","1038":" ","1039":" ","1040":" ","1041":" ","1042":" ","1043":" ","1044":" ","1045":"<","1046":"P","1047":"o","1048":"l","1049":"l","1050":"V","1051":"o","1052":"t","1053":"e","1054":" ","1055":"/","1056":">","1057":"\\","1058":"n","1059":" ","1060":" ","1061":" ","1062":" ","1063":" ","1064":" ","1065":" ","1066":" ","1067":"<","1068":"/","1069":"s","1070":"e","1071":"c","1072":"t","1073":"i","1074":"o","1075":"n","1076":">","1077":"\\","1078":"n","1079":" ","1080":" ","1081":" ","1082":" ","1083":" ","1084":" ","1085":" ","1086":" ","1087":"<","1088":"!","1089":"-","1090":"-","1091":" ","1092":"P","1093":"o","1094":"l","1095":"l","1096":" ","1097":"C","1098":"h","1099":"a","1100":"r","1101":"t","1102":" ","1103":"s","1104":"e","1105":"c","1106":"t","1107":"i","1108":"o","1109":"n","1110":" ","1111":"-","1112":"-","1113":">","1114":"\\","1115":"n","1116":" ","1117":" ","1118":" ","1119":" ","1120":" ","1121":" ","1122":" ","1123":" ","1124":"<","1125":"s","1126":"e","1127":"c","1128":"t","1129":"i","1130":"o","1131":"n","1132":" ","1133":"c","1134":"l","1135":"a","1136":"s","1137":"s","1138":"=","1139":"\\","1140":"\"","1141":"c","1142":"o","1143":"l","1144":"-","1145":"l","1146":"g","1147":"-","1148":"4","1149":" ","1150":"p","1151":"-","1152":"l","1153":"g","1154":"-","1155":"0","1156":" ","1157":"t","1158":"e","1159":"x","1160":"t","1161":"-","1162":"c","1163":"e","1164":"n","1165":"t","1166":"e","1167":"r","1168":"\\","1169":"\"","1170":">","1171":"\\","1172":"n","1173":" ","1174":" ","1175":" ","1176":" ","1177":" ","1178":" ","1179":" ","1180":" ","1181":" ","1182":" ","1183":"<","1184":"P","1185":"o","1186":"l","1187":"l","1188":"C","1189":"h","1190":"a","1191":"r","1192":"t","1193":" ","1194":"/","1195":">","1196":"\\","1197":"n","1198":" ","1199":" ","1200":" ","1201":" ","1202":" ","1203":" ","1204":" ","1205":" ","1206":"<","1207":"/","1208":"s","1209":"e","1210":"c","1211":"t","1212":"i","1213":"o","1214":"n","1215":">","1216":"\\","1217":"n","1218":" ","1219":" ","1220":" ","1221":" ","1222":" ","1223":" ","1224":"<","1225":"/","1226":"d","1227":"i","1228":"v","1229":">","1230":"\\","1231":"n","1232":" ","1233":" ","1234":" ","1235":" ","1236":"<","1237":"/","1238":"d","1239":"i","1240":"v","1241":">","1242":"\\","1243":"n","1244":"\\","1245":"n","1246":" ","1247":" ","1248":" ","1249":" ","1250":"<","1251":"!","1252":"-","1253":"-","1254":" ","1255":"M","1256":"o","1257":"b","1258":"i","1259":"l","1260":"e","1261":" ","1262":"-","1263":"-","1264":">","1265":"\\","1266":"n","1267":" ","1268":" ","1269":"<","1270":"/","1271":"m","1272":"a","1273":"i","1274":"n","1275":">","1276":"\\","1277":"n","1278":"<","1279":"/","1280":"t","1281":"e","1282":"m","1283":"p","1284":"l","1285":"a","1286":"t","1287":"e","1288":">","1289":"\\","1290":"n","1291":"\\","1292":"n","1293":"<","1294":"s","1295":"c","1296":"r","1297":"i","1298":"p","1299":"t","1300":">","1301":"\\","1302":"n","1303":"i","1304":"m","1305":"p","1306":"o","1307":"r","1308":"t","1309":" ","1310":"P","1311":"o","1312":"l","1313":"l","1314":"F","1315":"o","1316":"r","1317":"m","1318":" ","1319":"f","1320":"r","1321":"o","1322":"m","1323":" ","1324":"\\","1325":"\"","1326":"@","1327":"/","1328":"c","1329":"o","1330":"m","1331":"p","1332":"o","1333":"n","1334":"e","1335":"n","1336":"t","1337":"s","1338":"/","1339":"P","1340":"o","1341":"l","1342":"l","1343":"F","1344":"o","1345":"r","1346":"m","1347":"/","1348":"P","1349":"o","1350":"l","1351":"l","1352":"F","1353":"o","1354":"r","1355":"m","1356":".","1357":"v","1358":"u","1359":"e","1360":"\\","1361":"\"","1362":";","1363":"\\","1364":"n","1365":"i","1366":"m","1367":"p","1368":"o","1369":"r","1370":"t","1371":" ","1372":"P","1373":"o","1374":"l","1375":"l","1376":"V","1377":"o","1378":"t","1379":"e","1380":" ","1381":"f","1382":"r","1383":"o","1384":"m","1385":" ","1386":"\\","1387":"\"","1388":"@","1389":"/","1390":"c","1391":"o","1392":"m","1393":"p","1394":"o","1395":"n","1396":"e","1397":"n","1398":"t","1399":"s","1400":"/","1401":"P","1402":"o","1403":"l","1404":"l","1405":"V","1406":"o","1407":"t","1408":"e","1409":"/","1410":"P","1411":"o","1412":"l","1413":"l","1414":"V","1415":"o","1416":"t","1417":"e","1418":".","1419":"v","1420":"u","1421":"e","1422":"\\","1423":"\"","1424":";","1425":"\\","1426":"n","1427":"i","1428":"m","1429":"p","1430":"o","1431":"r","1432":"t","1433":" ","1434":"P","1435":"o","1436":"l","1437":"l","1438":"C","1439":"h","1440":"a","1441":"r","1442":"t","1443":" ","1444":"f","1445":"r","1446":"o","1447":"m","1448":" ","1449":"\\","1450":"\"","1451":"@","1452":"/","1453":"c","1454":"o","1455":"m","1456":"p","1457":"o","1458":"n","1459":"e","1460":"n","1461":"t","1462":"s","1463":"/","1464":"P","1465":"o","1466":"l","1467":"l","1468":"C","1469":"h","1470":"a","1471":"r","1472":"t","1473":"/","1474":"P","1475":"o","1476":"l","1477":"l","1478":"C","1479":"h","1480":"a","1481":"r","1482":"t","1483":".","1484":"v","1485":"u","1486":"e","1487":"\\","1488":"\"","1489":";","1490":"\\","1491":"n","1492":"\\","1493":"n","1494":"e","1495":"x","1496":"p","1497":"o","1498":"r","1499":"t","1500":" ","1501":"d","1502":"e","1503":"f","1504":"a","1505":"u","1506":"l","1507":"t","1508":" ","1509":"{","1510":"\\","1511":"n","1512":" ","1513":" ","1514":"n","1515":"a","1516":"m","1517":"e","1518":":","1519":" ","1520":"\\","1521":"\"","1522":"H","1523":"o","1524":"m","1525":"e","1526":"P","1527":"a","1528":"g","1529":"e","1530":"\\","1531":"\"","1532":",","1533":"\\","1534":"n","1535":" ","1536":" ","1537":"c","1538":"o","1539":"m","1540":"p","1541":"o","1542":"n","1543":"e","1544":"n","1545":"t","1546":"s","1547":":","1548":" ","1549":"{","1550":"\\","1551":"n","1552":" ","1553":" ","1554":" ","1555":" ","1556":"P","1557":"o","1558":"l","1559":"l","1560":"F","1561":"o","1562":"r","1563":"m","1564":",","1565":"\\","1566":"n","1567":" ","1568":" ","1569":" ","1570":" ","1571":"P","1572":"o","1573":"l","1574":"l","1575":"V","1576":"o","1577":"t","1578":"e","1579":",","1580":"\\","1581":"n","1582":" ","1583":" ","1584":" ","1585":" ","1586":"P","1587":"o","1588":"l","1589":"l","1590":"C","1591":"h","1592":"a","1593":"r","1594":"t","1595":",","1596":"\\","1597":"n","1598":" ","1599":" ","1600":"}","1601":",","1602":"\\","1603":"n","1604":"}","1605":";","1606":"\\","1607":"n","1608":"<","1609":"/","1610":"s","1611":"c","1612":"r","1613":"i","1614":"p","1615":"t","1616":">","1617":"\\","1618":"n","1619":"\\","1620":"n","1621":"<","1622":"!","1623":"-","1624":"-","1625":" ","1626":"A","1627":"d","1628":"d","1629":" ","1630":"\\","1631":"\"","1632":"s","1633":"c","1634":"o","1635":"p","1636":"e","1637":"d","1638":"\\","1639":"\"","1640":" ","1641":"a","1642":"t","1643":"t","1644":"r","1645":"i","1646":"b","1647":"u","1648":"t","1649":"e","1650":" ","1651":"t","1652":"o","1653":" ","1654":"l","1655":"i","1656":"m","1657":"i","1658":"t","1659":" ","1660":"C","1661":"S","1662":"S","1663":" ","1664":"t","1665":"o","1666":" ","1667":"t","1668":"h","1669":"i","1670":"s","1671":" ","1672":"c","1673":"o","1674":"m","1675":"p","1676":"o","1677":"n","1678":"e","1679":"n","1680":"t","1681":" ","1682":"o","1683":"n","1684":"l","1685":"y","1686":" ","1687":"-","1688":"-","1689":">","1690":"\\","1691":"n","1692":"<","1693":"s","1694":"t","1695":"y","1696":"l","1697":"e","1698":" ","1699":"s","1700":"c","1701":"o","1702":"p","1703":"e","1704":"d","1705":" ","1706":"l","1707":"a","1708":"n","1709":"g","1710":"=","1711":"\\","1712":"\"","1713":"s","1714":"c","1715":"s","1716":"s","1717":"\\","1718":"\"","1719":">","1720":"\\","1721":"n","1722":"m","1723":"a","1724":"i","1725":"n","1726":" ","1727":"{","1728":"\\","1729":"n","1730":" ","1731":" ","1732":"f","1733":"o","1734":"n","1735":"t","1736":"-","1737":"f","1738":"a","1739":"m","1740":"i","1741":"l","1742":"y","1743":":","1744":" ","1745":"R","1746":"o","1747":"b","1748":"o","1749":"t","1750":"o","1751":",","1752":" ","1753":"H","1754":"e","1755":"l","1756":"v","1757":"e","1758":"t","1759":"i","1760":"c","1761":"a","1762":",","1763":" ","1764":"A","1765":"r","1766":"i","1767":"a","1768":"l","1769":",","1770":" ","1771":"s","1772":"a","1773":"n","1774":"s","1775":"-","1776":"s","1777":"e","1778":"r","1779":"i","1780":"f","1781":";","1782":"\\","1783":"n","1784":" ","1785":" ","1786":"/","1787":"*","1788":" ","1789":"T","1790":"h","1791":"e","1792":" ","1793":"i","1794":"m","1795":"a","1796":"g","1797":"e","1798":" ","1799":"u","1800":"s","1801":"e","1802":"d","1803":" ","1804":"*","1805":"/","1806":"\\","1807":"n","1808":" ","1809":" ","1810":"b","1811":"a","1812":"c","1813":"k","1814":"g","1815":"r","1816":"o","1817":"u","1818":"n","1819":"d","1820":"-","1821":"i","1822":"m","1823":"a","1824":"g","1825":"e","1826":":","1827":" ","1828":"u","1829":"r","1830":"l","1831":"(","1832":"\\","1833":"\"","1834":".","1835":".","1836":"/","1837":".","1838":".","1839":"/","1840":"a","1841":"s","1842":"s","1843":"e","1844":"t","1845":"s","1846":"/","1847":"i","1848":"m","1849":"a","1850":"g","1851":"e","1852":"s","1853":"/","1854":"m","1855":"a","1856":"i","1857":"n","1858":".","1859":"j","1860":"p","1861":"e","1862":"g","1863":"\\","1864":"\"","1865":")","1866":";","1867":"\\","1868":"n","1869":"\\","1870":"n","1871":" ","1872":" ","1873":"/","1874":"*","1875":" ","1876":"F","1877":"u","1878":"l","1879":"l","1880":" ","1881":"h","1882":"e","1883":"i","1884":"g","1885":"h","1886":"t","1887":" ","1888":"*","1889":"/","1890":"\\","1891":"n","1892":" ","1893":" ","1894":"h","1895":"e","1896":"i","1897":"g","1898":"h","1899":"t","1900":":","1901":" ","1902":"1","1903":"0","1904":"0","1905":"%","1906":";","1907":"\\","1908":"n","1909":"\\","1910":"n","1911":" ","1912":" ","1913":"/","1914":"*","1915":" ","1916":"C","1917":"e","1918":"n","1919":"t","1920":"e","1921":"r","1922":" ","1923":"a","1924":"n","1925":"d","1926":" ","1927":"s","1928":"c","1929":"a","1930":"l","1931":"e","1932":" ","1933":"t","1934":"h","1935":"e","1936":" ","1937":"i","1938":"m","1939":"a","1940":"g","1941":"e","1942":" ","1943":"n","1944":"i","1945":"c","1946":"e","1947":"l","1948":"y","1949":" ","1950":"*","1951":"/","1952":"\\","1953":"n","1954":" ","1955":" ","1956":"b","1957":"a","1958":"c","1959":"k","1960":"g","1961":"r","1962":"o","1963":"u","1964":"n","1965":"d","1966":"-","1967":"p","1968":"o","1969":"s","1970":"i","1971":"t","1972":"i","1973":"o","1974":"n","1975":":","1976":" ","1977":"c","1978":"e","1979":"n","1980":"t","1981":"e","1982":"r","1983":";","1984":"\\","1985":"n","1986":" ","1987":" ","1988":"b","1989":"a","1990":"c","1991":"k","1992":"g","1993":"r","1994":"o","1995":"u","1996":"n","1997":"d","1998":"-","1999":"r","2000":"e","2001":"p","2002":"e","2003":"a","2004":"t","2005":":","2006":" ","2007":"n","2008":"o","2009":"-","2010":"r","2011":"e","2012":"p","2013":"e","2014":"a","2015":"t","2016":";","2017":"\\","2018":"n","2019":" ","2020":" ","2021":"b","2022":"a","2023":"c","2024":"k","2025":"g","2026":"r","2027":"o","2028":"u","2029":"n","2030":"d","2031":"-","2032":"s","2033":"i","2034":"z","2035":"e","2036":":","2037":" ","2038":"c","2039":"o","2040":"v","2041":"e","2042":"r","2043":";","2044":"\\","2045":"n","2046":" ","2047":" ","2048":"z","2049":"-","2050":"i","2051":"n","2052":"d","2053":"e","2054":"x","2055":":","2056":" ","2057":"-","2058":"1","2059":";","2060":"\\","2061":"n","2062":"}","2063":"\\","2064":"n","2065":"\\","2066":"n","2067":"@","2068":"m","2069":"e","2070":"d","2071":"i","2072":"a","2073":" ","2074":"(","2075":"m","2076":"a","2077":"x","2078":"-","2079":"w","2080":"i","2081":"d","2082":"t","2083":"h","2084":":","2085":" ","2086":"9","2087":"6","2088":"0","2089":"p","2090":"x","2091":")","2092":" ","2093":"{","2094":"\\","2095":"n","2096":" ","2097":" ","2098":"m","2099":"a","2100":"i","2101":"n","2102":" ","2103":"{","2104":"\\","2105":"n","2106":" ","2107":" ","2108":" ","2109":" ","2110":"b","2111":"a","2112":"c","2113":"k","2114":"g","2115":"r","2116":"o","2117":"u","2118":"n","2119":"d","2120":"-","2121":"i","2122":"m","2123":"a","2124":"g","2125":"e","2126":":","2127":" ","2128":"n","2129":"o","2130":"n","2131":"e","2132":";","2133":"\\","2134":"n","2135":" ","2136":" ","2137":"}","2138":"\\","2139":"n","2140":"}","2141":"\\","2142":"n","2143":"<","2144":"/","2145":"s","2146":"t","2147":"y","2148":"l","2149":"e","2150":">","2151":"\\","2152":"n","2153":"\"","2154":"]","2155":"}"},"_coverageSchema":"1a1c01bbd47fc00a2c39e90264f33305004495a9","hash":"de4b22694286110d61ca702405a015b36e18796b"}
}
