{"/Users/omar/Documents/work/vue-single-app-template/src/App.vue": {"path":"/Users/omar/Documents/work/vue-single-app-template/src/App.vue","statementMap":{"0":{"start":{"line":4,"column":29},"end":{"line":4,"column":159}},"1":{"start":{"line":5,"column":0},"end":{"line":7,"column":3}},"2":{"start":{"line":8,"column":0},"end":{"line":8,"column":25}},"3":{"start":{"line":25,"column":0},"end":{"line":25,"column":13}},"4":{"start":{"line":27,"column":0},"end":{"line":29,"column":3}},"5":{"start":{"line":30,"column":0},"end":{"line":30,"column":24}},"6":{"start":{"line":31,"column":11},"end":{"line":31,"column":25}},"7":{"start":{"line":33,"column":30},"end":{"line":33,"column":68}},"8":{"start":{"line":34,"column":2},"end":{"line":34,"column":75}},"9":{"start":{"line":35,"column":2},"end":{"line":35,"column":49}}},"fnMap":{"0":{"name":"render","decl":{"start":{"line":32,"column":9},"end":{"line":32,"column":15}},"loc":{"start":{"line":32,"column":30},"end":{"line":35,"column":1}},"line":32}},"branchMap":{},"s":{"0":0,"1":0,"2":0,"3":0,"4":0,"5":0,"6":0,"7":0,"8":0,"9":0},"f":{"0":0},"b":{},"inputSourceMap":{"0":"{","1":"\"","2":"v","3":"e","4":"r","5":"s","6":"i","7":"o","8":"n","9":"\"","10":":","11":"3","12":",","13":"\"","14":"s","15":"o","16":"u","17":"r","18":"c","19":"e","20":"s","21":"\"","22":":","23":"[","24":"\"","25":"/","26":"U","27":"s","28":"e","29":"r","30":"s","31":"/","32":"o","33":"m","34":"a","35":"r","36":"/","37":"D","38":"o","39":"c","40":"u","41":"m","42":"e","43":"n","44":"t","45":"s","46":"/","47":"w","48":"o","49":"r","50":"k","51":"/","52":"v","53":"u","54":"e","55":"-","56":"s","57":"i","58":"n","59":"g","60":"l","61":"e","62":"-","63":"a","64":"p","65":"p","66":"-","67":"t","68":"e","69":"m","70":"p","71":"l","72":"a","73":"t","74":"e","75":"/","76":"s","77":"r","78":"c","79":"/","80":"A","81":"p","82":"p","83":".","84":"v","85":"u","86":"e","87":"\"","88":"]","89":",","90":"\"","91":"n","92":"a","93":"m","94":"e","95":"s","96":"\"","97":":","98":"[","99":"]","100":",","101":"\"","102":"m","103":"a","104":"p","105":"p","106":"i","107":"n","108":"g","109":"s","110":"\"","111":":","112":"\"","113":";","114":";","115":";","116":";","117":";","118":";","119":";","120":";","121":"A","122":"A","123":"K","124":"A","125":";","126":"A","127":"A","128":"A","129":"A","130":";","131":"A","132":"A","133":"A","134":"A","135":";","136":"A","137":"A","138":"A","139":"q","140":"D","141":";","142":"A","143":"A","144":"A","145":"A","146":",","147":"e","148":"A","149":"E","150":"t","151":"C","152":";","153":"E","154":"A","155":"C","156":"b","157":",","158":"I","159":"A","160":"A","161":"I","162":",","163":"E","164":"A","165":"A","166":"E","167":",","168":"K","169":"A","170":"A","171":"K","172":";","173":"E","174":"A","175":"C","176":"X","177":",","178":"U","179":"A","180":"A","181":"U","182":",","183":"E","184":"A","185":"A","186":"E","187":";","188":"I","189":"A","190":"C","191":"V","192":",","193":"Q","194":"A","195":"A","196":"Q","197":";","198":"I","199":"A","200":"A","201":"R","202":";","203":"I","204":"A","205":"A","206":"A","207":";","208":"I","209":"A","210":"A","211":"A","212":";","213":"I","214":"A","215":"A","216":"A","217":";","218":"E","219":"A","220":"C","221":"F","222":";","223":"A","224":"A","225":"C","226":"F","227":",","228":"C","229":"A","230":"A","231":"C","232":";","233":"A","234":"A","235":"A","236":"A","237":";","238":"A","239":"A","240":"A","241":"A","242":"\"","243":",","244":"\"","245":"f","246":"i","247":"l","248":"e","249":"\"","250":":","251":"\"","252":"/","253":"U","254":"s","255":"e","256":"r","257":"s","258":"/","259":"o","260":"m","261":"a","262":"r","263":"/","264":"D","265":"o","266":"c","267":"u","268":"m","269":"e","270":"n","271":"t","272":"s","273":"/","274":"w","275":"o","276":"r","277":"k","278":"/","279":"v","280":"u","281":"e","282":"-","283":"s","284":"i","285":"n","286":"g","287":"l","288":"e","289":"-","290":"a","291":"p","292":"p","293":"-","294":"t","295":"e","296":"m","297":"p","298":"l","299":"a","300":"t","301":"e","302":"/","303":"s","304":"r","305":"c","306":"/","307":"A","308":"p","309":"p","310":".","311":"v","312":"u","313":"e","314":"\"","315":",","316":"\"","317":"s","318":"o","319":"u","320":"r","321":"c","322":"e","323":"s","324":"C","325":"o","326":"n","327":"t","328":"e","329":"n","330":"t","331":"\"","332":":","333":"[","334":"\"","335":"<","336":"t","337":"e","338":"m","339":"p","340":"l","341":"a","342":"t","343":"e","344":">","345":"\\","346":"n","347":" ","348":" ","349":"<","350":"H","351":"o","352":"m","353":"e","354":"P","355":"a","356":"g","357":"e","358":" ","359":"/","360":">","361":"\\","362":"n","363":"<","364":"/","365":"t","366":"e","367":"m","368":"p","369":"l","370":"a","371":"t","372":"e","373":">","374":"\\","375":"n","376":"\\","377":"n","378":"<","379":"s","380":"c","381":"r","382":"i","383":"p","384":"t","385":">","386":"\\","387":"n","388":"i","389":"m","390":"p","391":"o","392":"r","393":"t","394":" ","395":"H","396":"o","397":"m","398":"e","399":"P","400":"a","401":"g","402":"e","403":" ","404":"f","405":"r","406":"o","407":"m","408":" ","409":"\\","410":"\"","411":".","412":"/","413":"v","414":"i","415":"e","416":"w","417":"s","418":"/","419":"H","420":"o","421":"m","422":"e","423":"P","424":"a","425":"g","426":"e","427":"/","428":"H","429":"o","430":"m","431":"e","432":"P","433":"a","434":"g","435":"e","436":".","437":"v","438":"u","439":"e","440":"\\","441":"\"","442":";","443":"\\","444":"n","445":"\\","446":"n","447":"e","448":"x","449":"p","450":"o","451":"r","452":"t","453":" ","454":"d","455":"e","456":"f","457":"a","458":"u","459":"l","460":"t","461":" ","462":"{","463":"\\","464":"n","465":" ","466":" ","467":"n","468":"a","469":"m","470":"e","471":":","472":" ","473":"\\","474":"\"","475":"A","476":"p","477":"p","478":"\\","479":"\"","480":",","481":"\\","482":"n","483":" ","484":" ","485":"c","486":"o","487":"m","488":"p","489":"o","490":"n","491":"e","492":"n","493":"t","494":"s","495":":","496":" ","497":"{","498":"\\","499":"n","500":" ","501":" ","502":" ","503":" ","504":"H","505":"o","506":"m","507":"e","508":"P","509":"a","510":"g","511":"e","512":",","513":"\\","514":"n","515":" ","516":" ","517":"}","518":",","519":"\\","520":"n","521":"}","522":";","523":"\\","524":"n","525":"<","526":"/","527":"s","528":"c","529":"r","530":"i","531":"p","532":"t","533":">","534":"\\","535":"n","536":"\\","537":"n","538":"<","539":"s","540":"t","541":"y","542":"l","543":"e","544":" ","545":"l","546":"a","547":"n","548":"g","549":"=","550":"\\","551":"\"","552":"s","553":"c","554":"s","555":"s","556":"\\","557":"\"","558":">","559":"\\","560":"n","561":"#","562":"a","563":"p","564":"p","565":" ","566":"{","567":"\\","568":"n","569":" ","570":" ","571":"f","572":"o","573":"n","574":"t","575":"-","576":"f","577":"a","578":"m","579":"i","580":"l","581":"y","582":":","583":" ","584":"A","585":"v","586":"e","587":"n","588":"i","589":"r","590":",","591":" ","592":"H","593":"e","594":"l","595":"v","596":"e","597":"t","598":"i","599":"c","600":"a","601":",","602":" ","603":"A","604":"r","605":"i","606":"a","607":"l","608":",","609":" ","610":"s","611":"a","612":"n","613":"s","614":"-","615":"s","616":"e","617":"r","618":"i","619":"f","620":";","621":"\\","622":"n","623":" ","624":" ","625":"-","626":"w","627":"e","628":"b","629":"k","630":"i","631":"t","632":"-","633":"f","634":"o","635":"n","636":"t","637":"-","638":"s","639":"m","640":"o","641":"o","642":"t","643":"h","644":"i","645":"n","646":"g","647":":","648":" ","649":"a","650":"n","651":"t","652":"i","653":"a","654":"l","655":"i","656":"a","657":"s","658":"e","659":"d","660":";","661":"\\","662":"n","663":" ","664":" ","665":"-","666":"m","667":"o","668":"z","669":"-","670":"o","671":"s","672":"x","673":"-","674":"f","675":"o","676":"n","677":"t","678":"-","679":"s","680":"m","681":"o","682":"o","683":"t","684":"h","685":"i","686":"n","687":"g","688":":","689":" ","690":"g","691":"r","692":"a","693":"y","694":"s","695":"c","696":"a","697":"l","698":"e","699":";","700":"\\","701":"n","702":" ","703":" ","704":"t","705":"e","706":"x","707":"t","708":"-","709":"a","710":"l","711":"i","712":"g","713":"n","714":":","715":" ","716":"c","717":"e","718":"n","719":"t","720":"e","721":"r","722":";","723":"\\","724":"n","725":" ","726":" ","727":"c","728":"o","729":"l","730":"o","731":"r","732":":","733":" ","734":"#","735":"2","736":"c","737":"3","738":"e","739":"5","740":"0","741":";","742":"\\","743":"n","744":" ","745":" ","746":"m","747":"a","748":"r","749":"g","750":"i","751":"n","752":"-","753":"t","754":"o","755":"p","756":":","757":" ","758":"6","759":"0","760":"p","761":"x","762":";","763":"\\","764":"n","765":"}","766":"\\","767":"n","768":"<","769":"/","770":"s","771":"t","772":"y","773":"l","774":"e","775":">","776":"\\","777":"n","778":"\"","779":"]","780":"}"}}
,"/Users/omar/Documents/work/vue-single-app-template/src/main.js": {"path":"/Users/omar/Documents/work/vue-single-app-template/src/main.js","statementMap":{"0":{"start":{"line":6,"column":0},"end":{"line":6,"column":29}}},"fnMap":{},"branchMap":{},"s":{"0":0},"f":{},"b":{}}
,"/Users/omar/Documents/work/vue-single-app-template/src/components/HelloWorld/HelloWorld.vue": {"path":"/Users/omar/Documents/work/vue-single-app-template/src/components/HelloWorld/HelloWorld.vue","statementMap":{"0":{"start":{"line":4,"column":0},"end":{"line":6,"column":3}},"1":{"start":{"line":7,"column":0},"end":{"line":7,"column":25}},"2":{"start":{"line":8,"column":15},"end":{"line":10,"column":1}},"3":{"start":{"line":13,"column":0},"end":{"line":13,"column":13}},"4":{"start":{"line":15,"column":0},"end":{"line":17,"column":3}},"5":{"start":{"line":18,"column":0},"end":{"line":18,"column":24}},"6":{"start":{"line":19,"column":11},"end":{"line":19,"column":25}},"7":{"start":{"line":20,"column":19},"end":{"line":22,"column":1}},"8":{"start":{"line":23,"column":32},"end":{"line":25,"column":45}},"9":{"start":{"line":26,"column":19},"end":{"line":26,"column":31}},"10":{"start":{"line":28,"column":2},"end":{"line":28,"column":92}},"11":{"start":{"line":29,"column":2},"end":{"line":29,"column":49}}},"fnMap":{"0":{"name":"render","decl":{"start":{"line":27,"column":9},"end":{"line":27,"column":15}},"loc":{"start":{"line":27,"column":30},"end":{"line":29,"column":1}},"line":27}},"branchMap":{},"s":{"0":1,"1":1,"2":1,"3":1,"4":1,"5":1,"6":1,"7":1,"8":1,"9":1,"10":1,"11":1},"f":{"0":1},"b":{},"inputSourceMap":{"0":"{","1":"\"","2":"v","3":"e","4":"r","5":"s","6":"i","7":"o","8":"n","9":"\"","10":":","11":"3","12":",","13":"\"","14":"s","15":"o","16":"u","17":"r","18":"c","19":"e","20":"s","21":"\"","22":":","23":"[","24":"\"","25":"/","26":"U","27":"s","28":"e","29":"r","30":"s","31":"/","32":"o","33":"m","34":"a","35":"r","36":"/","37":"D","38":"o","39":"c","40":"u","41":"m","42":"e","43":"n","44":"t","45":"s","46":"/","47":"w","48":"o","49":"r","50":"k","51":"/","52":"v","53":"u","54":"e","55":"-","56":"s","57":"i","58":"n","59":"g","60":"l","61":"e","62":"-","63":"a","64":"p","65":"p","66":"-","67":"t","68":"e","69":"m","70":"p","71":"l","72":"a","73":"t","74":"e","75":"/","76":"s","77":"r","78":"c","79":"/","80":"c","81":"o","82":"m","83":"p","84":"o","85":"n","86":"e","87":"n","88":"t","89":"s","90":"/","91":"H","92":"e","93":"l","94":"l","95":"o","96":"W","97":"o","98":"r","99":"l","100":"d","101":"/","102":"H","103":"e","104":"l","105":"l","106":"o","107":"W","108":"o","109":"r","110":"l","111":"d","112":".","113":"v","114":"u","115":"e","116":"\"","117":"]","118":",","119":"\"","120":"n","121":"a","122":"m","123":"e","124":"s","125":"\"","126":":","127":"[","128":"]","129":",","130":"\"","131":"m","132":"a","133":"p","134":"p","135":"i","136":"n","137":"g","138":"s","139":"\"","140":":","141":"\"","142":";","143":";","144":";","145":";","146":";","147":";","148":";","149":"e","150":"A","151":"O","152":"e","153":";","154":"E","155":"A","156":"C","157":"b","158":",","159":"I","160":"A","161":"A","162":"I","163":",","164":"E","165":"A","166":"A","167":"E","168":";","169":"A","170":"A","171":"C","172":"R","173":",","174":"C","175":"A","176":"A","177":"C","178":";","179":"A","180":"A","181":"A","182":"A","183":";","184":"A","185":"A","186":"A","187":"A","188":"\"","189":",","190":"\"","191":"f","192":"i","193":"l","194":"e","195":"\"","196":":","197":"\"","198":"/","199":"U","200":"s","201":"e","202":"r","203":"s","204":"/","205":"o","206":"m","207":"a","208":"r","209":"/","210":"D","211":"o","212":"c","213":"u","214":"m","215":"e","216":"n","217":"t","218":"s","219":"/","220":"w","221":"o","222":"r","223":"k","224":"/","225":"v","226":"u","227":"e","228":"-","229":"s","230":"i","231":"n","232":"g","233":"l","234":"e","235":"-","236":"a","237":"p","238":"p","239":"-","240":"t","241":"e","242":"m","243":"p","244":"l","245":"a","246":"t","247":"e","248":"/","249":"s","250":"r","251":"c","252":"/","253":"c","254":"o","255":"m","256":"p","257":"o","258":"n","259":"e","260":"n","261":"t","262":"s","263":"/","264":"H","265":"e","266":"l","267":"l","268":"o","269":"W","270":"o","271":"r","272":"l","273":"d","274":"/","275":"H","276":"e","277":"l","278":"l","279":"o","280":"W","281":"o","282":"r","283":"l","284":"d","285":".","286":"v","287":"u","288":"e","289":"\"","290":",","291":"\"","292":"s","293":"o","294":"u","295":"r","296":"c","297":"e","298":"s","299":"C","300":"o","301":"n","302":"t","303":"e","304":"n","305":"t","306":"\"","307":":","308":"[","309":"\"","310":"<","311":"t","312":"e","313":"m","314":"p","315":"l","316":"a","317":"t","318":"e","319":">","320":"\\","321":"n","322":" ","323":" ","324":"<","325":"d","326":"i","327":"v","328":" ","329":"c","330":"l","331":"a","332":"s","333":"s","334":"=","335":"\\","336":"\"","337":"h","338":"e","339":"l","340":"l","341":"o","342":"\\","343":"\"","344":">","345":"\\","346":"n","347":" ","348":" ","349":" ","350":" ","351":"<","352":"h","353":"1","354":" ","355":"t","356":"e","357":"s","358":"t","359":"-","360":"d","361":"a","362":"t","363":"-","364":"i","365":"d","366":"=","367":"\\","368":"\"","369":"h","370":"e","371":"l","372":"l","373":"o","374":"-","375":"t","376":"i","377":"t","378":"l","379":"e","380":"\\","381":"\"","382":">","383":"H","384":"e","385":"l","386":"l","387":"o","388":" ","389":"W","390":"o","391":"r","392":"l","393":"d","394":" ","395":"C","396":"o","397":"m","398":"p","399":"o","400":"n","401":"e","402":"n","403":"t","404":"<","405":"/","406":"h","407":"1","408":">","409":"\\","410":"n","411":" ","412":" ","413":"<","414":"/","415":"d","416":"i","417":"v","418":">","419":"\\","420":"n","421":"<","422":"/","423":"t","424":"e","425":"m","426":"p","427":"l","428":"a","429":"t","430":"e","431":">","432":"\\","433":"n","434":"\\","435":"n","436":"<","437":"s","438":"c","439":"r","440":"i","441":"p","442":"t","443":">","444":"\\","445":"n","446":"e","447":"x","448":"p","449":"o","450":"r","451":"t","452":" ","453":"d","454":"e","455":"f","456":"a","457":"u","458":"l","459":"t","460":" ","461":"{","462":"\\","463":"n","464":" ","465":" ","466":"n","467":"a","468":"m","469":"e","470":":","471":" ","472":"\\","473":"\"","474":"H","475":"e","476":"l","477":"l","478":"o","479":"W","480":"o","481":"r","482":"l","483":"d","484":"\\","485":"\"","486":",","487":"\\","488":"n","489":"}","490":";","491":"\\","492":"n","493":"<","494":"/","495":"s","496":"c","497":"r","498":"i","499":"p","500":"t","501":">","502":"\\","503":"n","504":"\\","505":"n","506":"<","507":"!","508":"-","509":"-","510":" ","511":"A","512":"d","513":"d","514":" ","515":"\\","516":"\"","517":"s","518":"c","519":"o","520":"p","521":"e","522":"d","523":"\\","524":"\"","525":" ","526":"a","527":"t","528":"t","529":"r","530":"i","531":"b","532":"u","533":"t","534":"e","535":" ","536":"t","537":"o","538":" ","539":"l","540":"i","541":"m","542":"i","543":"t","544":" ","545":"C","546":"S","547":"S","548":" ","549":"t","550":"o","551":" ","552":"t","553":"h","554":"i","555":"s","556":" ","557":"c","558":"o","559":"m","560":"p","561":"o","562":"n","563":"e","564":"n","565":"t","566":" ","567":"o","568":"n","569":"l","570":"y","571":" ","572":"-","573":"-","574":">","575":"\\","576":"n","577":"<","578":"s","579":"t","580":"y","581":"l","582":"e","583":" ","584":"s","585":"c","586":"o","587":"p","588":"e","589":"d","590":" ","591":"l","592":"a","593":"n","594":"g","595":"=","596":"\\","597":"\"","598":"s","599":"c","600":"s","601":"s","602":"\\","603":"\"","604":">","605":"\\","606":"n","607":"h","608":"1","609":" ","610":"{","611":"\\","612":"n","613":" ","614":" ","615":"m","616":"a","617":"r","618":"g","619":"i","620":"n","621":":","622":" ","623":"4","624":"0","625":"p","626":"x","627":" ","628":"0","629":" ","630":"0","631":";","632":"\\","633":"n","634":"}","635":"\\","636":"n","637":"<","638":"/","639":"s","640":"t","641":"y","642":"l","643":"e","644":">","645":"\\","646":"n","647":"\"","648":"]","649":"}"},"_coverageSchema":"1a1c01bbd47fc00a2c39e90264f33305004495a9","hash":"e2bd1929b19b497529d12c87cc4333a8ef257ccb"}
,"/Users/omar/Documents/work/vue-single-app-template/src/views/HomePage/HomePage.vue": {"path":"/Users/omar/Documents/work/vue-single-app-template/src/views/HomePage/HomePage.vue","statementMap":{"0":{"start":{"line":4,"column":29},"end":{"line":4,"column":159}},"1":{"start":{"line":5,"column":0},"end":{"line":7,"column":3}},"2":{"start":{"line":8,"column":0},"end":{"line":8,"column":25}},"3":{"start":{"line":25,"column":0},"end":{"line":25,"column":13}},"4":{"start":{"line":27,"column":0},"end":{"line":29,"column":3}},"5":{"start":{"line":30,"column":0},"end":{"line":30,"column":24}},"6":{"start":{"line":31,"column":11},"end":{"line":31,"column":25}},"7":{"start":{"line":32,"column":19},"end":{"line":34,"column":1}},"8":{"start":{"line":35,"column":32},"end":{"line":35,"column":104}},"9":{"start":{"line":38,"column":32},"end":{"line":38,"column":72}},"10":{"start":{"line":39,"column":2},"end":{"line":39,"column":140}},"11":{"start":{"line":40,"column":2},"end":{"line":40,"column":49}}},"fnMap":{"0":{"name":"render","decl":{"start":{"line":37,"column":9},"end":{"line":37,"column":15}},"loc":{"start":{"line":37,"column":30},"end":{"line":40,"column":1}},"line":37}},"branchMap":{},"s":{"0":0,"1":0,"2":0,"3":0,"4":0,"5":0,"6":0,"7":0,"8":0,"9":0,"10":0,"11":0},"f":{"0":0},"b":{},"inputSourceMap":{"0":"{","1":"\"","2":"v","3":"e","4":"r","5":"s","6":"i","7":"o","8":"n","9":"\"","10":":","11":"3","12":",","13":"\"","14":"s","15":"o","16":"u","17":"r","18":"c","19":"e","20":"s","21":"\"","22":":","23":"[","24":"\"","25":"/","26":"U","27":"s","28":"e","29":"r","30":"s","31":"/","32":"o","33":"m","34":"a","35":"r","36":"/","37":"D","38":"o","39":"c","40":"u","41":"m","42":"e","43":"n","44":"t","45":"s","46":"/","47":"w","48":"o","49":"r","50":"k","51":"/","52":"v","53":"u","54":"e","55":"-","56":"s","57":"i","58":"n","59":"g","60":"l","61":"e","62":"-","63":"a","64":"p","65":"p","66":"-","67":"t","68":"e","69":"m","70":"p","71":"l","72":"a","73":"t","74":"e","75":"/","76":"s","77":"r","78":"c","79":"/","80":"v","81":"i","82":"e","83":"w","84":"s","85":"/","86":"H","87":"o","88":"m","89":"e","90":"P","91":"a","92":"g","93":"e","94":"/","95":"H","96":"o","97":"m","98":"e","99":"P","100":"a","101":"g","102":"e","103":".","104":"v","105":"u","106":"e","107":"\"","108":"]","109":",","110":"\"","111":"n","112":"a","113":"m","114":"e","115":"s","116":"\"","117":":","118":"[","119":"]","120":",","121":"\"","122":"m","123":"a","124":"p","125":"p","126":"i","127":"n","128":"g","129":"s","130":"\"","131":":","132":"\"","133":";","134":";","135":";","136":";","137":";","138":";","139":";","140":";","141":"A","142":"A","143":"Q","144":"A","145":";","146":"A","147":"A","148":"A","149":"A","150":";","151":"A","152":"A","153":"A","154":"A","155":";","156":"A","157":"A","158":"A","159":"o","160":"E","161":";","162":"A","163":"A","164":"A","165":"A","166":",","167":"e","168":"A","169":"E","170":"r","171":"D","172":";","173":"E","174":"A","175":"C","176":"b","177":",","178":"I","179":"A","180":"A","181":"I","182":",","183":"E","184":"A","185":"A","186":"E","187":",","188":"U","189":"A","190":"A","191":"U","192":";","193":"E","194":"A","195":"C","196":"h","197":"B","198":",","199":"U","200":"A","201":"A","202":"U","203":",","204":"E","205":"A","206":"A","207":"E","208":";","209":"I","210":"A","211":"C","212":"V","213":",","214":"U","215":"A","216":"A","217":"U","218":";","219":"I","220":"A","221":"A","222":"V","223":";","224":"I","225":"A","226":"A","227":"A","228":";","229":"I","230":"A","231":"A","232":"A","233":";","234":"I","235":"A","236":"A","237":"A","238":";","239":"E","240":"A","241":"C","242":"F","243":";","244":"A","245":"A","246":"C","247":"F","248":",","249":"C","250":"A","251":"A","252":"C","253":";","254":"A","255":"A","256":"A","257":"A","258":";","259":"A","260":"A","261":"A","262":"A","263":"\"","264":",","265":"\"","266":"f","267":"i","268":"l","269":"e","270":"\"","271":":","272":"\"","273":"/","274":"U","275":"s","276":"e","277":"r","278":"s","279":"/","280":"o","281":"m","282":"a","283":"r","284":"/","285":"D","286":"o","287":"c","288":"u","289":"m","290":"e","291":"n","292":"t","293":"s","294":"/","295":"w","296":"o","297":"r","298":"k","299":"/","300":"v","301":"u","302":"e","303":"-","304":"s","305":"i","306":"n","307":"g","308":"l","309":"e","310":"-","311":"a","312":"p","313":"p","314":"-","315":"t","316":"e","317":"m","318":"p","319":"l","320":"a","321":"t","322":"e","323":"/","324":"s","325":"r","326":"c","327":"/","328":"v","329":"i","330":"e","331":"w","332":"s","333":"/","334":"H","335":"o","336":"m","337":"e","338":"P","339":"a","340":"g","341":"e","342":"/","343":"H","344":"o","345":"m","346":"e","347":"P","348":"a","349":"g","350":"e","351":".","352":"v","353":"u","354":"e","355":"\"","356":",","357":"\"","358":"s","359":"o","360":"u","361":"r","362":"c","363":"e","364":"s","365":"C","366":"o","367":"n","368":"t","369":"e","370":"n","371":"t","372":"\"","373":":","374":"[","375":"\"","376":"<","377":"t","378":"e","379":"m","380":"p","381":"l","382":"a","383":"t","384":"e","385":">","386":"\\","387":"n","388":" ","389":" ","390":"<","391":"d","392":"i","393":"v","394":" ","395":"c","396":"l","397":"a","398":"s","399":"s","400":"=","401":"\\","402":"\"","403":"c","404":"o","405":"n","406":"t","407":"a","408":"i","409":"n","410":"e","411":"r","412":" ","413":"h","414":"o","415":"m","416":"e","417":"-","418":"c","419":"o","420":"n","421":"t","422":"a","423":"i","424":"n","425":"e","426":"r","427":"\\","428":"\"","429":">","430":"\\","431":"n","432":" ","433":" ","434":" ","435":" ","436":"<","437":"h","438":"1","439":">","440":"H","441":"o","442":"m","443":"e","444":" ","445":"P","446":"a","447":"g","448":"e","449":"!","450":"<","451":"/","452":"h","453":"1","454":">","455":"\\","456":"n","457":" ","458":" ","459":" ","460":" ","461":"<","462":"H","463":"e","464":"l","465":"l","466":"o","467":"W","468":"o","469":"r","470":"l","471":"d","472":" ","473":"/","474":">","475":"\\","476":"n","477":" ","478":" ","479":"<","480":"/","481":"d","482":"i","483":"v","484":">","485":"\\","486":"n","487":"<","488":"/","489":"t","490":"e","491":"m","492":"p","493":"l","494":"a","495":"t","496":"e","497":">","498":"\\","499":"n","500":"\\","501":"n","502":"<","503":"s","504":"c","505":"r","506":"i","507":"p","508":"t","509":">","510":"\\","511":"n","512":"i","513":"m","514":"p","515":"o","516":"r","517":"t","518":" ","519":"H","520":"e","521":"l","522":"l","523":"o","524":"W","525":"o","526":"r","527":"l","528":"d","529":" ","530":"f","531":"r","532":"o","533":"m","534":" ","535":"\\","536":"\"","537":".","538":".","539":"/","540":".","541":".","542":"/","543":"c","544":"o","545":"m","546":"p","547":"o","548":"n","549":"e","550":"n","551":"t","552":"s","553":"/","554":"H","555":"e","556":"l","557":"l","558":"o","559":"W","560":"o","561":"r","562":"l","563":"d","564":"/","565":"H","566":"e","567":"l","568":"l","569":"o","570":"W","571":"o","572":"r","573":"l","574":"d","575":".","576":"v","577":"u","578":"e","579":"\\","580":"\"","581":";","582":"\\","583":"n","584":"\\","585":"n","586":"e","587":"x","588":"p","589":"o","590":"r","591":"t","592":" ","593":"d","594":"e","595":"f","596":"a","597":"u","598":"l","599":"t","600":" ","601":"{","602":"\\","603":"n","604":" ","605":" ","606":"n","607":"a","608":"m","609":"e","610":":","611":" ","612":"\\","613":"\"","614":"H","615":"o","616":"m","617":"e","618":"P","619":"a","620":"g","621":"e","622":"\\","623":"\"","624":",","625":"\\","626":"n","627":" ","628":" ","629":"c","630":"o","631":"m","632":"p","633":"o","634":"n","635":"e","636":"n","637":"t","638":"s","639":":","640":" ","641":"{","642":"\\","643":"n","644":" ","645":" ","646":" ","647":" ","648":"H","649":"e","650":"l","651":"l","652":"o","653":"W","654":"o","655":"r","656":"l","657":"d","658":",","659":"\\","660":"n","661":" ","662":" ","663":"}","664":",","665":"\\","666":"n","667":"}","668":";","669":"\\","670":"n","671":"<","672":"/","673":"s","674":"c","675":"r","676":"i","677":"p","678":"t","679":">","680":"\\","681":"n","682":"\\","683":"n","684":"<","685":"!","686":"-","687":"-","688":" ","689":"A","690":"d","691":"d","692":" ","693":"\\","694":"\"","695":"s","696":"c","697":"o","698":"p","699":"e","700":"d","701":"\\","702":"\"","703":" ","704":"a","705":"t","706":"t","707":"r","708":"i","709":"b","710":"u","711":"t","712":"e","713":" ","714":"t","715":"o","716":" ","717":"l","718":"i","719":"m","720":"i","721":"t","722":" ","723":"C","724":"S","725":"S","726":" ","727":"t","728":"o","729":" ","730":"t","731":"h","732":"i","733":"s","734":" ","735":"c","736":"o","737":"m","738":"p","739":"o","740":"n","741":"e","742":"n","743":"t","744":" ","745":"o","746":"n","747":"l","748":"y","749":" ","750":"-","751":"-","752":">","753":"\\","754":"n","755":"<","756":"s","757":"t","758":"y","759":"l","760":"e","761":" ","762":"s","763":"c","764":"o","765":"p","766":"e","767":"d","768":" ","769":"l","770":"a","771":"n","772":"g","773":"=","774":"\\","775":"\"","776":"s","777":"c","778":"s","779":"s","780":"\\","781":"\"","782":">","783":"<","784":"/","785":"s","786":"t","787":"y","788":"l","789":"e","790":">","791":"\\","792":"n","793":"\"","794":"]","795":"}"}}
}
