TN:
SF:src/App.vue
FN:32,render
FNF:1
FNH:0
FNDA:0,render
DA:4,0
DA:5,0
DA:8,0
DA:25,0
DA:27,0
DA:30,0
DA:31,0
DA:33,0
DA:34,0
DA:35,0
LF:10
LH:0
BRF:0
BRH:0
end_of_record
TN:
SF:src/main.js
FNF:0
FNH:0
DA:5,0
DA:6,0
DA:8,0
DA:9,0
LF:4
LH:0
BRF:0
BRH:0
end_of_record
TN:
SF:src/components/PollChart/PollChart.vue
FN:116,render
FNF:1
FNH:0
FNDA:0,render
DA:4,1
DA:7,1
DA:103,1
DA:105,1
DA:108,1
DA:109,1
DA:110,1
DA:113,1
DA:117,0
DA:118,0
DA:125,1
LF:11
LH:9
BRF:0
BRH:0
end_of_record
TN:
SF:src/components/PollForm/PollForm.vue
FN:161,render
FN:171,(anonymous_1)
FN:172,(anonymous_2)
FN:176,(anonymous_3)
FN:186,(anonymous_4)
FN:187,(anonymous_5)
FN:194,(anonymous_6)
FN:206,(anonymous_7)
FN:219,(anonymous_8)
FNF:9
FNH:0
FNDA:0,render
FNDA:0,(anonymous_1)
FNDA:0,(anonymous_2)
FNDA:0,(anonymous_3)
FNDA:0,(anonymous_4)
FNDA:0,(anonymous_5)
FNDA:0,(anonymous_6)
FNDA:0,(anonymous_7)
FNDA:0,(anonymous_8)
DA:4,1
DA:7,1
DA:8,1
DA:116,1
DA:118,1
DA:121,1
DA:122,1
DA:123,1
DA:126,1
DA:129,1
DA:132,1
DA:137,1
DA:138,1
DA:143,1
DA:147,1
DA:151,1
DA:152,1
DA:153,1
DA:154,1
DA:155,1
DA:158,1
DA:162,0
DA:163,0
DA:171,0
DA:173,0
DA:177,0
DA:186,0
DA:188,0
DA:195,0
DA:206,0
DA:220,0
DA:228,1
LF:32
LH:22
BRDA:171,0,0,0
BRDA:171,0,1,0
BRDA:172,1,0,0
BRDA:172,1,1,0
BRDA:173,2,0,0
BRDA:173,2,1,0
BRDA:176,3,0,0
BRDA:176,3,1,0
BRDA:187,4,0,0
BRDA:187,4,1,0
BRDA:188,5,0,0
BRDA:188,5,1,0
BRDA:194,6,0,0
BRDA:194,6,1,0
BRDA:195,7,0,0
BRDA:195,7,1,0
BRDA:211,8,0,0
BRDA:211,8,1,0
BRDA:211,8,2,0
BRDA:211,9,0,0
BRDA:211,9,1,0
BRDA:211,10,0,0
BRDA:211,10,1,0
BRDA:219,11,0,0
BRDA:219,11,1,0
BRDA:220,12,0,0
BRDA:220,12,1,0
BRF:27
BRH:0
end_of_record
TN:
SF:src/components/PollVote/PollVote.vue
FN:73,render
FN:74,(anonymous_1)
FN:85,(anonymous_2)
FN:94,(anonymous_3)
FNF:4
FNH:0
FNDA:0,render
FNDA:0,(anonymous_1)
FNDA:0,(anonymous_2)
FNDA:0,(anonymous_3)
DA:4,1
DA:7,1
DA:51,1
DA:53,1
DA:56,1
DA:57,1
DA:58,1
DA:61,1
DA:64,1
DA:65,1
DA:68,1
DA:69,1
DA:70,1
DA:74,0
DA:75,0
DA:85,0
DA:94,0
DA:96,1
LF:18
LH:14
BRDA:85,0,0,0
BRDA:85,0,1,0
BRDA:94,1,0,0
BRDA:94,1,1,0
BRF:4
BRH:0
end_of_record
TN:
SF:src/stores/PollStore.js
FN:4,(anonymous_0)
FN:39,(anonymous_1)
FN:40,(anonymous_2)
FN:42,(anonymous_3)
FN:47,(anonymous_4)
FN:51,(anonymous_5)
FN:55,(anonymous_6)
FN:59,(anonymous_7)
FNF:8
FNH:0
FNDA:0,(anonymous_0)
FNDA:0,(anonymous_1)
FNDA:0,(anonymous_2)
FNDA:0,(anonymous_3)
FNDA:0,(anonymous_4)
FNDA:0,(anonymous_5)
FNDA:0,(anonymous_6)
FNDA:0,(anonymous_7)
DA:3,1
DA:4,0
DA:40,0
DA:43,0
DA:48,0
DA:52,0
DA:56,0
DA:60,0
LF:8
LH:1
BRF:0
BRH:0
end_of_record
TN:
SF:src/views/HomePage/HomePage.vue
FN:72,render
FNF:1
FNH:1
FNDA:1,render
DA:4,1
DA:5,1
DA:8,1
DA:41,1
DA:43,1
DA:46,1
DA:47,1
DA:48,1
DA:51,1
DA:57,1
DA:63,1
DA:66,1
DA:69,1
DA:73,1
DA:74,1
DA:75,1
DA:76,1
DA:77,1
LF:18
LH:18
BRF:0
BRH:0
end_of_record
