{"/Users/omar/Documents/work/simple-poll/src/App.vue": {"path":"/Users/omar/Documents/work/simple-poll/src/App.vue","statementMap":{"0":{"start":{"line":4,"column":29},"end":{"line":4,"column":147}},"1":{"start":{"line":5,"column":0},"end":{"line":7,"column":3}},"2":{"start":{"line":8,"column":0},"end":{"line":8,"column":25}},"3":{"start":{"line":25,"column":0},"end":{"line":25,"column":13}},"4":{"start":{"line":27,"column":0},"end":{"line":29,"column":3}},"5":{"start":{"line":30,"column":0},"end":{"line":30,"column":24}},"6":{"start":{"line":31,"column":11},"end":{"line":31,"column":25}},"7":{"start":{"line":33,"column":30},"end":{"line":33,"column":68}},"8":{"start":{"line":34,"column":2},"end":{"line":34,"column":75}},"9":{"start":{"line":35,"column":2},"end":{"line":35,"column":49}}},"fnMap":{"0":{"name":"render","decl":{"start":{"line":32,"column":9},"end":{"line":32,"column":15}},"loc":{"start":{"line":32,"column":30},"end":{"line":35,"column":1}},"line":32}},"branchMap":{},"s":{"0":0,"1":0,"2":0,"3":0,"4":0,"5":0,"6":0,"7":0,"8":0,"9":0},"f":{"0":0},"b":{},"inputSourceMap":{"0":"{","1":"\"","2":"v","3":"e","4":"r","5":"s","6":"i","7":"o","8":"n","9":"\"","10":":","11":"3","12":",","13":"\"","14":"s","15":"o","16":"u","17":"r","18":"c","19":"e","20":"s","21":"\"","22":":","23":"[","24":"\"","25":"/","26":"U","27":"s","28":"e","29":"r","30":"s","31":"/","32":"o","33":"m","34":"a","35":"r","36":"/","37":"D","38":"o","39":"c","40":"u","41":"m","42":"e","43":"n","44":"t","45":"s","46":"/","47":"w","48":"o","49":"r","50":"k","51":"/","52":"s","53":"i","54":"m","55":"p","56":"l","57":"e","58":"-","59":"p","60":"o","61":"l","62":"l","63":"/","64":"s","65":"r","66":"c","67":"/","68":"A","69":"p","70":"p","71":".","72":"v","73":"u","74":"e","75":"\"","76":"]","77":",","78":"\"","79":"n","80":"a","81":"m","82":"e","83":"s","84":"\"","85":":","86":"[","87":"]","88":",","89":"\"","90":"m","91":"a","92":"p","93":"p","94":"i","95":"n","96":"g","97":"s","98":"\"","99":":","100":"\"","101":";","102":";","103":";","104":";","105":";","106":";","107":";","108":";","109":"A","110":"A","111":"K","112":"A","113":";","114":"A","115":"A","116":"A","117":"A","118":";","119":"A","120":"A","121":"A","122":"A","123":";","124":"A","125":"A","126":"A","127":"q","128":"D","129":";","130":"A","131":"A","132":"A","133":"A","134":",","135":"e","136":"A","137":"E","138":"t","139":"C","140":";","141":"E","142":"A","143":"C","144":"b","145":",","146":"I","147":"A","148":"A","149":"I","150":",","151":"E","152":"A","153":"A","154":"E","155":",","156":"K","157":"A","158":"A","159":"K","160":";","161":"E","162":"A","163":"C","164":"X","165":",","166":"U","167":"A","168":"A","169":"U","170":",","171":"E","172":"A","173":"A","174":"E","175":";","176":"I","177":"A","178":"C","179":"V","180":",","181":"Q","182":"A","183":"A","184":"Q","185":";","186":"I","187":"A","188":"A","189":"R","190":";","191":"I","192":"A","193":"A","194":"A","195":";","196":"I","197":"A","198":"A","199":"A","200":";","201":"I","202":"A","203":"A","204":"A","205":";","206":"E","207":"A","208":"C","209":"F","210":";","211":"A","212":"A","213":"C","214":"F","215":",","216":"C","217":"A","218":"A","219":"C","220":";","221":"A","222":"A","223":"A","224":"A","225":";","226":"A","227":"A","228":"A","229":"A","230":"\"","231":",","232":"\"","233":"f","234":"i","235":"l","236":"e","237":"\"","238":":","239":"\"","240":"/","241":"U","242":"s","243":"e","244":"r","245":"s","246":"/","247":"o","248":"m","249":"a","250":"r","251":"/","252":"D","253":"o","254":"c","255":"u","256":"m","257":"e","258":"n","259":"t","260":"s","261":"/","262":"w","263":"o","264":"r","265":"k","266":"/","267":"s","268":"i","269":"m","270":"p","271":"l","272":"e","273":"-","274":"p","275":"o","276":"l","277":"l","278":"/","279":"s","280":"r","281":"c","282":"/","283":"A","284":"p","285":"p","286":".","287":"v","288":"u","289":"e","290":"\"","291":",","292":"\"","293":"s","294":"o","295":"u","296":"r","297":"c","298":"e","299":"s","300":"C","301":"o","302":"n","303":"t","304":"e","305":"n","306":"t","307":"\"","308":":","309":"[","310":"\"","311":"<","312":"t","313":"e","314":"m","315":"p","316":"l","317":"a","318":"t","319":"e","320":">","321":"\\","322":"n","323":" ","324":" ","325":"<","326":"H","327":"o","328":"m","329":"e","330":"P","331":"a","332":"g","333":"e","334":" ","335":"/","336":">","337":"\\","338":"n","339":"<","340":"/","341":"t","342":"e","343":"m","344":"p","345":"l","346":"a","347":"t","348":"e","349":">","350":"\\","351":"n","352":"\\","353":"n","354":"<","355":"s","356":"c","357":"r","358":"i","359":"p","360":"t","361":">","362":"\\","363":"n","364":"i","365":"m","366":"p","367":"o","368":"r","369":"t","370":" ","371":"H","372":"o","373":"m","374":"e","375":"P","376":"a","377":"g","378":"e","379":" ","380":"f","381":"r","382":"o","383":"m","384":" ","385":"\\","386":"\"","387":".","388":"/","389":"v","390":"i","391":"e","392":"w","393":"s","394":"/","395":"H","396":"o","397":"m","398":"e","399":"P","400":"a","401":"g","402":"e","403":"/","404":"H","405":"o","406":"m","407":"e","408":"P","409":"a","410":"g","411":"e","412":".","413":"v","414":"u","415":"e","416":"\\","417":"\"","418":";","419":"\\","420":"n","421":"\\","422":"n","423":"e","424":"x","425":"p","426":"o","427":"r","428":"t","429":" ","430":"d","431":"e","432":"f","433":"a","434":"u","435":"l","436":"t","437":" ","438":"{","439":"\\","440":"n","441":" ","442":" ","443":"n","444":"a","445":"m","446":"e","447":":","448":" ","449":"\\","450":"\"","451":"A","452":"p","453":"p","454":"\\","455":"\"","456":",","457":"\\","458":"n","459":" ","460":" ","461":"c","462":"o","463":"m","464":"p","465":"o","466":"n","467":"e","468":"n","469":"t","470":"s","471":":","472":" ","473":"{","474":"\\","475":"n","476":" ","477":" ","478":" ","479":" ","480":"H","481":"o","482":"m","483":"e","484":"P","485":"a","486":"g","487":"e","488":",","489":"\\","490":"n","491":" ","492":" ","493":"}","494":",","495":"\\","496":"n","497":"}","498":";","499":"\\","500":"n","501":"<","502":"/","503":"s","504":"c","505":"r","506":"i","507":"p","508":"t","509":">","510":"\\","511":"n","512":"\\","513":"n","514":"<","515":"s","516":"t","517":"y","518":"l","519":"e","520":" ","521":"l","522":"a","523":"n","524":"g","525":"=","526":"\\","527":"\"","528":"s","529":"c","530":"s","531":"s","532":"\\","533":"\"","534":">","535":"\\","536":"n","537":"#","538":"a","539":"p","540":"p","541":" ","542":"{","543":"\\","544":"n","545":" ","546":" ","547":"f","548":"o","549":"n","550":"t","551":"-","552":"f","553":"a","554":"m","555":"i","556":"l","557":"y","558":":","559":" ","560":"A","561":"v","562":"e","563":"n","564":"i","565":"r","566":",","567":" ","568":"H","569":"e","570":"l","571":"v","572":"e","573":"t","574":"i","575":"c","576":"a","577":",","578":" ","579":"A","580":"r","581":"i","582":"a","583":"l","584":",","585":" ","586":"s","587":"a","588":"n","589":"s","590":"-","591":"s","592":"e","593":"r","594":"i","595":"f","596":";","597":"\\","598":"n","599":" ","600":" ","601":"-","602":"w","603":"e","604":"b","605":"k","606":"i","607":"t","608":"-","609":"f","610":"o","611":"n","612":"t","613":"-","614":"s","615":"m","616":"o","617":"o","618":"t","619":"h","620":"i","621":"n","622":"g","623":":","624":" ","625":"a","626":"n","627":"t","628":"i","629":"a","630":"l","631":"i","632":"a","633":"s","634":"e","635":"d","636":";","637":"\\","638":"n","639":" ","640":" ","641":"-","642":"m","643":"o","644":"z","645":"-","646":"o","647":"s","648":"x","649":"-","650":"f","651":"o","652":"n","653":"t","654":"-","655":"s","656":"m","657":"o","658":"o","659":"t","660":"h","661":"i","662":"n","663":"g","664":":","665":" ","666":"g","667":"r","668":"a","669":"y","670":"s","671":"c","672":"a","673":"l","674":"e","675":";","676":"\\","677":"n","678":" ","679":" ","680":"t","681":"e","682":"x","683":"t","684":"-","685":"a","686":"l","687":"i","688":"g","689":"n","690":":","691":" ","692":"c","693":"e","694":"n","695":"t","696":"e","697":"r","698":";","699":"\\","700":"n","701":" ","702":" ","703":"c","704":"o","705":"l","706":"o","707":"r","708":":","709":" ","710":"#","711":"2","712":"c","713":"3","714":"e","715":"5","716":"0","717":";","718":"\\","719":"n","720":" ","721":" ","722":"m","723":"a","724":"r","725":"g","726":"i","727":"n","728":"-","729":"t","730":"o","731":"p","732":":","733":" ","734":"6","735":"0","736":"p","737":"x","738":";","739":"\\","740":"n","741":"}","742":"\\","743":"n","744":"<","745":"/","746":"s","747":"t","748":"y","749":"l","750":"e","751":">","752":"\\","753":"n","754":"\"","755":"]","756":"}"}}
,"/Users/omar/Documents/work/simple-poll/src/main.js": {"path":"/Users/omar/Documents/work/simple-poll/src/main.js","statementMap":{"0":{"start":{"line":6,"column":0},"end":{"line":6,"column":29}}},"fnMap":{},"branchMap":{},"s":{"0":0},"f":{},"b":{}}
,"/Users/omar/Documents/work/simple-poll/src/components/HelloWorld/HelloWorld.vue": {"path":"/Users/omar/Documents/work/simple-poll/src/components/HelloWorld/HelloWorld.vue","statementMap":{"0":{"start":{"line":4,"column":0},"end":{"line":6,"column":3}},"1":{"start":{"line":7,"column":0},"end":{"line":7,"column":25}},"2":{"start":{"line":8,"column":15},"end":{"line":10,"column":1}},"3":{"start":{"line":13,"column":0},"end":{"line":13,"column":13}},"4":{"start":{"line":15,"column":0},"end":{"line":17,"column":3}},"5":{"start":{"line":18,"column":0},"end":{"line":18,"column":24}},"6":{"start":{"line":19,"column":11},"end":{"line":19,"column":25}},"7":{"start":{"line":20,"column":19},"end":{"line":22,"column":1}},"8":{"start":{"line":23,"column":32},"end":{"line":25,"column":45}},"9":{"start":{"line":26,"column":19},"end":{"line":26,"column":31}},"10":{"start":{"line":28,"column":2},"end":{"line":28,"column":92}},"11":{"start":{"line":29,"column":2},"end":{"line":29,"column":49}}},"fnMap":{"0":{"name":"render","decl":{"start":{"line":27,"column":9},"end":{"line":27,"column":15}},"loc":{"start":{"line":27,"column":30},"end":{"line":29,"column":1}},"line":27}},"branchMap":{},"s":{"0":1,"1":1,"2":1,"3":1,"4":1,"5":1,"6":1,"7":1,"8":1,"9":1,"10":1,"11":1},"f":{"0":1},"b":{},"inputSourceMap":{"0":"{","1":"\"","2":"v","3":"e","4":"r","5":"s","6":"i","7":"o","8":"n","9":"\"","10":":","11":"3","12":",","13":"\"","14":"s","15":"o","16":"u","17":"r","18":"c","19":"e","20":"s","21":"\"","22":":","23":"[","24":"\"","25":"/","26":"U","27":"s","28":"e","29":"r","30":"s","31":"/","32":"o","33":"m","34":"a","35":"r","36":"/","37":"D","38":"o","39":"c","40":"u","41":"m","42":"e","43":"n","44":"t","45":"s","46":"/","47":"w","48":"o","49":"r","50":"k","51":"/","52":"s","53":"i","54":"m","55":"p","56":"l","57":"e","58":"-","59":"p","60":"o","61":"l","62":"l","63":"/","64":"s","65":"r","66":"c","67":"/","68":"c","69":"o","70":"m","71":"p","72":"o","73":"n","74":"e","75":"n","76":"t","77":"s","78":"/","79":"H","80":"e","81":"l","82":"l","83":"o","84":"W","85":"o","86":"r","87":"l","88":"d","89":"/","90":"H","91":"e","92":"l","93":"l","94":"o","95":"W","96":"o","97":"r","98":"l","99":"d","100":".","101":"v","102":"u","103":"e","104":"\"","105":"]","106":",","107":"\"","108":"n","109":"a","110":"m","111":"e","112":"s","113":"\"","114":":","115":"[","116":"]","117":",","118":"\"","119":"m","120":"a","121":"p","122":"p","123":"i","124":"n","125":"g","126":"s","127":"\"","128":":","129":"\"","130":";","131":";","132":";","133":";","134":";","135":";","136":";","137":"e","138":"A","139":"O","140":"e","141":";","142":"E","143":"A","144":"C","145":"b","146":",","147":"I","148":"A","149":"A","150":"I","151":",","152":"E","153":"A","154":"A","155":"E","156":";","157":"A","158":"A","159":"C","160":"R","161":",","162":"C","163":"A","164":"A","165":"C","166":";","167":"A","168":"A","169":"A","170":"A","171":";","172":"A","173":"A","174":"A","175":"A","176":"\"","177":",","178":"\"","179":"f","180":"i","181":"l","182":"e","183":"\"","184":":","185":"\"","186":"/","187":"U","188":"s","189":"e","190":"r","191":"s","192":"/","193":"o","194":"m","195":"a","196":"r","197":"/","198":"D","199":"o","200":"c","201":"u","202":"m","203":"e","204":"n","205":"t","206":"s","207":"/","208":"w","209":"o","210":"r","211":"k","212":"/","213":"s","214":"i","215":"m","216":"p","217":"l","218":"e","219":"-","220":"p","221":"o","222":"l","223":"l","224":"/","225":"s","226":"r","227":"c","228":"/","229":"c","230":"o","231":"m","232":"p","233":"o","234":"n","235":"e","236":"n","237":"t","238":"s","239":"/","240":"H","241":"e","242":"l","243":"l","244":"o","245":"W","246":"o","247":"r","248":"l","249":"d","250":"/","251":"H","252":"e","253":"l","254":"l","255":"o","256":"W","257":"o","258":"r","259":"l","260":"d","261":".","262":"v","263":"u","264":"e","265":"\"","266":",","267":"\"","268":"s","269":"o","270":"u","271":"r","272":"c","273":"e","274":"s","275":"C","276":"o","277":"n","278":"t","279":"e","280":"n","281":"t","282":"\"","283":":","284":"[","285":"\"","286":"<","287":"t","288":"e","289":"m","290":"p","291":"l","292":"a","293":"t","294":"e","295":">","296":"\\","297":"n","298":" ","299":" ","300":"<","301":"d","302":"i","303":"v","304":" ","305":"c","306":"l","307":"a","308":"s","309":"s","310":"=","311":"\\","312":"\"","313":"h","314":"e","315":"l","316":"l","317":"o","318":"\\","319":"\"","320":">","321":"\\","322":"n","323":" ","324":" ","325":" ","326":" ","327":"<","328":"h","329":"1","330":" ","331":"t","332":"e","333":"s","334":"t","335":"-","336":"d","337":"a","338":"t","339":"-","340":"i","341":"d","342":"=","343":"\\","344":"\"","345":"h","346":"e","347":"l","348":"l","349":"o","350":"-","351":"t","352":"i","353":"t","354":"l","355":"e","356":"\\","357":"\"","358":">","359":"H","360":"e","361":"l","362":"l","363":"o","364":" ","365":"W","366":"o","367":"r","368":"l","369":"d","370":" ","371":"C","372":"o","373":"m","374":"p","375":"o","376":"n","377":"e","378":"n","379":"t","380":"<","381":"/","382":"h","383":"1","384":">","385":"\\","386":"n","387":" ","388":" ","389":"<","390":"/","391":"d","392":"i","393":"v","394":">","395":"\\","396":"n","397":"<","398":"/","399":"t","400":"e","401":"m","402":"p","403":"l","404":"a","405":"t","406":"e","407":">","408":"\\","409":"n","410":"\\","411":"n","412":"<","413":"s","414":"c","415":"r","416":"i","417":"p","418":"t","419":">","420":"\\","421":"n","422":"e","423":"x","424":"p","425":"o","426":"r","427":"t","428":" ","429":"d","430":"e","431":"f","432":"a","433":"u","434":"l","435":"t","436":" ","437":"{","438":"\\","439":"n","440":" ","441":" ","442":"n","443":"a","444":"m","445":"e","446":":","447":" ","448":"\\","449":"\"","450":"H","451":"e","452":"l","453":"l","454":"o","455":"W","456":"o","457":"r","458":"l","459":"d","460":"\\","461":"\"","462":",","463":"\\","464":"n","465":"}","466":";","467":"\\","468":"n","469":"<","470":"/","471":"s","472":"c","473":"r","474":"i","475":"p","476":"t","477":">","478":"\\","479":"n","480":"\\","481":"n","482":"<","483":"!","484":"-","485":"-","486":" ","487":"A","488":"d","489":"d","490":" ","491":"\\","492":"\"","493":"s","494":"c","495":"o","496":"p","497":"e","498":"d","499":"\\","500":"\"","501":" ","502":"a","503":"t","504":"t","505":"r","506":"i","507":"b","508":"u","509":"t","510":"e","511":" ","512":"t","513":"o","514":" ","515":"l","516":"i","517":"m","518":"i","519":"t","520":" ","521":"C","522":"S","523":"S","524":" ","525":"t","526":"o","527":" ","528":"t","529":"h","530":"i","531":"s","532":" ","533":"c","534":"o","535":"m","536":"p","537":"o","538":"n","539":"e","540":"n","541":"t","542":" ","543":"o","544":"n","545":"l","546":"y","547":" ","548":"-","549":"-","550":">","551":"\\","552":"n","553":"<","554":"s","555":"t","556":"y","557":"l","558":"e","559":" ","560":"s","561":"c","562":"o","563":"p","564":"e","565":"d","566":" ","567":"l","568":"a","569":"n","570":"g","571":"=","572":"\\","573":"\"","574":"s","575":"c","576":"s","577":"s","578":"\\","579":"\"","580":">","581":"\\","582":"n","583":"h","584":"1","585":" ","586":"{","587":"\\","588":"n","589":" ","590":" ","591":"m","592":"a","593":"r","594":"g","595":"i","596":"n","597":":","598":" ","599":"4","600":"0","601":"p","602":"x","603":" ","604":"0","605":" ","606":"0","607":";","608":"\\","609":"n","610":"}","611":"\\","612":"n","613":"<","614":"/","615":"s","616":"t","617":"y","618":"l","619":"e","620":">","621":"\\","622":"n","623":"\"","624":"]","625":"}"},"_coverageSchema":"1a1c01bbd47fc00a2c39e90264f33305004495a9","hash":"767a5420cee131bba3e0bac759666a0a532b8e96"}
,"/Users/omar/Documents/work/simple-poll/src/components/PollForm/PollForm.vue": {"path":"/Users/omar/Documents/work/simple-poll/src/components/PollForm/PollForm.vue","statementMap":{"0":{"start":{"line":4,"column":0},"end":{"line":6,"column":3}},"1":{"start":{"line":7,"column":0},"end":{"line":7,"column":25}},"2":{"start":{"line":8,"column":15},"end":{"line":10,"column":1}},"3":{"start":{"line":13,"column":0},"end":{"line":13,"column":13}},"4":{"start":{"line":15,"column":0},"end":{"line":17,"column":3}},"5":{"start":{"line":18,"column":0},"end":{"line":18,"column":24}},"6":{"start":{"line":19,"column":11},"end":{"line":19,"column":25}},"7":{"start":{"line":20,"column":19},"end":{"line":22,"column":1}},"8":{"start":{"line":23,"column":32},"end":{"line":25,"column":43}},"9":{"start":{"line":26,"column":19},"end":{"line":26,"column":31}},"10":{"start":{"line":28,"column":2},"end":{"line":28,"column":92}},"11":{"start":{"line":29,"column":2},"end":{"line":29,"column":49}}},"fnMap":{"0":{"name":"render","decl":{"start":{"line":27,"column":9},"end":{"line":27,"column":15}},"loc":{"start":{"line":27,"column":30},"end":{"line":29,"column":1}},"line":27}},"branchMap":{},"s":{"0":0,"1":0,"2":0,"3":0,"4":0,"5":0,"6":0,"7":0,"8":0,"9":0,"10":0,"11":0},"f":{"0":0},"b":{},"inputSourceMap":{"0":"{","1":"\"","2":"v","3":"e","4":"r","5":"s","6":"i","7":"o","8":"n","9":"\"","10":":","11":"3","12":",","13":"\"","14":"s","15":"o","16":"u","17":"r","18":"c","19":"e","20":"s","21":"\"","22":":","23":"[","24":"\"","25":"/","26":"U","27":"s","28":"e","29":"r","30":"s","31":"/","32":"o","33":"m","34":"a","35":"r","36":"/","37":"D","38":"o","39":"c","40":"u","41":"m","42":"e","43":"n","44":"t","45":"s","46":"/","47":"w","48":"o","49":"r","50":"k","51":"/","52":"s","53":"i","54":"m","55":"p","56":"l","57":"e","58":"-","59":"p","60":"o","61":"l","62":"l","63":"/","64":"s","65":"r","66":"c","67":"/","68":"c","69":"o","70":"m","71":"p","72":"o","73":"n","74":"e","75":"n","76":"t","77":"s","78":"/","79":"P","80":"o","81":"l","82":"l","83":"F","84":"o","85":"r","86":"m","87":"/","88":"P","89":"o","90":"l","91":"l","92":"F","93":"o","94":"r","95":"m","96":".","97":"v","98":"u","99":"e","100":"\"","101":"]","102":",","103":"\"","104":"n","105":"a","106":"m","107":"e","108":"s","109":"\"","110":":","111":"[","112":"]","113":",","114":"\"","115":"m","116":"a","117":"p","118":"p","119":"i","120":"n","121":"g","122":"s","123":"\"","124":":","125":"\"","126":";","127":";","128":";","129":";","130":";","131":";","132":";","133":"e","134":"A","135":"O","136":"e","137":";","138":"E","139":"A","140":"C","141":"b","142":",","143":"I","144":"A","145":"A","146":"I","147":",","148":"E","149":"A","150":"A","151":"E","152":";","153":"A","154":"A","155":"C","156":"R","157":",","158":"C","159":"A","160":"A","161":"C","162":";","163":"A","164":"A","165":"A","166":"A","167":";","168":"A","169":"A","170":"A","171":"A","172":"\"","173":",","174":"\"","175":"f","176":"i","177":"l","178":"e","179":"\"","180":":","181":"\"","182":"/","183":"U","184":"s","185":"e","186":"r","187":"s","188":"/","189":"o","190":"m","191":"a","192":"r","193":"/","194":"D","195":"o","196":"c","197":"u","198":"m","199":"e","200":"n","201":"t","202":"s","203":"/","204":"w","205":"o","206":"r","207":"k","208":"/","209":"s","210":"i","211":"m","212":"p","213":"l","214":"e","215":"-","216":"p","217":"o","218":"l","219":"l","220":"/","221":"s","222":"r","223":"c","224":"/","225":"c","226":"o","227":"m","228":"p","229":"o","230":"n","231":"e","232":"n","233":"t","234":"s","235":"/","236":"P","237":"o","238":"l","239":"l","240":"F","241":"o","242":"r","243":"m","244":"/","245":"P","246":"o","247":"l","248":"l","249":"F","250":"o","251":"r","252":"m","253":".","254":"v","255":"u","256":"e","257":"\"","258":",","259":"\"","260":"s","261":"o","262":"u","263":"r","264":"c","265":"e","266":"s","267":"C","268":"o","269":"n","270":"t","271":"e","272":"n","273":"t","274":"\"","275":":","276":"[","277":"\"","278":"<","279":"t","280":"e","281":"m","282":"p","283":"l","284":"a","285":"t","286":"e","287":">","288":"\\","289":"n","290":" ","291":" ","292":"<","293":"d","294":"i","295":"v","296":" ","297":"c","298":"l","299":"a","300":"s","301":"s","302":"=","303":"\\","304":"\"","305":"p","306":"o","307":"l","308":"l","309":"-","310":"f","311":"o","312":"r","313":"m","314":"-","315":"c","316":"o","317":"m","318":"p","319":"o","320":"n","321":"e","322":"n","323":"t","324":"\\","325":"\"","326":">","327":"\\","328":"n","329":" ","330":" ","331":" ","332":" ","333":"<","334":"h","335":"1","336":" ","337":"t","338":"e","339":"s","340":"t","341":"-","342":"d","343":"a","344":"t","345":"-","346":"i","347":"d","348":"=","349":"\\","350":"\"","351":"h","352":"e","353":"l","354":"l","355":"o","356":"-","357":"t","358":"i","359":"t","360":"l","361":"e","362":"\\","363":"\"","364":">","365":"P","366":"o","367":"l","368":"l","369":"-","370":"F","371":"o","372":"r","373":"m","374":" ","375":"C","376":"o","377":"m","378":"p","379":"o","380":"n","381":"e","382":"n","383":"t","384":"<","385":"/","386":"h","387":"1","388":">","389":"\\","390":"n","391":" ","392":" ","393":"<","394":"/","395":"d","396":"i","397":"v","398":">","399":"\\","400":"n","401":"<","402":"/","403":"t","404":"e","405":"m","406":"p","407":"l","408":"a","409":"t","410":"e","411":">","412":"\\","413":"n","414":"\\","415":"n","416":"<","417":"s","418":"c","419":"r","420":"i","421":"p","422":"t","423":">","424":"\\","425":"n","426":"e","427":"x","428":"p","429":"o","430":"r","431":"t","432":" ","433":"d","434":"e","435":"f","436":"a","437":"u","438":"l","439":"t","440":" ","441":"{","442":"\\","443":"n","444":" ","445":" ","446":"n","447":"a","448":"m","449":"e","450":":","451":" ","452":"\\","453":"\"","454":"P","455":"o","456":"l","457":"l","458":"F","459":"o","460":"r","461":"m","462":"\\","463":"\"","464":",","465":"\\","466":"n","467":"}","468":";","469":"\\","470":"n","471":"<","472":"/","473":"s","474":"c","475":"r","476":"i","477":"p","478":"t","479":">","480":"\\","481":"n","482":"\\","483":"n","484":"<","485":"!","486":"-","487":"-","488":" ","489":"A","490":"d","491":"d","492":" ","493":"\\","494":"\"","495":"s","496":"c","497":"o","498":"p","499":"e","500":"d","501":"\\","502":"\"","503":" ","504":"a","505":"t","506":"t","507":"r","508":"i","509":"b","510":"u","511":"t","512":"e","513":" ","514":"t","515":"o","516":" ","517":"l","518":"i","519":"m","520":"i","521":"t","522":" ","523":"C","524":"S","525":"S","526":" ","527":"t","528":"o","529":" ","530":"t","531":"h","532":"i","533":"s","534":" ","535":"c","536":"o","537":"m","538":"p","539":"o","540":"n","541":"e","542":"n","543":"t","544":" ","545":"o","546":"n","547":"l","548":"y","549":" ","550":"-","551":"-","552":">","553":"\\","554":"n","555":"<","556":"s","557":"t","558":"y","559":"l","560":"e","561":" ","562":"s","563":"c","564":"o","565":"p","566":"e","567":"d","568":" ","569":"l","570":"a","571":"n","572":"g","573":"=","574":"\\","575":"\"","576":"s","577":"c","578":"s","579":"s","580":"\\","581":"\"","582":">","583":"\\","584":"n","585":"h","586":"1","587":" ","588":"{","589":"\\","590":"n","591":" ","592":" ","593":"m","594":"a","595":"r","596":"g","597":"i","598":"n","599":":","600":" ","601":"4","602":"0","603":"p","604":"x","605":" ","606":"0","607":" ","608":"0","609":";","610":"\\","611":"n","612":"}","613":"\\","614":"n","615":"<","616":"/","617":"s","618":"t","619":"y","620":"l","621":"e","622":">","623":"\\","624":"n","625":"\"","626":"]","627":"}"}}
,"/Users/omar/Documents/work/simple-poll/src/views/HomePage/HomePage.vue": {"path":"/Users/omar/Documents/work/simple-poll/src/views/HomePage/HomePage.vue","statementMap":{"0":{"start":{"line":4,"column":29},"end":{"line":4,"column":147}},"1":{"start":{"line":5,"column":0},"end":{"line":7,"column":3}},"2":{"start":{"line":8,"column":0},"end":{"line":8,"column":25}},"3":{"start":{"line":25,"column":0},"end":{"line":25,"column":13}},"4":{"start":{"line":27,"column":0},"end":{"line":29,"column":3}},"5":{"start":{"line":30,"column":0},"end":{"line":30,"column":24}},"6":{"start":{"line":31,"column":11},"end":{"line":31,"column":25}},"7":{"start":{"line":32,"column":19},"end":{"line":34,"column":1}},"8":{"start":{"line":35,"column":32},"end":{"line":35,"column":104}},"9":{"start":{"line":38,"column":30},"end":{"line":38,"column":68}},"10":{"start":{"line":39,"column":2},"end":{"line":39,"column":241}},"11":{"start":{"line":40,"column":2},"end":{"line":40,"column":49}}},"fnMap":{"0":{"name":"render","decl":{"start":{"line":37,"column":9},"end":{"line":37,"column":15}},"loc":{"start":{"line":37,"column":30},"end":{"line":40,"column":1}},"line":37}},"branchMap":{},"s":{"0":0,"1":0,"2":0,"3":0,"4":0,"5":0,"6":0,"7":0,"8":0,"9":0,"10":0,"11":0},"f":{"0":0},"b":{},"inputSourceMap":{"0":"{","1":"\"","2":"v","3":"e","4":"r","5":"s","6":"i","7":"o","8":"n","9":"\"","10":":","11":"3","12":",","13":"\"","14":"s","15":"o","16":"u","17":"r","18":"c","19":"e","20":"s","21":"\"","22":":","23":"[","24":"\"","25":"/","26":"U","27":"s","28":"e","29":"r","30":"s","31":"/","32":"o","33":"m","34":"a","35":"r","36":"/","37":"D","38":"o","39":"c","40":"u","41":"m","42":"e","43":"n","44":"t","45":"s","46":"/","47":"w","48":"o","49":"r","50":"k","51":"/","52":"s","53":"i","54":"m","55":"p","56":"l","57":"e","58":"-","59":"p","60":"o","61":"l","62":"l","63":"/","64":"s","65":"r","66":"c","67":"/","68":"v","69":"i","70":"e","71":"w","72":"s","73":"/","74":"H","75":"o","76":"m","77":"e","78":"P","79":"a","80":"g","81":"e","82":"/","83":"H","84":"o","85":"m","86":"e","87":"P","88":"a","89":"g","90":"e","91":".","92":"v","93":"u","94":"e","95":"\"","96":"]","97":",","98":"\"","99":"n","100":"a","101":"m","102":"e","103":"s","104":"\"","105":":","106":"[","107":"]","108":",","109":"\"","110":"m","111":"a","112":"p","113":"p","114":"i","115":"n","116":"g","117":"s","118":"\"","119":":","120":"\"","121":";","122":";","123":";","124":";","125":";","126":";","127":";","128":";","129":"A","130":"A","131":"W","132":"A","133":";","134":"A","135":"A","136":"A","137":"A","138":";","139":"A","140":"A","141":"A","142":"A","143":";","144":"A","145":"A","146":"A","147":"0","148":"D","149":";","150":"A","151":"A","152":"A","153":"A","154":",","155":"e","156":"A","157":"E","158":"3","159":"C","160":";","161":"E","162":"A","163":"C","164":"b","165":",","166":"I","167":"A","168":"A","169":"I","170":",","171":"E","172":"A","173":"A","174":"E","175":",","176":"U","177":"A","178":"A","179":"U","180":";","181":"E","182":"A","183":"C","184":"h","185":"B","186":",","187":"U","188":"A","189":"A","190":"U","191":",","192":"E","193":"A","194":"A","195":"E","196":";","197":"I","198":"A","199":"C","200":"V","201":",","202":"Q","203":"A","204":"A","205":"Q","206":";","207":"I","208":"A","209":"A","210":"R","211":";","212":"I","213":"A","214":"A","215":"A","216":";","217":"I","218":"A","219":"A","220":"A","221":";","222":"I","223":"A","224":"A","225":"A","226":";","227":"E","228":"A","229":"C","230":"F","231":";","232":"A","233":"A","234":"C","235":"F","236":",","237":"C","238":"A","239":"A","240":"C","241":";","242":"A","243":"A","244":"A","245":"A","246":";","247":"A","248":"A","249":"A","250":"A","251":"\"","252":",","253":"\"","254":"f","255":"i","256":"l","257":"e","258":"\"","259":":","260":"\"","261":"/","262":"U","263":"s","264":"e","265":"r","266":"s","267":"/","268":"o","269":"m","270":"a","271":"r","272":"/","273":"D","274":"o","275":"c","276":"u","277":"m","278":"e","279":"n","280":"t","281":"s","282":"/","283":"w","284":"o","285":"r","286":"k","287":"/","288":"s","289":"i","290":"m","291":"p","292":"l","293":"e","294":"-","295":"p","296":"o","297":"l","298":"l","299":"/","300":"s","301":"r","302":"c","303":"/","304":"v","305":"i","306":"e","307":"w","308":"s","309":"/","310":"H","311":"o","312":"m","313":"e","314":"P","315":"a","316":"g","317":"e","318":"/","319":"H","320":"o","321":"m","322":"e","323":"P","324":"a","325":"g","326":"e","327":".","328":"v","329":"u","330":"e","331":"\"","332":",","333":"\"","334":"s","335":"o","336":"u","337":"r","338":"c","339":"e","340":"s","341":"C","342":"o","343":"n","344":"t","345":"e","346":"n","347":"t","348":"\"","349":":","350":"[","351":"\"","352":"<","353":"t","354":"e","355":"m","356":"p","357":"l","358":"a","359":"t","360":"e","361":">","362":"\\","363":"n","364":" ","365":" ","366":"<","367":"m","368":"a","369":"i","370":"n","371":" ","372":"c","373":"l","374":"a","375":"s","376":"s","377":"=","378":"\\","379":"\"","380":"c","381":"o","382":"n","383":"t","384":"a","385":"i","386":"n","387":"e","388":"r","389":" ","390":"h","391":"o","392":"m","393":"e","394":"-","395":"c","396":"o","397":"n","398":"t","399":"a","400":"i","401":"n","402":"e","403":"r","404":"\\","405":"\"","406":">","407":"\\","408":"n","409":" ","410":" ","411":" ","412":" ","413":"<","414":"h","415":"1","416":">","417":"H","418":"o","419":"m","420":"e","421":" ","422":"P","423":"a","424":"g","425":"e","426":"!","427":"<","428":"/","429":"h","430":"1","431":">","432":"\\","433":"n","434":" ","435":" ","436":" ","437":" ","438":"<","439":"!","440":"-","441":"-","442":" ","443":"P","444":"o","445":"l","446":"l","447":" ","448":"F","449":"o","450":"r","451":"m","452":" ","453":"s","454":"e","455":"c","456":"t","457":"i","458":"o","459":"n","460":" ","461":"-","462":"-","463":">","464":"\\","465":"n","466":" ","467":" ","468":" ","469":" ","470":"<","471":"s","472":"e","473":"c","474":"t","475":"i","476":"o","477":"n","478":">","479":"\\","480":"n","481":" ","482":" ","483":" ","484":" ","485":" ","486":" ","487":"<","488":"P","489":"o","490":"l","491":"l","492":"F","493":"o","494":"r","495":"m","496":" ","497":"/","498":">","499":"\\","500":"n","501":" ","502":" ","503":" ","504":" ","505":"<","506":"/","507":"s","508":"e","509":"c","510":"t","511":"i","512":"o","513":"n","514":">","515":"\\","516":"n","517":" ","518":" ","519":"<","520":"/","521":"m","522":"a","523":"i","524":"n","525":">","526":"\\","527":"n","528":"<","529":"/","530":"t","531":"e","532":"m","533":"p","534":"l","535":"a","536":"t","537":"e","538":">","539":"\\","540":"n","541":"\\","542":"n","543":"<","544":"s","545":"c","546":"r","547":"i","548":"p","549":"t","550":">","551":"\\","552":"n","553":"i","554":"m","555":"p","556":"o","557":"r","558":"t","559":" ","560":"P","561":"o","562":"l","563":"l","564":"F","565":"o","566":"r","567":"m","568":" ","569":"f","570":"r","571":"o","572":"m","573":" ","574":"\\","575":"\"","576":"@","577":"/","578":"c","579":"o","580":"m","581":"p","582":"o","583":"n","584":"e","585":"n","586":"t","587":"s","588":"/","589":"P","590":"o","591":"l","592":"l","593":"F","594":"o","595":"r","596":"m","597":"/","598":"P","599":"o","600":"l","601":"l","602":"F","603":"o","604":"r","605":"m","606":".","607":"v","608":"u","609":"e","610":"\\","611":"\"","612":";","613":"\\","614":"n","615":"\\","616":"n","617":"e","618":"x","619":"p","620":"o","621":"r","622":"t","623":" ","624":"d","625":"e","626":"f","627":"a","628":"u","629":"l","630":"t","631":" ","632":"{","633":"\\","634":"n","635":" ","636":" ","637":"n","638":"a","639":"m","640":"e","641":":","642":" ","643":"\\","644":"\"","645":"H","646":"o","647":"m","648":"e","649":"P","650":"a","651":"g","652":"e","653":"\\","654":"\"","655":",","656":"\\","657":"n","658":" ","659":" ","660":"c","661":"o","662":"m","663":"p","664":"o","665":"n","666":"e","667":"n","668":"t","669":"s","670":":","671":" ","672":"{","673":"\\","674":"n","675":" ","676":" ","677":" ","678":" ","679":"P","680":"o","681":"l","682":"l","683":"F","684":"o","685":"r","686":"m","687":",","688":"\\","689":"n","690":" ","691":" ","692":"}","693":",","694":"\\","695":"n","696":"}","697":";","698":"\\","699":"n","700":"<","701":"/","702":"s","703":"c","704":"r","705":"i","706":"p","707":"t","708":">","709":"\\","710":"n","711":"\\","712":"n","713":"<","714":"!","715":"-","716":"-","717":" ","718":"A","719":"d","720":"d","721":" ","722":"\\","723":"\"","724":"s","725":"c","726":"o","727":"p","728":"e","729":"d","730":"\\","731":"\"","732":" ","733":"a","734":"t","735":"t","736":"r","737":"i","738":"b","739":"u","740":"t","741":"e","742":" ","743":"t","744":"o","745":" ","746":"l","747":"i","748":"m","749":"i","750":"t","751":" ","752":"C","753":"S","754":"S","755":" ","756":"t","757":"o","758":" ","759":"t","760":"h","761":"i","762":"s","763":" ","764":"c","765":"o","766":"m","767":"p","768":"o","769":"n","770":"e","771":"n","772":"t","773":" ","774":"o","775":"n","776":"l","777":"y","778":" ","779":"-","780":"-","781":">","782":"\\","783":"n","784":"<","785":"s","786":"t","787":"y","788":"l","789":"e","790":" ","791":"s","792":"c","793":"o","794":"p","795":"e","796":"d","797":" ","798":"l","799":"a","800":"n","801":"g","802":"=","803":"\\","804":"\"","805":"s","806":"c","807":"s","808":"s","809":"\\","810":"\"","811":">","812":"<","813":"/","814":"s","815":"t","816":"y","817":"l","818":"e","819":">","820":"\\","821":"n","822":"\"","823":"]","824":"}"}}
}
