TN:
SF:src/App.vue
FN:32,render
FNF:1
FNH:0
FNDA:0,render
DA:4,0
DA:5,0
DA:8,0
DA:25,0
DA:27,0
DA:30,0
DA:31,0
DA:33,0
DA:34,0
DA:35,0
LF:10
LH:0
BRF:0
BRH:0
end_of_record
TN:
SF:src/main.js
FNF:0
FNH:0
DA:6,0
LF:1
LH:0
BRF:0
BRH:0
end_of_record
TN:
SF:src/components/HelloWorld/HelloWorld.vue
FN:27,render
FNF:1
FNH:1
FNDA:1,render
DA:4,1
DA:7,1
DA:8,1
DA:13,1
DA:15,1
DA:18,1
DA:19,1
DA:20,1
DA:23,1
DA:26,1
DA:28,1
DA:29,1
LF:12
LH:12
BRF:0
BRH:0
end_of_record
TN:
SF:src/components/PollForm/PollForm.vue
FN:27,render
FNF:1
FNH:0
FNDA:0,render
DA:4,0
DA:7,0
DA:8,0
DA:13,0
DA:15,0
DA:18,0
DA:19,0
DA:20,0
DA:23,0
DA:26,0
DA:28,0
DA:29,0
LF:12
LH:0
BRF:0
BRH:0
end_of_record
TN:
SF:src/views/HomePage/HomePage.vue
FN:37,render
FNF:1
FNH:0
FNDA:0,render
DA:4,0
DA:5,0
DA:8,0
DA:25,0
DA:27,0
DA:30,0
DA:31,0
DA:32,0
DA:35,0
DA:38,0
DA:39,0
DA:40,0
LF:12
LH:0
BRF:0
BRH:0
end_of_record
